------------------------------------------------------------------------------------------------------------------------

[2018-11-20 11:16:19 #1 store] 
Database 'C:\Users\Zach-Win\Desktop\w0414043\Prog2200\A6 - Objectdb\ObjectDb\objectdb-2.7.6\db\db.odb' is opened by 5380@DESKTOP-FFSHNUQ

[2018-11-20 11:16:19 #2 store] 
Configuration path: C:\Users\Zach-Win\Desktop\w0414043\Prog2200\A6 - Objectdb\ObjectDb\objectdb-2.7.6\objectdb.conf

------------------------------------------------------------------------------------------------------------------------

[2018-11-20 11:16:25 #1 store] 
Database 'C:\Users\Zach-Win\Desktop\w0414043\Prog2200\A6 - Objectdb\ObjectDb\objectdb-2.7.6\db\db.odb' has been recovered (tr. 1-2)

[2018-11-20 11:16:25 #2 store] 
Database 'C:\Users\Zach-Win\Desktop\w0414043\Prog2200\A6 - Objectdb\ObjectDb\objectdb-2.7.6\db\db.odb' is opened by 7552@DESKTOP-FFSHNUQ

[2018-11-20 11:16:25 #3 store] 
Configuration path: C:\Users\Zach-Win\Desktop\w0414043\Prog2200\A6 - Objectdb\ObjectDb\objectdb-2.7.6\objectdb.conf

------------------------------------------------------------------------------------------------------------------------

[2018-11-20 11:16:33 #1 store] 
Database 'C:\Users\Zach-Win\Desktop\w0414043\Prog2200\A6 - Objectdb\ObjectDb\objectdb-2.7.6\db\db.odb' is opened by 6140@DESKTOP-FFSHNUQ

[2018-11-20 11:16:33 #2 store] 
Configuration path: C:\Users\Zach-Win\Desktop\w0414043\Prog2200\A6 - Objectdb\ObjectDb\objectdb-2.7.6\objectdb.conf

------------------------------------------------------------------------------------------------------------------------

[2018-11-20 11:17:12 #1 store] 
Database 'C:\Users\Zach-Win\Desktop\w0414043\Prog2200\A6 - Objectdb\ObjectDb\objectdb-2.7.6\db\db.odb' is opened by 2676@DESKTOP-FFSHNUQ

[2018-11-20 11:17:12 #2 store] 
Configuration path: C:\Users\Zach-Win\Desktop\w0414043\Prog2200\A6 - Objectdb\ObjectDb\objectdb-2.7.6\objectdb.conf

------------------------------------------------------------------------------------------------------------------------

[2018-11-20 11:22:05 #1 store] 
Database 'C:\Users\Zach-Win\Desktop\w0414043\Prog2200\A6 - Objectdb\ObjectDb\objectdb-2.7.6\db\db.odb' is opened by 6760@DESKTOP-FFSHNUQ

[2018-11-20 11:22:05 #2 store] 
Configuration path: C:\Users\Zach-Win\Desktop\w0414043\Prog2200\A6 - Objectdb\ObjectDb\objectdb-2.7.6\objectdb.conf

------------------------------------------------------------------------------------------------------------------------

[2018-11-20 11:22:30 #1 store] 
Database 'C:\Users\Zach-Win\Desktop\w0414043\Prog2200\A6 - Objectdb\ObjectDb\objectdb-2.7.6\db\db.odb' is opened by 9420@DESKTOP-FFSHNUQ

[2018-11-20 11:22:30 #2 store] 
Configuration path: C:\Users\Zach-Win\Desktop\w0414043\Prog2200\A6 - Objectdb\ObjectDb\objectdb-2.7.6\objectdb.conf

------------------------------------------------------------------------------------------------------------------------

[2018-11-20 11:25:22 #1 store] 
Database 'C:\Users\Zach-Win\Desktop\w0414043\Prog2200\A6 - Objectdb\ObjectDb\objectdb-2.7.6\db\db.odb' is opened by 6664@DESKTOP-FFSHNUQ

[2018-11-20 11:25:22 #2 store] 
Configuration path: C:\Users\Zach-Win\Desktop\w0414043\Prog2200\A6 - Objectdb\ObjectDb\objectdb-2.7.6\objectdb.conf

------------------------------------------------------------------------------------------------------------------------

[2018-11-20 11:32:00 #1 store] 
Database 'C:\Users\Zach-Win\Desktop\w0414043\Prog2200\A6 - Objectdb\ObjectDb\objectdb-2.7.6\db\db.odb' is opened by 4160@DESKTOP-FFSHNUQ

[2018-11-20 11:32:00 #2 store] 
Configuration path: C:\Users\Zach-Win\Desktop\w0414043\Prog2200\A6 - Objectdb\ObjectDb\objectdb-2.7.6\objectdb.conf

------------------------------------------------------------------------------------------------------------------------

[2018-11-20 11:49:34 #1 store] 
Database 'C:\Users\Zach-Win\Desktop\w0414043\Prog2200\A6 - Objectdb\ObjectDb\objectdb-2.7.6\db\db.odb' is opened by 5656@DESKTOP-FFSHNUQ

[2018-11-20 11:49:34 #2 store] 
Configuration path: C:\Users\Zach-Win\Desktop\w0414043\Prog2200\A6 - Objectdb\ObjectDb\objectdb-2.7.6\objectdb.conf

------------------------------------------------------------------------------------------------------------------------

[2018-11-20 11:50:04 #1 store] 
Database 'C:\Users\Zach-Win\Desktop\w0414043\Prog2200\A6 - Objectdb\ObjectDb\objectdb-2.7.6\db\db.odb' is opened by 3500@DESKTOP-FFSHNUQ

[2018-11-20 11:50:04 #2 store] 
Configuration path: C:\Users\Zach-Win\Desktop\w0414043\Prog2200\A6 - Objectdb\ObjectDb\objectdb-2.7.6\objectdb.conf

------------------------------------------------------------------------------------------------------------------------

[2018-11-20 12:14:31 #1 store] 
Database 'C:\Users\Zach-Win\Desktop\w0414043\Prog2200\A6 - Objectdb\BasicGame\test.odb' is opened by 3452@DESKTOP-FFSHNUQ

[2018-11-20 12:14:31 #2 store] 
Configuration path: C:\Users\Zach-Win\Desktop\w0414043\Prog2200\A6 - Objectdb\ObjectDb\objectdb-2.7.6\objectdb.conf

------------------------------------------------------------------------------------------------------------------------

[2018-11-20 12:16:38 #1 store] 
Database 'C:\Users\Zach-Win\Desktop\w0414043\Prog2200\A6 - Objectdb\BasicGame\test.odb' has been recovered (tr. 1-2)

[2018-11-20 12:16:38 #2 store] 
Database 'C:\Users\Zach-Win\Desktop\w0414043\Prog2200\A6 - Objectdb\BasicGame\test.odb' is opened by 3344@DESKTOP-FFSHNUQ

[2018-11-20 12:16:38 #3 store] 
Configuration path: C:\Users\Zach-Win\Desktop\w0414043\Prog2200\A6 - Objectdb\ObjectDb\objectdb-2.7.6\objectdb.conf

[2018-11-20 12:16:38 #4 type.registry] 
New type Test.TestObject

------------------------------------------------------------------------------------------------------------------------

[2018-11-20 12:17:06 #1 store] 
Database 'C:\Users\Zach-Win\Desktop\w0414043\Prog2200\A6 - Objectdb\BasicGame\test.odb' has been recovered (tr. 3-3)

[2018-11-20 12:17:06 #2 store] 
Database 'C:\Users\Zach-Win\Desktop\w0414043\Prog2200\A6 - Objectdb\BasicGame\test.odb' is opened by 2152@DESKTOP-FFSHNUQ

[2018-11-20 12:17:06 #3 store] 
Configuration path: C:\Users\Zach-Win\Desktop\w0414043\Prog2200\A6 - Objectdb\ObjectDb\objectdb-2.7.6\objectdb.conf

[2018-11-20 12:17:06 #4 type] 
Type Test.TestObject is not enhanced.

------------------------------------------------------------------------------------------------------------------------

[2018-11-20 12:23:43 #1 store] 
Database 'C:\Users\Zach-Win\Desktop\w0414043\Prog2200\A6 - Objectdb\BasicGame\test.odb' has been recovered (tr. 4-5)

[2018-11-20 12:23:43 #2 store] 
Database 'C:\Users\Zach-Win\Desktop\w0414043\Prog2200\A6 - Objectdb\BasicGame\test.odb' is opened by 5968@DESKTOP-FFSHNUQ

[2018-11-20 12:23:43 #3 store] 
Configuration path: C:\Users\Zach-Win\Desktop\w0414043\Prog2200\A6 - Objectdb\ObjectDb\objectdb-2.7.6\objectdb.conf

[2018-11-20 12:23:43 #4 type] 
Type Test.TestObject is not enhanced.

------------------------------------------------------------------------------------------------------------------------

[2018-11-20 12:24:24 #1 store] 
Database 'C:\Users\Zach-Win\Desktop\w0414043\Prog2200\A6 - Objectdb\BasicGame\test.odb' has been recovered (tr. 6-6)

[2018-11-20 12:24:24 #2 store] 
Database 'C:\Users\Zach-Win\Desktop\w0414043\Prog2200\A6 - Objectdb\BasicGame\test.odb' is opened by 4256@DESKTOP-FFSHNUQ

[2018-11-20 12:24:24 #3 store] 
Configuration path: C:\Users\Zach-Win\Desktop\w0414043\Prog2200\A6 - Objectdb\ObjectDb\objectdb-2.7.6\objectdb.conf

[2018-11-20 12:24:25 #4 type] 
Type Test.TestObject is not enhanced.

------------------------------------------------------------------------------------------------------------------------

[2018-11-20 12:24:49 #1 store] 
Database 'C:\Users\Zach-Win\Desktop\w0414043\Prog2200\A6 - Objectdb\BasicGame\VehicleDB.odb' is opened by 1248@DESKTOP-FFSHNUQ

[2018-11-20 12:24:49 #2 store] 
Configuration path: C:\Users\Zach-Win\Desktop\w0414043\Prog2200\A6 - Objectdb\ObjectDb\objectdb-2.7.6\objectdb.conf

[2018-11-20 12:24:51 #3 type.registry] 
New type mygame.Vehicle

[2018-11-20 12:24:51 #4 type] 
Type mygame.Vehicle is not enhanced.

[2018-11-20 12:24:51 #5 type.registry] 
New type mygame.Steer$Steering_wheel

------------------------------------------------------------------------------------------------------------------------

[2018-11-20 12:24:59 #1 store] 
Database 'C:\Users\Zach-Win\Desktop\w0414043\Prog2200\A6 - Objectdb\BasicGame\VehicleDB.odb' has been recovered (tr. 1-3)

[2018-11-20 12:24:59 #2 store] 
Database 'C:\Users\Zach-Win\Desktop\w0414043\Prog2200\A6 - Objectdb\BasicGame\VehicleDB.odb' is opened by 3508@DESKTOP-FFSHNUQ

[2018-11-20 12:24:59 #3 store] 
Configuration path: C:\Users\Zach-Win\Desktop\w0414043\Prog2200\A6 - Objectdb\ObjectDb\objectdb-2.7.6\objectdb.conf

[2018-11-20 12:24:59 #4 type] 
Type mygame.Vehicle is not enhanced.

------------------------------------------------------------------------------------------------------------------------

[2018-11-20 12:25:44 #1 store] 
Database 'C:\Users\Zach-Win\Desktop\w0414043\Prog2200\A6 - Objectdb\BasicGame\VehicleDB.odb' is opened by 3016@DESKTOP-FFSHNUQ

[2018-11-20 12:25:44 #2 store] 
Configuration path: C:\Users\Zach-Win\Desktop\w0414043\Prog2200\A6 - Objectdb\ObjectDb\objectdb-2.7.6\objectdb.conf

[2018-11-20 12:25:44 #3 type] 
Type mygame.Vehicle is not enhanced.

[2018-11-20 12:25:49 #4 type.registry] 
New type mygame.LandVehicle

------------------------------------------------------------------------------------------------------------------------

[2018-11-20 12:26:34 #1 store] 
Database 'C:\Users\Zach-Win\Desktop\w0414043\Prog2200\A6 - Objectdb\BasicGame\VehicleDB.odb' has been recovered (tr. 4-4)

[2018-11-20 12:26:34 #2 store] 
Database 'C:\Users\Zach-Win\Desktop\w0414043\Prog2200\A6 - Objectdb\BasicGame\VehicleDB.odb' is opened by 2912@DESKTOP-FFSHNUQ

[2018-11-20 12:26:34 #3 store] 
Configuration path: C:\Users\Zach-Win\Desktop\w0414043\Prog2200\A6 - Objectdb\ObjectDb\objectdb-2.7.6\objectdb.conf

[2018-11-20 12:26:34 #4 type] 
Type mygame.Vehicle is not enhanced.

[2018-11-20 12:26:34 #5 type] 
Type mygame.LandVehicle is not enhanced.

[2018-11-20 12:26:39 #6 type.registry] 
New type mygame.AirVehicle

[2018-11-20 12:26:39 #7 type] 
Type mygame.AirVehicle is not enhanced.

[2018-11-20 12:26:39 #8 type.registry] 
New type mygame.Steer$Wing

------------------------------------------------------------------------------------------------------------------------

[2018-11-20 12:26:42 #1 store] 
Database 'C:\Users\Zach-Win\Desktop\w0414043\Prog2200\A6 - Objectdb\BasicGame\VehicleDB.odb' has been recovered (tr. 5-12)

[2018-11-20 12:26:42 #2 store] 
Database 'C:\Users\Zach-Win\Desktop\w0414043\Prog2200\A6 - Objectdb\BasicGame\VehicleDB.odb' is opened by 11256@DESKTOP-FFSHNUQ

[2018-11-20 12:26:42 #3 store] 
Configuration path: C:\Users\Zach-Win\Desktop\w0414043\Prog2200\A6 - Objectdb\ObjectDb\objectdb-2.7.6\objectdb.conf

[2018-11-20 12:26:42 #4 type] 
Type mygame.Vehicle is not enhanced.

[2018-11-20 12:26:42 #5 type] 
Type mygame.LandVehicle is not enhanced.

[2018-11-20 12:26:42 #6 type] 
Type mygame.AirVehicle is not enhanced.

------------------------------------------------------------------------------------------------------------------------

[2018-11-20 13:31:33 #1 store.file] 
readTextFile error.

[2018-11-20 13:31:33 #2 store.file] 
java.io.FileNotFoundException: C:\Users\Zach-Win\.objectdb\exolorer.xml (The system cannot find the file specified)
	at java.io.FileInputStream.open0(Native Method)
	at java.io.FileInputStream.open(Unknown Source)
	at java.io.FileInputStream.<init>(Unknown Source)
	at java.io.FileInputStream.<init>(Unknown Source)
	at com.objectdb.o.STH.A(STH.java:717)
	at com.objectdb.o.CNF.<init>(CNF.java:106)
	at com.objectdb.o.CNF.<clinit>(CNF.java:32)
	at com.objectdb.o.MainFrame.init(MainFrame.java:132)
	at com.objectdb.o.EXA.<init>(EXA.java:77)
	at com.objectdb.Explorer$1.run(Explorer.java:57)
	at java.awt.event.InvocationEvent.dispatch(Unknown Source)
	at java.awt.EventQueue.dispatchEventImpl(Unknown Source)
	at java.awt.EventQueue.access$500(Unknown Source)
	at java.awt.EventQueue$3.run(Unknown Source)
	at java.awt.EventQueue$3.run(Unknown Source)
	at java.security.AccessController.doPrivileged(Native Method)
	at java.security.ProtectionDomain$JavaSecurityAccessImpl.doIntersectionPrivilege(Unknown Source)
	at java.awt.EventQueue.dispatchEvent(Unknown Source)
	at java.awt.EventDispatchThread.pumpOneEventForFilters(Unknown Source)
	at java.awt.EventDispatchThread.pumpEventsForFilter(Unknown Source)
	at java.awt.EventDispatchThread.pumpEventsForHierarchy(Unknown Source)
	at java.awt.EventDispatchThread.pumpEvents(Unknown Source)
	at java.awt.EventDispatchThread.pumpEvents(Unknown Source)
	at java.awt.EventDispatchThread.run(Unknown Source)

[2018-11-20 13:31:33 #3 store] 
Database 'C:\Users\Zach-Win\Desktop\w0414043\Prog2200\A6 - Objectdb\BasicGame\VehicleDB.odb' has been recovered (tr. 13-24)

[2018-11-20 13:31:33 #4 store] 
Database 'C:\Users\Zach-Win\Desktop\w0414043\Prog2200\A6 - Objectdb\BasicGame\VehicleDB.odb' is opened by 7096@DESKTOP-FFSHNUQ

[2018-11-20 13:31:33 #5 store] 
Configuration path: C:\Users\Zach-Win\Desktop\w0414043\Prog2200\A6 - Objectdb\ObjectDb\objectdb-2.7.6\objectdb.conf

[2018-11-20 13:31:33 #6 store.file] 
readTextFile error.

[2018-11-20 13:31:33 #7 store.file] 
java.io.FileNotFoundException: C:\Users\Zach-Win\.objectdb\exolorer.xml (The system cannot find the file specified)
	at java.io.FileInputStream.open0(Native Method)
	at java.io.FileInputStream.open(Unknown Source)
	at java.io.FileInputStream.<init>(Unknown Source)
	at java.io.FileInputStream.<init>(Unknown Source)
	at com.objectdb.o.STH.A(STH.java:717)
	at com.objectdb.o.CNF.<init>(CNF.java:106)
	at com.objectdb.o.CNF.f(CNF.java:130)
	at com.objectdb.o.CNC.s(CNC.java:119)
	at com.objectdb.o.EXA.<init>(EXA.java:87)
	at com.objectdb.Explorer$1.run(Explorer.java:57)
	at java.awt.event.InvocationEvent.dispatch(Unknown Source)
	at java.awt.EventQueue.dispatchEventImpl(Unknown Source)
	at java.awt.EventQueue.access$500(Unknown Source)
	at java.awt.EventQueue$3.run(Unknown Source)
	at java.awt.EventQueue$3.run(Unknown Source)
	at java.security.AccessController.doPrivileged(Native Method)
	at java.security.ProtectionDomain$JavaSecurityAccessImpl.doIntersectionPrivilege(Unknown Source)
	at java.awt.EventQueue.dispatchEvent(Unknown Source)
	at java.awt.EventDispatchThread.pumpOneEventForFilters(Unknown Source)
	at java.awt.EventDispatchThread.pumpEventsForFilter(Unknown Source)
	at java.awt.EventDispatchThread.pumpEventsForHierarchy(Unknown Source)
	at java.awt.EventDispatchThread.pumpEvents(Unknown Source)
	at java.awt.EventDispatchThread.pumpEvents(Unknown Source)
	at java.awt.EventDispatchThread.run(Unknown Source)

[2018-11-20 13:44:54 #8 store] 
Database 'C:\Users\Zach-Win\Desktop\w0414043\Prog2200\A6 - Objectdb\BasicGame\VehicleDB.odb' is closed by 7096@DESKTOP-FFSHNUQ

------------------------------------------------------------------------------------------------------------------------

[2018-11-20 13:44:57 #1 tools.enhancer] 
com.objectdb.o.UserException: Type objectdb_jdo_05.Shape is not found by the enhancer
	at com.objectdb.o.MSG.a(MSG.java:64)
	at com.objectdb.o.JEL.m(JEL.java:411)
	at com.objectdb.o.JEN.g(JEN.java:101)
	at com.objectdb.Enhancer.enhance(Enhancer.java:69)
	at com.objectdb.Enhancer.enhance(Enhancer.java:90)
	at objectdb.ObjectDB_JDO_05.main(ObjectDB_JDO_05.java:30)

[2018-11-20 13:44:57 #2 tools.enhancer] 
com.objectdb.o.UserException: Type objectdb_jdo_05.Triangle is not found by the enhancer
	at com.objectdb.o.MSG.a(MSG.java:64)
	at com.objectdb.o.JEL.m(JEL.java:411)
	at com.objectdb.o.JEN.g(JEN.java:101)
	at com.objectdb.Enhancer.enhance(Enhancer.java:69)
	at com.objectdb.Enhancer.enhance(Enhancer.java:90)
	at objectdb.ObjectDB_JDO_05.main(ObjectDB_JDO_05.java:31)

[2018-11-20 13:44:57 #3 tools.enhancer] 
com.objectdb.o.UserException: Type objectdb_jdo_05.Square is not found by the enhancer
	at com.objectdb.o.MSG.a(MSG.java:64)
	at com.objectdb.o.JEL.m(JEL.java:411)
	at com.objectdb.o.JEN.g(JEN.java:101)
	at com.objectdb.Enhancer.enhance(Enhancer.java:69)
	at com.objectdb.Enhancer.enhance(Enhancer.java:90)
	at objectdb.ObjectDB_JDO_05.main(ObjectDB_JDO_05.java:32)

[2018-11-20 13:44:57 #4 store] 
Database 'C:\Users\Zach-Win\Desktop\w0414043\Prog2200\A6 - Objectdb\BasicGame\Shapes.odb' is opened by 7336@DESKTOP-FFSHNUQ

[2018-11-20 13:44:57 #5 store] 
Configuration path: C:\Users\Zach-Win\Desktop\w0414043\Prog2200\A6 - Objectdb\ObjectDb\objectdb-2.7.6\objectdb.conf

------------------------------------------------------------------------------------------------------------------------

[2018-11-20 13:45:06 #1 store] 
Database 'C:\Users\Zach-Win\Desktop\w0414043\Prog2200\A6 - Objectdb\BasicGame\VehicleDB.odb' is opened by 8668@DESKTOP-FFSHNUQ

[2018-11-20 13:45:06 #2 store] 
Configuration path: C:\Users\Zach-Win\Desktop\w0414043\Prog2200\A6 - Objectdb\ObjectDb\objectdb-2.7.6\objectdb.conf

[2018-11-20 13:45:06 #3 type] 
Type mygame.Vehicle is not enhanced.

[2018-11-20 13:45:06 #4 type] 
Type mygame.LandVehicle is not enhanced.

[2018-11-20 13:45:06 #5 type] 
Type mygame.AirVehicle is not enhanced.

[2018-11-20 13:45:15 #6 type.registry] 
New type mygame.Motorcycle

[2018-11-20 13:45:15 #7 type] 
Type mygame.Motorcycle is not enhanced.

[2018-11-20 13:45:15 #8 type.registry] 
New type mygame.SAM

[2018-11-20 13:45:15 #9 type] 
Type mygame.SAM is not enhanced.

------------------------------------------------------------------------------------------------------------------------

[2018-11-20 13:45:20 #1 store] 
Database 'C:\Users\Zach-Win\Desktop\w0414043\Prog2200\A6 - Objectdb\BasicGame\VehicleDB.odb' has been recovered (tr. 25-42)

[2018-11-20 13:45:20 #2 store] 
Database 'C:\Users\Zach-Win\Desktop\w0414043\Prog2200\A6 - Objectdb\BasicGame\VehicleDB.odb' is opened by 3104@DESKTOP-FFSHNUQ

[2018-11-20 13:45:20 #3 store] 
Configuration path: C:\Users\Zach-Win\Desktop\w0414043\Prog2200\A6 - Objectdb\ObjectDb\objectdb-2.7.6\objectdb.conf

[2018-11-20 14:17:36 #4 store] 
Database 'C:\Users\Zach-Win\Desktop\w0414043\Prog2200\A6 - Objectdb\BasicGame\VehicleDB.odb' is closed by 3104@DESKTOP-FFSHNUQ

