------------------------------------------------------------------------------------------------------------------------

[2016-11-04 09:33:26 #1 tools.enhancer] 
java.lang.NullPointerException
	at com.objectdb.o.JER.f(JER.java:96)
	at com.objectdb.o.JEL.D(JEL.java:490)
	at com.objectdb.o.JEN.m(JEN.java:103)
	at com.objectdb.Enhancer.enhance(Enhancer.java:69)
	at com.objectdb.Enhancer.enhance(Enhancer.java:90)
	at objectdb_jdo_05.ObjectDB_JDO_05.main(ObjectDB_JDO_05.java:33)

[2016-11-04 09:33:26 #2 store] 
Database 'D:\PROG2200_2016\Module_10_JDO\Shapes.odb' has been recovered (tr. 23-24)

[2016-11-04 09:33:26 #3 store] 
Database 'D:\PROG2200_2016\Module_10_JDO\Shapes.odb' is opened by 1136@ANLT311701

------------------------------------------------------------------------------------------------------------------------

[2016-11-04 13:09:23 #1 tools.enhancer] 
java.lang.NullPointerException
	at com.objectdb.o.JER.f(JER.java:96)
	at com.objectdb.o.JEL.D(JEL.java:490)
	at com.objectdb.o.JEN.m(JEN.java:103)
	at com.objectdb.Enhancer.enhance(Enhancer.java:69)
	at com.objectdb.Enhancer.enhance(Enhancer.java:90)
	at objectdb_jdo_05.ObjectDB_JDO_05.main(ObjectDB_JDO_05.java:33)

------------------------------------------------------------------------------------------------------------------------

[2016-11-04 13:15:21 #1 tools.enhancer] 
java.lang.NullPointerException
	at com.objectdb.o.JER.f(JER.java:96)
	at com.objectdb.o.JEL.D(JEL.java:490)
	at com.objectdb.o.JEN.m(JEN.java:103)
	at com.objectdb.Enhancer.enhance(Enhancer.java:69)
	at com.objectdb.Enhancer.enhance(Enhancer.java:90)
	at objectdb_jdo_05.ObjectDB_JDO_05.main(ObjectDB_JDO_05.java:33)

[2016-11-04 13:15:21 #2 store] 
Database 'D:\PROG2200_2016\Module_10_JDO\Shapes.odb' is opened by 6592@ANLT311701

------------------------------------------------------------------------------------------------------------------------

[2016-11-04 13:18:39 #1 store] 
Database 'D:\PROG2200_2016\Module_10_JDO\Shapes.odb' is opened by 1356@ANLT311701

