/*C55*/SET SCHEMA PUBLIC
CREATE TABLE IF NOT EXISTS VEHICLES (id VARCHAR(20) NOT NULL, object BLOB NOT NULL, PRIMARY KEY(id))
Drop table Vehicles
SET SCHEMA SYSTEM_LOBS
DELETE FROM LOB_IDS WHERE LOB_ID=49
INSERT INTO LOB_IDS VALUES(49,843,0,30)
DELETE FROM LOB_IDS WHERE LOB_ID=50
INSERT INTO LOB_IDS VALUES(50,809,0,30)
DELETE FROM LOB_IDS WHERE LOB_ID=51
INSERT INTO LOB_IDS VALUES(51,808,0,30)
DELETE FROM LOB_IDS WHERE LOB_ID=52
INSERT INTO LOB_IDS VALUES(52,808,0,30)
DELETE FROM LOB_IDS WHERE LOB_ID=53
INSERT INTO LOB_IDS VALUES(53,808,0,30)
DELETE FROM LOB_IDS WHERE LOB_ID=54
INSERT INTO LOB_IDS VALUES(54,981,0,30)
COMMIT
SET SCHEMA PUBLIC
CREATE TABLE IF NOT EXISTS VEHICLES (id VARCHAR(20) NOT NULL, object BLOB NOT NULL, PRIMARY KEY(id))
/*C1*/SET SCHEMA SYSTEM_LOBS
INSERT INTO LOB_IDS VALUES(55,843,0,30)
ALTER SEQUENCE SYSTEM_LOBS.LOB_ID RESTART WITH 56
COMMIT
DELETE FROM BLOCKS WHERE BLOCK_ADDR=54
INSERT INTO BLOCKS VALUES(54,1,0)
INSERT INTO BLOCKS VALUES(55,2147483592,0)
DELETE FROM BLOCKS WHERE BLOCK_ADDR=54
INSERT INTO LOBS VALUES(54,1,0,55)
COMMIT
/*C55*/INSERT INTO VEHICLES VALUES('Car1',55)
SET SCHEMA SYSTEM_LOBS
DELETE FROM LOB_IDS WHERE LOB_ID=55
INSERT INTO LOB_IDS VALUES(55,843,1,30)
COMMIT
/*C1*/INSERT INTO LOB_IDS VALUES(56,809,0,30)
ALTER SEQUENCE SYSTEM_LOBS.LOB_ID RESTART WITH 57
COMMIT
DELETE FROM BLOCKS WHERE BLOCK_ADDR=55
INSERT INTO BLOCKS VALUES(55,1,0)
INSERT INTO BLOCKS VALUES(56,2147483591,0)
DELETE FROM BLOCKS WHERE BLOCK_ADDR=55
INSERT INTO LOBS VALUES(55,1,0,56)
COMMIT
/*C55*/SET SCHEMA PUBLIC
INSERT INTO VEHICLES VALUES('Cycle3',56)
SET SCHEMA SYSTEM_LOBS
DELETE FROM LOB_IDS WHERE LOB_ID=56
INSERT INTO LOB_IDS VALUES(56,809,1,30)
COMMIT
/*C1*/INSERT INTO LOB_IDS VALUES(57,808,0,30)
ALTER SEQUENCE SYSTEM_LOBS.LOB_ID RESTART WITH 58
COMMIT
DELETE FROM BLOCKS WHERE BLOCK_ADDR=56
INSERT INTO BLOCKS VALUES(56,1,0)
INSERT INTO BLOCKS VALUES(57,2147483590,0)
DELETE FROM BLOCKS WHERE BLOCK_ADDR=56
INSERT INTO LOBS VALUES(56,1,0,57)
COMMIT
/*C55*/SET SCHEMA PUBLIC
INSERT INTO VEHICLES VALUES('Cycle4',57)
SET SCHEMA SYSTEM_LOBS
DELETE FROM LOB_IDS WHERE LOB_ID=57
INSERT INTO LOB_IDS VALUES(57,808,1,30)
COMMIT
/*C1*/INSERT INTO LOB_IDS VALUES(58,808,0,30)
ALTER SEQUENCE SYSTEM_LOBS.LOB_ID RESTART WITH 59
COMMIT
DELETE FROM BLOCKS WHERE BLOCK_ADDR=57
INSERT INTO BLOCKS VALUES(57,1,0)
INSERT INTO BLOCKS VALUES(58,2147483589,0)
DELETE FROM BLOCKS WHERE BLOCK_ADDR=57
INSERT INTO LOBS VALUES(57,1,0,58)
COMMIT
/*C55*/SET SCHEMA PUBLIC
INSERT INTO VEHICLES VALUES('Cycle5',58)
SET SCHEMA SYSTEM_LOBS
DELETE FROM LOB_IDS WHERE LOB_ID=58
INSERT INTO LOB_IDS VALUES(58,808,1,30)
COMMIT
/*C1*/INSERT INTO LOB_IDS VALUES(59,808,0,30)
ALTER SEQUENCE SYSTEM_LOBS.LOB_ID RESTART WITH 60
COMMIT
DELETE FROM BLOCKS WHERE BLOCK_ADDR=58
INSERT INTO BLOCKS VALUES(58,1,0)
INSERT INTO BLOCKS VALUES(59,2147483588,0)
DELETE FROM BLOCKS WHERE BLOCK_ADDR=58
INSERT INTO LOBS VALUES(58,1,0,59)
COMMIT
/*C55*/SET SCHEMA PUBLIC
INSERT INTO VEHICLES VALUES('Cycle6',59)
SET SCHEMA SYSTEM_LOBS
DELETE FROM LOB_IDS WHERE LOB_ID=59
INSERT INTO LOB_IDS VALUES(59,808,1,30)
COMMIT
/*C1*/INSERT INTO LOB_IDS VALUES(60,981,0,30)
ALTER SEQUENCE SYSTEM_LOBS.LOB_ID RESTART WITH 61
COMMIT
DELETE FROM BLOCKS WHERE BLOCK_ADDR=59
INSERT INTO BLOCKS VALUES(59,1,0)
INSERT INTO BLOCKS VALUES(60,2147483587,0)
DELETE FROM BLOCKS WHERE BLOCK_ADDR=59
INSERT INTO LOBS VALUES(59,1,0,60)
COMMIT
/*C55*/SET SCHEMA PUBLIC
INSERT INTO VEHICLES VALUES('Plane2',60)
SET SCHEMA SYSTEM_LOBS
DELETE FROM LOB_IDS WHERE LOB_ID=60
INSERT INTO LOB_IDS VALUES(60,981,1,30)
COMMIT
/*C1*/INSERT INTO LOB_IDS VALUES(61,975,0,30)
ALTER SEQUENCE SYSTEM_LOBS.LOB_ID RESTART WITH 62
COMMIT
DELETE FROM BLOCKS WHERE BLOCK_ADDR=60
INSERT INTO BLOCKS VALUES(60,1,0)
INSERT INTO BLOCKS VALUES(61,2147483586,0)
DELETE FROM BLOCKS WHERE BLOCK_ADDR=60
INSERT INTO LOBS VALUES(60,1,0,61)
COMMIT
/*C55*/SET SCHEMA PUBLIC
INSERT INTO VEHICLES VALUES('Plane7',61)
SET SCHEMA SYSTEM_LOBS
DELETE FROM LOB_IDS WHERE LOB_ID=61
INSERT INTO LOB_IDS VALUES(61,975,1,30)
COMMIT
/*C1*/INSERT INTO LOB_IDS VALUES(62,841,0,30)
ALTER SEQUENCE SYSTEM_LOBS.LOB_ID RESTART WITH 63
COMMIT
DELETE FROM BLOCKS WHERE BLOCK_ADDR=61
INSERT INTO BLOCKS VALUES(61,1,0)
INSERT INTO BLOCKS VALUES(62,2147483585,0)
DELETE FROM BLOCKS WHERE BLOCK_ADDR=61
INSERT INTO LOBS VALUES(61,1,0,62)
COMMIT
/*C55*/SET SCHEMA PUBLIC
INSERT INTO VEHICLES VALUES('Car8',62)
SET SCHEMA SYSTEM_LOBS
DELETE FROM LOB_IDS WHERE LOB_ID=62
INSERT INTO LOB_IDS VALUES(62,841,1,30)
COMMIT
SET SCHEMA PUBLIC
DISCONNECT
/*C56*/SET SCHEMA PUBLIC
CREATE TABLE IF NOT EXISTS VEHICLES (id VARCHAR(20) NOT NULL, object BLOB NOT NULL, PRIMARY KEY(id))
Drop table Vehicles
SET SCHEMA SYSTEM_LOBS
DELETE FROM LOB_IDS WHERE LOB_ID=55
INSERT INTO LOB_IDS VALUES(55,843,0,30)
DELETE FROM LOB_IDS WHERE LOB_ID=62
INSERT INTO LOB_IDS VALUES(62,841,0,30)
DELETE FROM LOB_IDS WHERE LOB_ID=56
INSERT INTO LOB_IDS VALUES(56,809,0,30)
DELETE FROM LOB_IDS WHERE LOB_ID=57
INSERT INTO LOB_IDS VALUES(57,808,0,30)
DELETE FROM LOB_IDS WHERE LOB_ID=58
INSERT INTO LOB_IDS VALUES(58,808,0,30)
DELETE FROM LOB_IDS WHERE LOB_ID=59
INSERT INTO LOB_IDS VALUES(59,808,0,30)
DELETE FROM LOB_IDS WHERE LOB_ID=60
INSERT INTO LOB_IDS VALUES(60,981,0,30)
DELETE FROM LOB_IDS WHERE LOB_ID=61
INSERT INTO LOB_IDS VALUES(61,975,0,30)
COMMIT
SET SCHEMA PUBLIC
CREATE TABLE IF NOT EXISTS VEHICLES (id VARCHAR(20) NOT NULL, object BLOB NOT NULL, PRIMARY KEY(id))
/*C1*/INSERT INTO LOB_IDS VALUES(63,843,0,30)
ALTER SEQUENCE SYSTEM_LOBS.LOB_ID RESTART WITH 64
COMMIT
DELETE FROM BLOCKS WHERE BLOCK_ADDR=62
INSERT INTO BLOCKS VALUES(62,1,0)
INSERT INTO BLOCKS VALUES(63,2147483584,0)
DELETE FROM BLOCKS WHERE BLOCK_ADDR=62
INSERT INTO LOBS VALUES(62,1,0,63)
COMMIT
/*C56*/INSERT INTO VEHICLES VALUES('Car1',63)
SET SCHEMA SYSTEM_LOBS
DELETE FROM LOB_IDS WHERE LOB_ID=63
INSERT INTO LOB_IDS VALUES(63,843,1,30)
COMMIT
/*C1*/INSERT INTO LOB_IDS VALUES(64,841,0,30)
ALTER SEQUENCE SYSTEM_LOBS.LOB_ID RESTART WITH 65
COMMIT
DELETE FROM BLOCKS WHERE BLOCK_ADDR=63
INSERT INTO BLOCKS VALUES(63,1,0)
INSERT INTO BLOCKS VALUES(64,2147483583,0)
DELETE FROM BLOCKS WHERE BLOCK_ADDR=63
INSERT INTO LOBS VALUES(63,1,0,64)
COMMIT
/*C56*/SET SCHEMA PUBLIC
INSERT INTO VEHICLES VALUES('Car8',64)
SET SCHEMA SYSTEM_LOBS
DELETE FROM LOB_IDS WHERE LOB_ID=64
INSERT INTO LOB_IDS VALUES(64,841,1,30)
COMMIT
/*C1*/INSERT INTO LOB_IDS VALUES(65,809,0,30)
ALTER SEQUENCE SYSTEM_LOBS.LOB_ID RESTART WITH 66
COMMIT
DELETE FROM BLOCKS WHERE BLOCK_ADDR=64
INSERT INTO BLOCKS VALUES(64,1,0)
INSERT INTO BLOCKS VALUES(65,2147483582,0)
DELETE FROM BLOCKS WHERE BLOCK_ADDR=64
INSERT INTO LOBS VALUES(64,1,0,65)
COMMIT
/*C56*/SET SCHEMA PUBLIC
INSERT INTO VEHICLES VALUES('Cycle3',65)
SET SCHEMA SYSTEM_LOBS
DELETE FROM LOB_IDS WHERE LOB_ID=65
INSERT INTO LOB_IDS VALUES(65,809,1,30)
COMMIT
/*C1*/INSERT INTO LOB_IDS VALUES(66,808,0,30)
ALTER SEQUENCE SYSTEM_LOBS.LOB_ID RESTART WITH 67
COMMIT
DELETE FROM BLOCKS WHERE BLOCK_ADDR=65
INSERT INTO BLOCKS VALUES(65,1,0)
INSERT INTO BLOCKS VALUES(66,2147483581,0)
DELETE FROM BLOCKS WHERE BLOCK_ADDR=65
INSERT INTO LOBS VALUES(65,1,0,66)
COMMIT
/*C56*/SET SCHEMA PUBLIC
INSERT INTO VEHICLES VALUES('Cycle4',66)
SET SCHEMA SYSTEM_LOBS
DELETE FROM LOB_IDS WHERE LOB_ID=66
INSERT INTO LOB_IDS VALUES(66,808,1,30)
COMMIT
/*C1*/INSERT INTO LOB_IDS VALUES(67,808,0,30)
ALTER SEQUENCE SYSTEM_LOBS.LOB_ID RESTART WITH 68
COMMIT
DELETE FROM BLOCKS WHERE BLOCK_ADDR=66
INSERT INTO BLOCKS VALUES(66,1,0)
INSERT INTO BLOCKS VALUES(67,2147483580,0)
DELETE FROM BLOCKS WHERE BLOCK_ADDR=66
INSERT INTO LOBS VALUES(66,1,0,67)
COMMIT
/*C56*/SET SCHEMA PUBLIC
INSERT INTO VEHICLES VALUES('Cycle5',67)
SET SCHEMA SYSTEM_LOBS
DELETE FROM LOB_IDS WHERE LOB_ID=67
INSERT INTO LOB_IDS VALUES(67,808,1,30)
COMMIT
/*C1*/INSERT INTO LOB_IDS VALUES(68,808,0,30)
ALTER SEQUENCE SYSTEM_LOBS.LOB_ID RESTART WITH 69
COMMIT
DELETE FROM BLOCKS WHERE BLOCK_ADDR=67
INSERT INTO BLOCKS VALUES(67,1,0)
INSERT INTO BLOCKS VALUES(68,2147483579,0)
DELETE FROM BLOCKS WHERE BLOCK_ADDR=67
INSERT INTO LOBS VALUES(67,1,0,68)
COMMIT
/*C56*/SET SCHEMA PUBLIC
INSERT INTO VEHICLES VALUES('Cycle6',68)
SET SCHEMA SYSTEM_LOBS
DELETE FROM LOB_IDS WHERE LOB_ID=68
INSERT INTO LOB_IDS VALUES(68,808,1,30)
COMMIT
/*C1*/INSERT INTO LOB_IDS VALUES(69,981,0,30)
ALTER SEQUENCE SYSTEM_LOBS.LOB_ID RESTART WITH 70
COMMIT
DELETE FROM BLOCKS WHERE BLOCK_ADDR=68
INSERT INTO BLOCKS VALUES(68,1,0)
INSERT INTO BLOCKS VALUES(69,2147483578,0)
DELETE FROM BLOCKS WHERE BLOCK_ADDR=68
INSERT INTO LOBS VALUES(68,1,0,69)
COMMIT
/*C56*/SET SCHEMA PUBLIC
INSERT INTO VEHICLES VALUES('Plane2',69)
SET SCHEMA SYSTEM_LOBS
DELETE FROM LOB_IDS WHERE LOB_ID=69
INSERT INTO LOB_IDS VALUES(69,981,1,30)
COMMIT
/*C1*/INSERT INTO LOB_IDS VALUES(70,975,0,30)
ALTER SEQUENCE SYSTEM_LOBS.LOB_ID RESTART WITH 71
COMMIT
DELETE FROM BLOCKS WHERE BLOCK_ADDR=69
INSERT INTO BLOCKS VALUES(69,1,0)
INSERT INTO BLOCKS VALUES(70,2147483577,0)
DELETE FROM BLOCKS WHERE BLOCK_ADDR=69
INSERT INTO LOBS VALUES(69,1,0,70)
COMMIT
/*C56*/SET SCHEMA PUBLIC
INSERT INTO VEHICLES VALUES('Plane7',70)
SET SCHEMA SYSTEM_LOBS
DELETE FROM LOB_IDS WHERE LOB_ID=70
INSERT INTO LOB_IDS VALUES(70,975,1,30)
COMMIT
SET SCHEMA PUBLIC
DISCONNECT
/*C58*/SET SCHEMA PUBLIC
CREATE TABLE IF NOT EXISTS VEHICLES (id VARCHAR(20) NOT NULL, object BLOB NOT NULL, PRIMARY KEY(id))
Drop table Vehicles
SET SCHEMA SYSTEM_LOBS
DELETE FROM LOB_IDS WHERE LOB_ID=63
INSERT INTO LOB_IDS VALUES(63,843,0,30)
DELETE FROM LOB_IDS WHERE LOB_ID=64
INSERT INTO LOB_IDS VALUES(64,841,0,30)
DELETE FROM LOB_IDS WHERE LOB_ID=65
INSERT INTO LOB_IDS VALUES(65,809,0,30)
DELETE FROM LOB_IDS WHERE LOB_ID=66
INSERT INTO LOB_IDS VALUES(66,808,0,30)
DELETE FROM LOB_IDS WHERE LOB_ID=67
INSERT INTO LOB_IDS VALUES(67,808,0,30)
DELETE FROM LOB_IDS WHERE LOB_ID=68
INSERT INTO LOB_IDS VALUES(68,808,0,30)
DELETE FROM LOB_IDS WHERE LOB_ID=69
INSERT INTO LOB_IDS VALUES(69,981,0,30)
DELETE FROM LOB_IDS WHERE LOB_ID=70
INSERT INTO LOB_IDS VALUES(70,975,0,30)
COMMIT
SET SCHEMA PUBLIC
CREATE TABLE IF NOT EXISTS VEHICLES (id VARCHAR(20) NOT NULL, object BLOB NOT NULL, PRIMARY KEY(id))
/*C1*/INSERT INTO LOB_IDS VALUES(71,843,0,30)
ALTER SEQUENCE SYSTEM_LOBS.LOB_ID RESTART WITH 72
COMMIT
DELETE FROM BLOCKS WHERE BLOCK_ADDR=70
INSERT INTO BLOCKS VALUES(70,1,0)
INSERT INTO BLOCKS VALUES(71,2147483576,0)
DELETE FROM BLOCKS WHERE BLOCK_ADDR=70
INSERT INTO LOBS VALUES(70,1,0,71)
COMMIT
/*C58*/INSERT INTO VEHICLES VALUES('Car1',71)
SET SCHEMA SYSTEM_LOBS
DELETE FROM LOB_IDS WHERE LOB_ID=71
INSERT INTO LOB_IDS VALUES(71,843,1,30)
COMMIT
/*C1*/INSERT INTO LOB_IDS VALUES(72,841,0,30)
ALTER SEQUENCE SYSTEM_LOBS.LOB_ID RESTART WITH 73
COMMIT
DELETE FROM BLOCKS WHERE BLOCK_ADDR=71
INSERT INTO BLOCKS VALUES(71,1,0)
INSERT INTO BLOCKS VALUES(72,2147483575,0)
DELETE FROM BLOCKS WHERE BLOCK_ADDR=71
INSERT INTO LOBS VALUES(71,1,0,72)
COMMIT
/*C58*/SET SCHEMA PUBLIC
INSERT INTO VEHICLES VALUES('Car8',72)
SET SCHEMA SYSTEM_LOBS
DELETE FROM LOB_IDS WHERE LOB_ID=72
INSERT INTO LOB_IDS VALUES(72,841,1,30)
COMMIT
/*C1*/INSERT INTO LOB_IDS VALUES(73,809,0,30)
ALTER SEQUENCE SYSTEM_LOBS.LOB_ID RESTART WITH 74
COMMIT
DELETE FROM BLOCKS WHERE BLOCK_ADDR=72
INSERT INTO BLOCKS VALUES(72,1,0)
INSERT INTO BLOCKS VALUES(73,2147483574,0)
DELETE FROM BLOCKS WHERE BLOCK_ADDR=72
INSERT INTO LOBS VALUES(72,1,0,73)
COMMIT
/*C58*/SET SCHEMA PUBLIC
INSERT INTO VEHICLES VALUES('Cycle3',73)
SET SCHEMA SYSTEM_LOBS
DELETE FROM LOB_IDS WHERE LOB_ID=73
INSERT INTO LOB_IDS VALUES(73,809,1,30)
COMMIT
/*C1*/INSERT INTO LOB_IDS VALUES(74,808,0,30)
ALTER SEQUENCE SYSTEM_LOBS.LOB_ID RESTART WITH 75
COMMIT
DELETE FROM BLOCKS WHERE BLOCK_ADDR=73
INSERT INTO BLOCKS VALUES(73,1,0)
INSERT INTO BLOCKS VALUES(74,2147483573,0)
DELETE FROM BLOCKS WHERE BLOCK_ADDR=73
INSERT INTO LOBS VALUES(73,1,0,74)
COMMIT
/*C58*/SET SCHEMA PUBLIC
INSERT INTO VEHICLES VALUES('Cycle4',74)
SET SCHEMA SYSTEM_LOBS
DELETE FROM LOB_IDS WHERE LOB_ID=74
INSERT INTO LOB_IDS VALUES(74,808,1,30)
COMMIT
/*C1*/INSERT INTO LOB_IDS VALUES(75,808,0,30)
ALTER SEQUENCE SYSTEM_LOBS.LOB_ID RESTART WITH 76
COMMIT
DELETE FROM BLOCKS WHERE BLOCK_ADDR=74
INSERT INTO BLOCKS VALUES(74,1,0)
INSERT INTO BLOCKS VALUES(75,2147483572,0)
DELETE FROM BLOCKS WHERE BLOCK_ADDR=74
INSERT INTO LOBS VALUES(74,1,0,75)
COMMIT
/*C58*/SET SCHEMA PUBLIC
INSERT INTO VEHICLES VALUES('Cycle5',75)
SET SCHEMA SYSTEM_LOBS
DELETE FROM LOB_IDS WHERE LOB_ID=75
INSERT INTO LOB_IDS VALUES(75,808,1,30)
COMMIT
/*C1*/INSERT INTO LOB_IDS VALUES(76,808,0,30)
ALTER SEQUENCE SYSTEM_LOBS.LOB_ID RESTART WITH 77
COMMIT
DELETE FROM BLOCKS WHERE BLOCK_ADDR=75
INSERT INTO BLOCKS VALUES(75,1,0)
INSERT INTO BLOCKS VALUES(76,2147483571,0)
DELETE FROM BLOCKS WHERE BLOCK_ADDR=75
INSERT INTO LOBS VALUES(75,1,0,76)
COMMIT
/*C58*/SET SCHEMA PUBLIC
INSERT INTO VEHICLES VALUES('Cycle6',76)
SET SCHEMA SYSTEM_LOBS
DELETE FROM LOB_IDS WHERE LOB_ID=76
INSERT INTO LOB_IDS VALUES(76,808,1,30)
COMMIT
/*C1*/INSERT INTO LOB_IDS VALUES(77,981,0,30)
ALTER SEQUENCE SYSTEM_LOBS.LOB_ID RESTART WITH 78
COMMIT
DELETE FROM BLOCKS WHERE BLOCK_ADDR=76
INSERT INTO BLOCKS VALUES(76,1,0)
INSERT INTO BLOCKS VALUES(77,2147483570,0)
DELETE FROM BLOCKS WHERE BLOCK_ADDR=76
INSERT INTO LOBS VALUES(76,1,0,77)
COMMIT
/*C58*/SET SCHEMA PUBLIC
INSERT INTO VEHICLES VALUES('Plane2',77)
SET SCHEMA SYSTEM_LOBS
DELETE FROM LOB_IDS WHERE LOB_ID=77
INSERT INTO LOB_IDS VALUES(77,981,1,30)
COMMIT
/*C1*/INSERT INTO LOB_IDS VALUES(78,975,0,30)
ALTER SEQUENCE SYSTEM_LOBS.LOB_ID RESTART WITH 79
COMMIT
DELETE FROM BLOCKS WHERE BLOCK_ADDR=77
INSERT INTO BLOCKS VALUES(77,1,0)
INSERT INTO BLOCKS VALUES(78,2147483569,0)
DELETE FROM BLOCKS WHERE BLOCK_ADDR=77
INSERT INTO LOBS VALUES(77,1,0,78)
COMMIT
/*C58*/SET SCHEMA PUBLIC
INSERT INTO VEHICLES VALUES('Plane7',78)
SET SCHEMA SYSTEM_LOBS
DELETE FROM LOB_IDS WHERE LOB_ID=78
INSERT INTO LOB_IDS VALUES(78,975,1,30)
COMMIT
/*C1*/INSERT INTO LOB_IDS VALUES(79,976,0,30)
ALTER SEQUENCE SYSTEM_LOBS.LOB_ID RESTART WITH 80
COMMIT
DELETE FROM BLOCKS WHERE BLOCK_ADDR=78
INSERT INTO BLOCKS VALUES(78,1,0)
INSERT INTO BLOCKS VALUES(79,2147483568,0)
DELETE FROM BLOCKS WHERE BLOCK_ADDR=78
INSERT INTO LOBS VALUES(78,1,0,79)
COMMIT
/*C58*/SET SCHEMA PUBLIC
INSERT INTO VEHICLES VALUES('Plane9',79)
SET SCHEMA SYSTEM_LOBS
DELETE FROM LOB_IDS WHERE LOB_ID=79
INSERT INTO LOB_IDS VALUES(79,976,1,30)
COMMIT
/*C1*/INSERT INTO LOB_IDS VALUES(80,977,0,30)
ALTER SEQUENCE SYSTEM_LOBS.LOB_ID RESTART WITH 81
COMMIT
DELETE FROM BLOCKS WHERE BLOCK_ADDR=79
INSERT INTO BLOCKS VALUES(79,1,0)
INSERT INTO BLOCKS VALUES(80,2147483567,0)
DELETE FROM BLOCKS WHERE BLOCK_ADDR=79
INSERT INTO LOBS VALUES(79,1,0,80)
COMMIT
/*C58*/SET SCHEMA PUBLIC
INSERT INTO VEHICLES VALUES('Plane10',80)
SET SCHEMA SYSTEM_LOBS
DELETE FROM LOB_IDS WHERE LOB_ID=80
INSERT INTO LOB_IDS VALUES(80,977,1,30)
COMMIT
/*C1*/INSERT INTO LOB_IDS VALUES(81,982,0,30)
ALTER SEQUENCE SYSTEM_LOBS.LOB_ID RESTART WITH 82
COMMIT
DELETE FROM BLOCKS WHERE BLOCK_ADDR=80
INSERT INTO BLOCKS VALUES(80,1,0)
INSERT INTO BLOCKS VALUES(81,2147483566,0)
DELETE FROM BLOCKS WHERE BLOCK_ADDR=80
INSERT INTO LOBS VALUES(80,1,0,81)
COMMIT
/*C58*/SET SCHEMA PUBLIC
INSERT INTO VEHICLES VALUES('Plane11',81)
SET SCHEMA SYSTEM_LOBS
DELETE FROM LOB_IDS WHERE LOB_ID=81
INSERT INTO LOB_IDS VALUES(81,982,1,30)
COMMIT
/*C1*/INSERT INTO LOB_IDS VALUES(82,977,0,30)
ALTER SEQUENCE SYSTEM_LOBS.LOB_ID RESTART WITH 83
COMMIT
DELETE FROM BLOCKS WHERE BLOCK_ADDR=81
INSERT INTO BLOCKS VALUES(81,1,0)
INSERT INTO BLOCKS VALUES(82,2147483565,0)
DELETE FROM BLOCKS WHERE BLOCK_ADDR=81
INSERT INTO LOBS VALUES(81,1,0,82)
COMMIT
/*C58*/SET SCHEMA PUBLIC
INSERT INTO VEHICLES VALUES('Plane12',82)
SET SCHEMA SYSTEM_LOBS
DELETE FROM LOB_IDS WHERE LOB_ID=82
INSERT INTO LOB_IDS VALUES(82,977,1,30)
COMMIT
/*C1*/INSERT INTO LOB_IDS VALUES(83,843,0,30)
ALTER SEQUENCE SYSTEM_LOBS.LOB_ID RESTART WITH 84
COMMIT
DELETE FROM BLOCKS WHERE BLOCK_ADDR=82
INSERT INTO BLOCKS VALUES(82,1,0)
INSERT INTO BLOCKS VALUES(83,2147483564,0)
DELETE FROM BLOCKS WHERE BLOCK_ADDR=82
INSERT INTO LOBS VALUES(82,1,0,83)
COMMIT
/*C58*/SET SCHEMA PUBLIC
INSERT INTO VEHICLES VALUES('Car13',83)
SET SCHEMA SYSTEM_LOBS
DELETE FROM LOB_IDS WHERE LOB_ID=83
INSERT INTO LOB_IDS VALUES(83,843,1,30)
COMMIT
/*C1*/INSERT INTO LOB_IDS VALUES(84,842,0,30)
ALTER SEQUENCE SYSTEM_LOBS.LOB_ID RESTART WITH 85
COMMIT
DELETE FROM BLOCKS WHERE BLOCK_ADDR=83
INSERT INTO BLOCKS VALUES(83,1,0)
INSERT INTO BLOCKS VALUES(84,2147483563,0)
DELETE FROM BLOCKS WHERE BLOCK_ADDR=83
INSERT INTO LOBS VALUES(83,1,0,84)
COMMIT
/*C58*/SET SCHEMA PUBLIC
INSERT INTO VEHICLES VALUES('Car14',84)
SET SCHEMA SYSTEM_LOBS
DELETE FROM LOB_IDS WHERE LOB_ID=84
INSERT INTO LOB_IDS VALUES(84,842,1,30)
COMMIT
/*C1*/INSERT INTO LOB_IDS VALUES(85,843,0,30)
ALTER SEQUENCE SYSTEM_LOBS.LOB_ID RESTART WITH 86
COMMIT
DELETE FROM BLOCKS WHERE BLOCK_ADDR=84
INSERT INTO BLOCKS VALUES(84,1,0)
INSERT INTO BLOCKS VALUES(85,2147483562,0)
DELETE FROM BLOCKS WHERE BLOCK_ADDR=84
INSERT INTO LOBS VALUES(84,1,0,85)
COMMIT
/*C58*/SET SCHEMA PUBLIC
INSERT INTO VEHICLES VALUES('Car15',85)
SET SCHEMA SYSTEM_LOBS
DELETE FROM LOB_IDS WHERE LOB_ID=85
INSERT INTO LOB_IDS VALUES(85,843,1,30)
COMMIT
/*C1*/INSERT INTO LOB_IDS VALUES(86,844,0,30)
ALTER SEQUENCE SYSTEM_LOBS.LOB_ID RESTART WITH 87
COMMIT
DELETE FROM BLOCKS WHERE BLOCK_ADDR=85
INSERT INTO BLOCKS VALUES(85,1,0)
INSERT INTO BLOCKS VALUES(86,2147483561,0)
DELETE FROM BLOCKS WHERE BLOCK_ADDR=85
INSERT INTO LOBS VALUES(85,1,0,86)
COMMIT
/*C58*/SET SCHEMA PUBLIC
INSERT INTO VEHICLES VALUES('Car16',86)
SET SCHEMA SYSTEM_LOBS
DELETE FROM LOB_IDS WHERE LOB_ID=86
INSERT INTO LOB_IDS VALUES(86,844,1,30)
COMMIT
/*C1*/INSERT INTO LOB_IDS VALUES(87,843,0,30)
ALTER SEQUENCE SYSTEM_LOBS.LOB_ID RESTART WITH 88
COMMIT
DELETE FROM BLOCKS WHERE BLOCK_ADDR=86
INSERT INTO BLOCKS VALUES(86,1,0)
INSERT INTO BLOCKS VALUES(87,2147483560,0)
DELETE FROM BLOCKS WHERE BLOCK_ADDR=86
INSERT INTO LOBS VALUES(86,1,0,87)
COMMIT
/*C58*/SET SCHEMA PUBLIC
INSERT INTO VEHICLES VALUES('Car17',87)
SET SCHEMA SYSTEM_LOBS
DELETE FROM LOB_IDS WHERE LOB_ID=87
INSERT INTO LOB_IDS VALUES(87,843,1,30)
COMMIT
/*C1*/INSERT INTO LOB_IDS VALUES(88,843,0,30)
ALTER SEQUENCE SYSTEM_LOBS.LOB_ID RESTART WITH 89
COMMIT
DELETE FROM BLOCKS WHERE BLOCK_ADDR=87
INSERT INTO BLOCKS VALUES(87,1,0)
INSERT INTO BLOCKS VALUES(88,2147483559,0)
DELETE FROM BLOCKS WHERE BLOCK_ADDR=87
INSERT INTO LOBS VALUES(87,1,0,88)
COMMIT
/*C58*/SET SCHEMA PUBLIC
INSERT INTO VEHICLES VALUES('Car18',88)
SET SCHEMA SYSTEM_LOBS
DELETE FROM LOB_IDS WHERE LOB_ID=88
INSERT INTO LOB_IDS VALUES(88,843,1,30)
COMMIT
/*C1*/INSERT INTO LOB_IDS VALUES(89,844,0,30)
ALTER SEQUENCE SYSTEM_LOBS.LOB_ID RESTART WITH 90
COMMIT
DELETE FROM BLOCKS WHERE BLOCK_ADDR=88
INSERT INTO BLOCKS VALUES(88,1,0)
INSERT INTO BLOCKS VALUES(89,2147483558,0)
DELETE FROM BLOCKS WHERE BLOCK_ADDR=88
INSERT INTO LOBS VALUES(88,1,0,89)
COMMIT
/*C58*/SET SCHEMA PUBLIC
INSERT INTO VEHICLES VALUES('Car19',89)
SET SCHEMA SYSTEM_LOBS
DELETE FROM LOB_IDS WHERE LOB_ID=89
INSERT INTO LOB_IDS VALUES(89,844,1,30)
COMMIT
/*C1*/INSERT INTO LOB_IDS VALUES(90,844,0,30)
ALTER SEQUENCE SYSTEM_LOBS.LOB_ID RESTART WITH 91
COMMIT
DELETE FROM BLOCKS WHERE BLOCK_ADDR=89
INSERT INTO BLOCKS VALUES(89,1,0)
INSERT INTO BLOCKS VALUES(90,2147483557,0)
DELETE FROM BLOCKS WHERE BLOCK_ADDR=89
INSERT INTO LOBS VALUES(89,1,0,90)
COMMIT
/*C58*/SET SCHEMA PUBLIC
INSERT INTO VEHICLES VALUES('Car20',90)
SET SCHEMA SYSTEM_LOBS
DELETE FROM LOB_IDS WHERE LOB_ID=90
INSERT INTO LOB_IDS VALUES(90,844,1,30)
COMMIT
/*C1*/INSERT INTO LOB_IDS VALUES(91,842,0,30)
ALTER SEQUENCE SYSTEM_LOBS.LOB_ID RESTART WITH 92
COMMIT
DELETE FROM BLOCKS WHERE BLOCK_ADDR=90
INSERT INTO BLOCKS VALUES(90,1,0)
INSERT INTO BLOCKS VALUES(91,2147483556,0)
DELETE FROM BLOCKS WHERE BLOCK_ADDR=90
INSERT INTO LOBS VALUES(90,1,0,91)
COMMIT
/*C58*/SET SCHEMA PUBLIC
INSERT INTO VEHICLES VALUES('Car21',91)
SET SCHEMA SYSTEM_LOBS
DELETE FROM LOB_IDS WHERE LOB_ID=91
INSERT INTO LOB_IDS VALUES(91,842,1,30)
COMMIT
/*C1*/INSERT INTO LOB_IDS VALUES(92,843,0,30)
ALTER SEQUENCE SYSTEM_LOBS.LOB_ID RESTART WITH 93
COMMIT
DELETE FROM BLOCKS WHERE BLOCK_ADDR=91
INSERT INTO BLOCKS VALUES(91,1,0)
INSERT INTO BLOCKS VALUES(92,2147483555,0)
DELETE FROM BLOCKS WHERE BLOCK_ADDR=91
INSERT INTO LOBS VALUES(91,1,0,92)
COMMIT
/*C58*/SET SCHEMA PUBLIC
INSERT INTO VEHICLES VALUES('Car22',92)
SET SCHEMA SYSTEM_LOBS
DELETE FROM LOB_IDS WHERE LOB_ID=92
INSERT INTO LOB_IDS VALUES(92,843,1,30)
COMMIT
/*C1*/INSERT INTO LOB_IDS VALUES(93,844,0,30)
ALTER SEQUENCE SYSTEM_LOBS.LOB_ID RESTART WITH 94
COMMIT
DELETE FROM BLOCKS WHERE BLOCK_ADDR=92
INSERT INTO BLOCKS VALUES(92,1,0)
INSERT INTO BLOCKS VALUES(93,2147483554,0)
DELETE FROM BLOCKS WHERE BLOCK_ADDR=92
INSERT INTO LOBS VALUES(92,1,0,93)
COMMIT
/*C58*/SET SCHEMA PUBLIC
INSERT INTO VEHICLES VALUES('Car23',93)
SET SCHEMA SYSTEM_LOBS
DELETE FROM LOB_IDS WHERE LOB_ID=93
INSERT INTO LOB_IDS VALUES(93,844,1,30)
COMMIT
/*C1*/INSERT INTO LOB_IDS VALUES(94,844,0,30)
ALTER SEQUENCE SYSTEM_LOBS.LOB_ID RESTART WITH 95
COMMIT
DELETE FROM BLOCKS WHERE BLOCK_ADDR=93
INSERT INTO BLOCKS VALUES(93,1,0)
INSERT INTO BLOCKS VALUES(94,2147483553,0)
DELETE FROM BLOCKS WHERE BLOCK_ADDR=93
INSERT INTO LOBS VALUES(93,1,0,94)
COMMIT
/*C58*/SET SCHEMA PUBLIC
INSERT INTO VEHICLES VALUES('Car24',94)
SET SCHEMA SYSTEM_LOBS
DELETE FROM LOB_IDS WHERE LOB_ID=94
INSERT INTO LOB_IDS VALUES(94,844,1,30)
COMMIT
/*C1*/INSERT INTO LOB_IDS VALUES(95,842,0,30)
ALTER SEQUENCE SYSTEM_LOBS.LOB_ID RESTART WITH 96
COMMIT
DELETE FROM BLOCKS WHERE BLOCK_ADDR=94
INSERT INTO BLOCKS VALUES(94,1,0)
INSERT INTO BLOCKS VALUES(95,2147483552,0)
DELETE FROM BLOCKS WHERE BLOCK_ADDR=94
INSERT INTO LOBS VALUES(94,1,0,95)
COMMIT
/*C58*/SET SCHEMA PUBLIC
INSERT INTO VEHICLES VALUES('Car25',95)
SET SCHEMA SYSTEM_LOBS
DELETE FROM LOB_IDS WHERE LOB_ID=95
INSERT INTO LOB_IDS VALUES(95,842,1,30)
COMMIT
/*C1*/INSERT INTO LOB_IDS VALUES(96,842,0,30)
ALTER SEQUENCE SYSTEM_LOBS.LOB_ID RESTART WITH 97
COMMIT
DELETE FROM BLOCKS WHERE BLOCK_ADDR=95
INSERT INTO BLOCKS VALUES(95,1,0)
INSERT INTO BLOCKS VALUES(96,2147483551,0)
DELETE FROM BLOCKS WHERE BLOCK_ADDR=95
INSERT INTO LOBS VALUES(95,1,0,96)
COMMIT
/*C58*/SET SCHEMA PUBLIC
INSERT INTO VEHICLES VALUES('Car26',96)
SET SCHEMA SYSTEM_LOBS
DELETE FROM LOB_IDS WHERE LOB_ID=96
INSERT INTO LOB_IDS VALUES(96,842,1,30)
COMMIT
/*C1*/INSERT INTO LOB_IDS VALUES(97,842,0,30)
ALTER SEQUENCE SYSTEM_LOBS.LOB_ID RESTART WITH 98
COMMIT
DELETE FROM BLOCKS WHERE BLOCK_ADDR=96
INSERT INTO BLOCKS VALUES(96,1,0)
INSERT INTO BLOCKS VALUES(97,2147483550,0)
DELETE FROM BLOCKS WHERE BLOCK_ADDR=96
INSERT INTO LOBS VALUES(96,1,0,97)
COMMIT
/*C58*/SET SCHEMA PUBLIC
INSERT INTO VEHICLES VALUES('Car27',97)
SET SCHEMA SYSTEM_LOBS
DELETE FROM LOB_IDS WHERE LOB_ID=97
INSERT INTO LOB_IDS VALUES(97,842,1,30)
COMMIT
/*C1*/INSERT INTO LOB_IDS VALUES(98,843,0,30)
ALTER SEQUENCE SYSTEM_LOBS.LOB_ID RESTART WITH 99
COMMIT
DELETE FROM BLOCKS WHERE BLOCK_ADDR=97
INSERT INTO BLOCKS VALUES(97,1,0)
INSERT INTO BLOCKS VALUES(98,2147483549,0)
DELETE FROM BLOCKS WHERE BLOCK_ADDR=97
INSERT INTO LOBS VALUES(97,1,0,98)
COMMIT
/*C58*/SET SCHEMA PUBLIC
INSERT INTO VEHICLES VALUES('Car28',98)
SET SCHEMA SYSTEM_LOBS
DELETE FROM LOB_IDS WHERE LOB_ID=98
INSERT INTO LOB_IDS VALUES(98,843,1,30)
COMMIT
/*C1*/INSERT INTO LOB_IDS VALUES(99,842,0,30)
ALTER SEQUENCE SYSTEM_LOBS.LOB_ID RESTART WITH 100
COMMIT
DELETE FROM BLOCKS WHERE BLOCK_ADDR=98
INSERT INTO BLOCKS VALUES(98,1,0)
INSERT INTO BLOCKS VALUES(99,2147483548,0)
DELETE FROM BLOCKS WHERE BLOCK_ADDR=98
INSERT INTO LOBS VALUES(98,1,0,99)
COMMIT
/*C58*/SET SCHEMA PUBLIC
INSERT INTO VEHICLES VALUES('Car29',99)
SET SCHEMA SYSTEM_LOBS
DELETE FROM LOB_IDS WHERE LOB_ID=99
INSERT INTO LOB_IDS VALUES(99,842,1,30)
COMMIT
/*C1*/INSERT INTO LOB_IDS VALUES(100,844,0,30)
ALTER SEQUENCE SYSTEM_LOBS.LOB_ID RESTART WITH 101
COMMIT
DELETE FROM BLOCKS WHERE BLOCK_ADDR=99
INSERT INTO BLOCKS VALUES(99,1,0)
INSERT INTO BLOCKS VALUES(100,2147483547,0)
DELETE FROM BLOCKS WHERE BLOCK_ADDR=99
INSERT INTO LOBS VALUES(99,1,0,100)
COMMIT
/*C58*/SET SCHEMA PUBLIC
INSERT INTO VEHICLES VALUES('Car30',100)
SET SCHEMA SYSTEM_LOBS
DELETE FROM LOB_IDS WHERE LOB_ID=100
INSERT INTO LOB_IDS VALUES(100,844,1,30)
COMMIT
/*C1*/INSERT INTO LOB_IDS VALUES(101,842,0,30)
ALTER SEQUENCE SYSTEM_LOBS.LOB_ID RESTART WITH 102
COMMIT
DELETE FROM BLOCKS WHERE BLOCK_ADDR=100
INSERT INTO BLOCKS VALUES(100,1,0)
INSERT INTO BLOCKS VALUES(101,2147483546,0)
DELETE FROM BLOCKS WHERE BLOCK_ADDR=100
INSERT INTO LOBS VALUES(100,1,0,101)
COMMIT
/*C58*/SET SCHEMA PUBLIC
INSERT INTO VEHICLES VALUES('Car31',101)
SET SCHEMA SYSTEM_LOBS
DELETE FROM LOB_IDS WHERE LOB_ID=101
INSERT INTO LOB_IDS VALUES(101,842,1,30)
COMMIT
/*C1*/INSERT INTO LOB_IDS VALUES(102,842,0,30)
ALTER SEQUENCE SYSTEM_LOBS.LOB_ID RESTART WITH 103
COMMIT
DELETE FROM BLOCKS WHERE BLOCK_ADDR=101
INSERT INTO BLOCKS VALUES(101,1,0)
INSERT INTO BLOCKS VALUES(102,2147483545,0)
DELETE FROM BLOCKS WHERE BLOCK_ADDR=101
INSERT INTO LOBS VALUES(101,1,0,102)
COMMIT
/*C58*/SET SCHEMA PUBLIC
INSERT INTO VEHICLES VALUES('Car32',102)
SET SCHEMA SYSTEM_LOBS
DELETE FROM LOB_IDS WHERE LOB_ID=102
INSERT INTO LOB_IDS VALUES(102,842,1,30)
COMMIT
/*C1*/INSERT INTO LOB_IDS VALUES(103,844,0,30)
ALTER SEQUENCE SYSTEM_LOBS.LOB_ID RESTART WITH 104
COMMIT
DELETE FROM BLOCKS WHERE BLOCK_ADDR=102
INSERT INTO BLOCKS VALUES(102,1,0)
INSERT INTO BLOCKS VALUES(103,2147483544,0)
DELETE FROM BLOCKS WHERE BLOCK_ADDR=102
INSERT INTO LOBS VALUES(102,1,0,103)
COMMIT
/*C58*/SET SCHEMA PUBLIC
INSERT INTO VEHICLES VALUES('Car33',103)
SET SCHEMA SYSTEM_LOBS
DELETE FROM LOB_IDS WHERE LOB_ID=103
INSERT INTO LOB_IDS VALUES(103,844,1,30)
COMMIT
/*C1*/INSERT INTO LOB_IDS VALUES(104,844,0,30)
ALTER SEQUENCE SYSTEM_LOBS.LOB_ID RESTART WITH 105
COMMIT
DELETE FROM BLOCKS WHERE BLOCK_ADDR=103
INSERT INTO BLOCKS VALUES(103,1,0)
INSERT INTO BLOCKS VALUES(104,2147483543,0)
DELETE FROM BLOCKS WHERE BLOCK_ADDR=103
INSERT INTO LOBS VALUES(103,1,0,104)
COMMIT
/*C58*/SET SCHEMA PUBLIC
INSERT INTO VEHICLES VALUES('Car34',104)
SET SCHEMA SYSTEM_LOBS
DELETE FROM LOB_IDS WHERE LOB_ID=104
INSERT INTO LOB_IDS VALUES(104,844,1,30)
COMMIT
/*C1*/INSERT INTO LOB_IDS VALUES(105,843,0,30)
ALTER SEQUENCE SYSTEM_LOBS.LOB_ID RESTART WITH 106
COMMIT
DELETE FROM BLOCKS WHERE BLOCK_ADDR=104
INSERT INTO BLOCKS VALUES(104,1,0)
INSERT INTO BLOCKS VALUES(105,2147483542,0)
DELETE FROM BLOCKS WHERE BLOCK_ADDR=104
INSERT INTO LOBS VALUES(104,1,0,105)
COMMIT
/*C58*/SET SCHEMA PUBLIC
INSERT INTO VEHICLES VALUES('Car35',105)
SET SCHEMA SYSTEM_LOBS
DELETE FROM LOB_IDS WHERE LOB_ID=105
INSERT INTO LOB_IDS VALUES(105,843,1,30)
COMMIT
/*C1*/INSERT INTO LOB_IDS VALUES(106,842,0,30)
ALTER SEQUENCE SYSTEM_LOBS.LOB_ID RESTART WITH 107
COMMIT
DELETE FROM BLOCKS WHERE BLOCK_ADDR=105
INSERT INTO BLOCKS VALUES(105,1,0)
INSERT INTO BLOCKS VALUES(106,2147483541,0)
DELETE FROM BLOCKS WHERE BLOCK_ADDR=105
INSERT INTO LOBS VALUES(105,1,0,106)
COMMIT
/*C58*/SET SCHEMA PUBLIC
INSERT INTO VEHICLES VALUES('Car36',106)
SET SCHEMA SYSTEM_LOBS
DELETE FROM LOB_IDS WHERE LOB_ID=106
INSERT INTO LOB_IDS VALUES(106,842,1,30)
COMMIT
/*C1*/INSERT INTO LOB_IDS VALUES(107,842,0,30)
ALTER SEQUENCE SYSTEM_LOBS.LOB_ID RESTART WITH 108
COMMIT
DELETE FROM BLOCKS WHERE BLOCK_ADDR=106
INSERT INTO BLOCKS VALUES(106,1,0)
INSERT INTO BLOCKS VALUES(107,2147483540,0)
DELETE FROM BLOCKS WHERE BLOCK_ADDR=106
INSERT INTO LOBS VALUES(106,1,0,107)
COMMIT
/*C58*/SET SCHEMA PUBLIC
INSERT INTO VEHICLES VALUES('Car37',107)
SET SCHEMA SYSTEM_LOBS
DELETE FROM LOB_IDS WHERE LOB_ID=107
INSERT INTO LOB_IDS VALUES(107,842,1,30)
COMMIT
SET SCHEMA PUBLIC
DISCONNECT
/*C59*/SET SCHEMA PUBLIC
CREATE TABLE IF NOT EXISTS VEHICLES (id VARCHAR(20) NOT NULL, object BLOB NOT NULL, PRIMARY KEY(id))
Drop table Vehicles
SET SCHEMA SYSTEM_LOBS
DELETE FROM LOB_IDS WHERE LOB_ID=71
INSERT INTO LOB_IDS VALUES(71,843,0,30)
DELETE FROM LOB_IDS WHERE LOB_ID=83
INSERT INTO LOB_IDS VALUES(83,843,0,30)
DELETE FROM LOB_IDS WHERE LOB_ID=84
INSERT INTO LOB_IDS VALUES(84,842,0,30)
DELETE FROM LOB_IDS WHERE LOB_ID=85
INSERT INTO LOB_IDS VALUES(85,843,0,30)
DELETE FROM LOB_IDS WHERE LOB_ID=86
INSERT INTO LOB_IDS VALUES(86,844,0,30)
DELETE FROM LOB_IDS WHERE LOB_ID=87
INSERT INTO LOB_IDS VALUES(87,843,0,30)
DELETE FROM LOB_IDS WHERE LOB_ID=88
INSERT INTO LOB_IDS VALUES(88,843,0,30)
DELETE FROM LOB_IDS WHERE LOB_ID=89
INSERT INTO LOB_IDS VALUES(89,844,0,30)
DELETE FROM LOB_IDS WHERE LOB_ID=90
INSERT INTO LOB_IDS VALUES(90,844,0,30)
DELETE FROM LOB_IDS WHERE LOB_ID=91
INSERT INTO LOB_IDS VALUES(91,842,0,30)
DELETE FROM LOB_IDS WHERE LOB_ID=92
INSERT INTO LOB_IDS VALUES(92,843,0,30)
DELETE FROM LOB_IDS WHERE LOB_ID=93
INSERT INTO LOB_IDS VALUES(93,844,0,30)
DELETE FROM LOB_IDS WHERE LOB_ID=94
INSERT INTO LOB_IDS VALUES(94,844,0,30)
DELETE FROM LOB_IDS WHERE LOB_ID=95
INSERT INTO LOB_IDS VALUES(95,842,0,30)
DELETE FROM LOB_IDS WHERE LOB_ID=96
INSERT INTO LOB_IDS VALUES(96,842,0,30)
DELETE FROM LOB_IDS WHERE LOB_ID=97
INSERT INTO LOB_IDS VALUES(97,842,0,30)
DELETE FROM LOB_IDS WHERE LOB_ID=98
INSERT INTO LOB_IDS VALUES(98,843,0,30)
DELETE FROM LOB_IDS WHERE LOB_ID=99
INSERT INTO LOB_IDS VALUES(99,842,0,30)
DELETE FROM LOB_IDS WHERE LOB_ID=100
INSERT INTO LOB_IDS VALUES(100,844,0,30)
DELETE FROM LOB_IDS WHERE LOB_ID=101
INSERT INTO LOB_IDS VALUES(101,842,0,30)
DELETE FROM LOB_IDS WHERE LOB_ID=102
INSERT INTO LOB_IDS VALUES(102,842,0,30)
DELETE FROM LOB_IDS WHERE LOB_ID=103
INSERT INTO LOB_IDS VALUES(103,844,0,30)
DELETE FROM LOB_IDS WHERE LOB_ID=104
INSERT INTO LOB_IDS VALUES(104,844,0,30)
DELETE FROM LOB_IDS WHERE LOB_ID=105
INSERT INTO LOB_IDS VALUES(105,843,0,30)
DELETE FROM LOB_IDS WHERE LOB_ID=106
INSERT INTO LOB_IDS VALUES(106,842,0,30)
DELETE FROM LOB_IDS WHERE LOB_ID=107
INSERT INTO LOB_IDS VALUES(107,842,0,30)
DELETE FROM LOB_IDS WHERE LOB_ID=72
INSERT INTO LOB_IDS VALUES(72,841,0,30)
DELETE FROM LOB_IDS WHERE LOB_ID=73
INSERT INTO LOB_IDS VALUES(73,809,0,30)
DELETE FROM LOB_IDS WHERE LOB_ID=74
INSERT INTO LOB_IDS VALUES(74,808,0,30)
DELETE FROM LOB_IDS WHERE LOB_ID=75
INSERT INTO LOB_IDS VALUES(75,808,0,30)
DELETE FROM LOB_IDS WHERE LOB_ID=76
INSERT INTO LOB_IDS VALUES(76,808,0,30)
DELETE FROM LOB_IDS WHERE LOB_ID=80
INSERT INTO LOB_IDS VALUES(80,977,0,30)
DELETE FROM LOB_IDS WHERE LOB_ID=81
INSERT INTO LOB_IDS VALUES(81,982,0,30)
DELETE FROM LOB_IDS WHERE LOB_ID=82
INSERT INTO LOB_IDS VALUES(82,977,0,30)
DELETE FROM LOB_IDS WHERE LOB_ID=77
INSERT INTO LOB_IDS VALUES(77,981,0,30)
DELETE FROM LOB_IDS WHERE LOB_ID=78
INSERT INTO LOB_IDS VALUES(78,975,0,30)
DELETE FROM LOB_IDS WHERE LOB_ID=79
INSERT INTO LOB_IDS VALUES(79,976,0,30)
COMMIT
SET SCHEMA PUBLIC
CREATE TABLE IF NOT EXISTS VEHICLES (id VARCHAR(20) NOT NULL, object BLOB NOT NULL, PRIMARY KEY(id))
/*C1*/INSERT INTO LOB_IDS VALUES(108,843,0,30)
ALTER SEQUENCE SYSTEM_LOBS.LOB_ID RESTART WITH 109
COMMIT
DELETE FROM BLOCKS WHERE BLOCK_ADDR=107
INSERT INTO BLOCKS VALUES(107,1,0)
INSERT INTO BLOCKS VALUES(108,2147483539,0)
DELETE FROM BLOCKS WHERE BLOCK_ADDR=107
INSERT INTO LOBS VALUES(107,1,0,108)
COMMIT
/*C59*/INSERT INTO VEHICLES VALUES('Car1',108)
SET SCHEMA SYSTEM_LOBS
DELETE FROM LOB_IDS WHERE LOB_ID=108
INSERT INTO LOB_IDS VALUES(108,843,1,30)
COMMIT
/*C1*/INSERT INTO LOB_IDS VALUES(109,843,0,30)
ALTER SEQUENCE SYSTEM_LOBS.LOB_ID RESTART WITH 110
COMMIT
DELETE FROM BLOCKS WHERE BLOCK_ADDR=108
INSERT INTO BLOCKS VALUES(108,1,0)
INSERT INTO BLOCKS VALUES(109,2147483538,0)
DELETE FROM BLOCKS WHERE BLOCK_ADDR=108
INSERT INTO LOBS VALUES(108,1,0,109)
COMMIT
/*C59*/SET SCHEMA PUBLIC
INSERT INTO VEHICLES VALUES('Car13',109)
SET SCHEMA SYSTEM_LOBS
DELETE FROM LOB_IDS WHERE LOB_ID=109
INSERT INTO LOB_IDS VALUES(109,843,1,30)
COMMIT
/*C1*/INSERT INTO LOB_IDS VALUES(110,842,0,30)
ALTER SEQUENCE SYSTEM_LOBS.LOB_ID RESTART WITH 111
COMMIT
DELETE FROM BLOCKS WHERE BLOCK_ADDR=109
INSERT INTO BLOCKS VALUES(109,1,0)
INSERT INTO BLOCKS VALUES(110,2147483537,0)
DELETE FROM BLOCKS WHERE BLOCK_ADDR=109
INSERT INTO LOBS VALUES(109,1,0,110)
COMMIT
/*C59*/SET SCHEMA PUBLIC
INSERT INTO VEHICLES VALUES('Car14',110)
SET SCHEMA SYSTEM_LOBS
DELETE FROM LOB_IDS WHERE LOB_ID=110
INSERT INTO LOB_IDS VALUES(110,842,1,30)
COMMIT
/*C1*/INSERT INTO LOB_IDS VALUES(111,843,0,30)
ALTER SEQUENCE SYSTEM_LOBS.LOB_ID RESTART WITH 112
COMMIT
DELETE FROM BLOCKS WHERE BLOCK_ADDR=110
INSERT INTO BLOCKS VALUES(110,1,0)
INSERT INTO BLOCKS VALUES(111,2147483536,0)
DELETE FROM BLOCKS WHERE BLOCK_ADDR=110
INSERT INTO LOBS VALUES(110,1,0,111)
COMMIT
/*C59*/SET SCHEMA PUBLIC
INSERT INTO VEHICLES VALUES('Car15',111)
SET SCHEMA SYSTEM_LOBS
DELETE FROM LOB_IDS WHERE LOB_ID=111
INSERT INTO LOB_IDS VALUES(111,843,1,30)
COMMIT
/*C1*/INSERT INTO LOB_IDS VALUES(112,844,0,30)
ALTER SEQUENCE SYSTEM_LOBS.LOB_ID RESTART WITH 113
COMMIT
DELETE FROM BLOCKS WHERE BLOCK_ADDR=111
INSERT INTO BLOCKS VALUES(111,1,0)
INSERT INTO BLOCKS VALUES(112,2147483535,0)
DELETE FROM BLOCKS WHERE BLOCK_ADDR=111
INSERT INTO LOBS VALUES(111,1,0,112)
COMMIT
/*C59*/SET SCHEMA PUBLIC
INSERT INTO VEHICLES VALUES('Car16',112)
SET SCHEMA SYSTEM_LOBS
DELETE FROM LOB_IDS WHERE LOB_ID=112
INSERT INTO LOB_IDS VALUES(112,844,1,30)
COMMIT
/*C1*/INSERT INTO LOB_IDS VALUES(113,843,0,30)
ALTER SEQUENCE SYSTEM_LOBS.LOB_ID RESTART WITH 114
COMMIT
DELETE FROM BLOCKS WHERE BLOCK_ADDR=112
INSERT INTO BLOCKS VALUES(112,1,0)
INSERT INTO BLOCKS VALUES(113,2147483534,0)
DELETE FROM BLOCKS WHERE BLOCK_ADDR=112
INSERT INTO LOBS VALUES(112,1,0,113)
COMMIT
/*C59*/SET SCHEMA PUBLIC
INSERT INTO VEHICLES VALUES('Car17',113)
SET SCHEMA SYSTEM_LOBS
DELETE FROM LOB_IDS WHERE LOB_ID=113
INSERT INTO LOB_IDS VALUES(113,843,1,30)
COMMIT
/*C1*/INSERT INTO LOB_IDS VALUES(114,843,0,30)
ALTER SEQUENCE SYSTEM_LOBS.LOB_ID RESTART WITH 115
COMMIT
DELETE FROM BLOCKS WHERE BLOCK_ADDR=113
INSERT INTO BLOCKS VALUES(113,1,0)
INSERT INTO BLOCKS VALUES(114,2147483533,0)
DELETE FROM BLOCKS WHERE BLOCK_ADDR=113
INSERT INTO LOBS VALUES(113,1,0,114)
COMMIT
/*C59*/SET SCHEMA PUBLIC
INSERT INTO VEHICLES VALUES('Car18',114)
SET SCHEMA SYSTEM_LOBS
DELETE FROM LOB_IDS WHERE LOB_ID=114
INSERT INTO LOB_IDS VALUES(114,843,1,30)
COMMIT
/*C1*/INSERT INTO LOB_IDS VALUES(115,844,0,30)
ALTER SEQUENCE SYSTEM_LOBS.LOB_ID RESTART WITH 116
COMMIT
DELETE FROM BLOCKS WHERE BLOCK_ADDR=114
INSERT INTO BLOCKS VALUES(114,1,0)
INSERT INTO BLOCKS VALUES(115,2147483532,0)
DELETE FROM BLOCKS WHERE BLOCK_ADDR=114
INSERT INTO LOBS VALUES(114,1,0,115)
COMMIT
/*C59*/SET SCHEMA PUBLIC
INSERT INTO VEHICLES VALUES('Car19',115)
SET SCHEMA SYSTEM_LOBS
DELETE FROM LOB_IDS WHERE LOB_ID=115
INSERT INTO LOB_IDS VALUES(115,844,1,30)
COMMIT
/*C1*/INSERT INTO LOB_IDS VALUES(116,844,0,30)
ALTER SEQUENCE SYSTEM_LOBS.LOB_ID RESTART WITH 117
COMMIT
DELETE FROM BLOCKS WHERE BLOCK_ADDR=115
INSERT INTO BLOCKS VALUES(115,1,0)
INSERT INTO BLOCKS VALUES(116,2147483531,0)
DELETE FROM BLOCKS WHERE BLOCK_ADDR=115
INSERT INTO LOBS VALUES(115,1,0,116)
COMMIT
/*C59*/SET SCHEMA PUBLIC
INSERT INTO VEHICLES VALUES('Car20',116)
SET SCHEMA SYSTEM_LOBS
DELETE FROM LOB_IDS WHERE LOB_ID=116
INSERT INTO LOB_IDS VALUES(116,844,1,30)
COMMIT
/*C1*/INSERT INTO LOB_IDS VALUES(117,842,0,30)
ALTER SEQUENCE SYSTEM_LOBS.LOB_ID RESTART WITH 118
COMMIT
DELETE FROM BLOCKS WHERE BLOCK_ADDR=116
INSERT INTO BLOCKS VALUES(116,1,0)
INSERT INTO BLOCKS VALUES(117,2147483530,0)
DELETE FROM BLOCKS WHERE BLOCK_ADDR=116
INSERT INTO LOBS VALUES(116,1,0,117)
COMMIT
/*C59*/SET SCHEMA PUBLIC
INSERT INTO VEHICLES VALUES('Car21',117)
SET SCHEMA SYSTEM_LOBS
DELETE FROM LOB_IDS WHERE LOB_ID=117
INSERT INTO LOB_IDS VALUES(117,842,1,30)
COMMIT
/*C1*/INSERT INTO LOB_IDS VALUES(118,843,0,30)
ALTER SEQUENCE SYSTEM_LOBS.LOB_ID RESTART WITH 119
COMMIT
DELETE FROM BLOCKS WHERE BLOCK_ADDR=117
INSERT INTO BLOCKS VALUES(117,1,0)
INSERT INTO BLOCKS VALUES(118,2147483529,0)
DELETE FROM BLOCKS WHERE BLOCK_ADDR=117
INSERT INTO LOBS VALUES(117,1,0,118)
COMMIT
/*C59*/SET SCHEMA PUBLIC
INSERT INTO VEHICLES VALUES('Car22',118)
SET SCHEMA SYSTEM_LOBS
DELETE FROM LOB_IDS WHERE LOB_ID=118
INSERT INTO LOB_IDS VALUES(118,843,1,30)
COMMIT
/*C1*/INSERT INTO LOB_IDS VALUES(119,844,0,30)
ALTER SEQUENCE SYSTEM_LOBS.LOB_ID RESTART WITH 120
COMMIT
DELETE FROM BLOCKS WHERE BLOCK_ADDR=118
INSERT INTO BLOCKS VALUES(118,1,0)
INSERT INTO BLOCKS VALUES(119,2147483528,0)
DELETE FROM BLOCKS WHERE BLOCK_ADDR=118
INSERT INTO LOBS VALUES(118,1,0,119)
COMMIT
/*C59*/SET SCHEMA PUBLIC
INSERT INTO VEHICLES VALUES('Car23',119)
SET SCHEMA SYSTEM_LOBS
DELETE FROM LOB_IDS WHERE LOB_ID=119
INSERT INTO LOB_IDS VALUES(119,844,1,30)
COMMIT
/*C1*/INSERT INTO LOB_IDS VALUES(120,844,0,30)
ALTER SEQUENCE SYSTEM_LOBS.LOB_ID RESTART WITH 121
COMMIT
DELETE FROM BLOCKS WHERE BLOCK_ADDR=119
INSERT INTO BLOCKS VALUES(119,1,0)
INSERT INTO BLOCKS VALUES(120,2147483527,0)
DELETE FROM BLOCKS WHERE BLOCK_ADDR=119
INSERT INTO LOBS VALUES(119,1,0,120)
COMMIT
/*C59*/SET SCHEMA PUBLIC
INSERT INTO VEHICLES VALUES('Car24',120)
SET SCHEMA SYSTEM_LOBS
DELETE FROM LOB_IDS WHERE LOB_ID=120
INSERT INTO LOB_IDS VALUES(120,844,1,30)
COMMIT
/*C1*/INSERT INTO LOB_IDS VALUES(121,842,0,30)
ALTER SEQUENCE SYSTEM_LOBS.LOB_ID RESTART WITH 122
COMMIT
DELETE FROM BLOCKS WHERE BLOCK_ADDR=120
INSERT INTO BLOCKS VALUES(120,1,0)
INSERT INTO BLOCKS VALUES(121,2147483526,0)
DELETE FROM BLOCKS WHERE BLOCK_ADDR=120
INSERT INTO LOBS VALUES(120,1,0,121)
COMMIT
/*C59*/SET SCHEMA PUBLIC
INSERT INTO VEHICLES VALUES('Car25',121)
SET SCHEMA SYSTEM_LOBS
DELETE FROM LOB_IDS WHERE LOB_ID=121
INSERT INTO LOB_IDS VALUES(121,842,1,30)
COMMIT
/*C1*/INSERT INTO LOB_IDS VALUES(122,842,0,30)
ALTER SEQUENCE SYSTEM_LOBS.LOB_ID RESTART WITH 123
COMMIT
DELETE FROM BLOCKS WHERE BLOCK_ADDR=121
INSERT INTO BLOCKS VALUES(121,1,0)
INSERT INTO BLOCKS VALUES(122,2147483525,0)
DELETE FROM BLOCKS WHERE BLOCK_ADDR=121
INSERT INTO LOBS VALUES(121,1,0,122)
COMMIT
/*C59*/SET SCHEMA PUBLIC
INSERT INTO VEHICLES VALUES('Car26',122)
SET SCHEMA SYSTEM_LOBS
DELETE FROM LOB_IDS WHERE LOB_ID=122
INSERT INTO LOB_IDS VALUES(122,842,1,30)
COMMIT
/*C1*/INSERT INTO LOB_IDS VALUES(123,842,0,30)
ALTER SEQUENCE SYSTEM_LOBS.LOB_ID RESTART WITH 124
COMMIT
DELETE FROM BLOCKS WHERE BLOCK_ADDR=122
INSERT INTO BLOCKS VALUES(122,1,0)
INSERT INTO BLOCKS VALUES(123,2147483524,0)
DELETE FROM BLOCKS WHERE BLOCK_ADDR=122
INSERT INTO LOBS VALUES(122,1,0,123)
COMMIT
/*C59*/SET SCHEMA PUBLIC
INSERT INTO VEHICLES VALUES('Car27',123)
SET SCHEMA SYSTEM_LOBS
DELETE FROM LOB_IDS WHERE LOB_ID=123
INSERT INTO LOB_IDS VALUES(123,842,1,30)
COMMIT
/*C1*/INSERT INTO LOB_IDS VALUES(124,843,0,30)
ALTER SEQUENCE SYSTEM_LOBS.LOB_ID RESTART WITH 125
COMMIT
DELETE FROM BLOCKS WHERE BLOCK_ADDR=123
INSERT INTO BLOCKS VALUES(123,1,0)
INSERT INTO BLOCKS VALUES(124,2147483523,0)
DELETE FROM BLOCKS WHERE BLOCK_ADDR=123
INSERT INTO LOBS VALUES(123,1,0,124)
COMMIT
/*C59*/SET SCHEMA PUBLIC
INSERT INTO VEHICLES VALUES('Car28',124)
SET SCHEMA SYSTEM_LOBS
DELETE FROM LOB_IDS WHERE LOB_ID=124
INSERT INTO LOB_IDS VALUES(124,843,1,30)
COMMIT
/*C1*/INSERT INTO LOB_IDS VALUES(125,842,0,30)
ALTER SEQUENCE SYSTEM_LOBS.LOB_ID RESTART WITH 126
COMMIT
DELETE FROM BLOCKS WHERE BLOCK_ADDR=124
INSERT INTO BLOCKS VALUES(124,1,0)
INSERT INTO BLOCKS VALUES(125,2147483522,0)
DELETE FROM BLOCKS WHERE BLOCK_ADDR=124
INSERT INTO LOBS VALUES(124,1,0,125)
COMMIT
/*C59*/SET SCHEMA PUBLIC
INSERT INTO VEHICLES VALUES('Car29',125)
SET SCHEMA SYSTEM_LOBS
DELETE FROM LOB_IDS WHERE LOB_ID=125
INSERT INTO LOB_IDS VALUES(125,842,1,30)
COMMIT
/*C1*/INSERT INTO LOB_IDS VALUES(126,844,0,30)
ALTER SEQUENCE SYSTEM_LOBS.LOB_ID RESTART WITH 127
COMMIT
DELETE FROM BLOCKS WHERE BLOCK_ADDR=125
INSERT INTO BLOCKS VALUES(125,1,0)
INSERT INTO BLOCKS VALUES(126,2147483521,0)
DELETE FROM BLOCKS WHERE BLOCK_ADDR=125
INSERT INTO LOBS VALUES(125,1,0,126)
COMMIT
/*C59*/SET SCHEMA PUBLIC
INSERT INTO VEHICLES VALUES('Car30',126)
SET SCHEMA SYSTEM_LOBS
DELETE FROM LOB_IDS WHERE LOB_ID=126
INSERT INTO LOB_IDS VALUES(126,844,1,30)
COMMIT
/*C1*/INSERT INTO LOB_IDS VALUES(127,842,0,30)
ALTER SEQUENCE SYSTEM_LOBS.LOB_ID RESTART WITH 128
COMMIT
DELETE FROM BLOCKS WHERE BLOCK_ADDR=126
INSERT INTO BLOCKS VALUES(126,1,0)
INSERT INTO BLOCKS VALUES(127,2147483520,0)
DELETE FROM BLOCKS WHERE BLOCK_ADDR=126
INSERT INTO LOBS VALUES(126,1,0,127)
COMMIT
/*C59*/SET SCHEMA PUBLIC
INSERT INTO VEHICLES VALUES('Car31',127)
SET SCHEMA SYSTEM_LOBS
DELETE FROM LOB_IDS WHERE LOB_ID=127
INSERT INTO LOB_IDS VALUES(127,842,1,30)
COMMIT
/*C1*/INSERT INTO LOB_IDS VALUES(128,842,0,30)
ALTER SEQUENCE SYSTEM_LOBS.LOB_ID RESTART WITH 129
COMMIT
DELETE FROM BLOCKS WHERE BLOCK_ADDR=127
INSERT INTO BLOCKS VALUES(127,1,0)
INSERT INTO BLOCKS VALUES(128,2147483519,0)
DELETE FROM BLOCKS WHERE BLOCK_ADDR=127
INSERT INTO LOBS VALUES(127,1,0,128)
COMMIT
/*C59*/SET SCHEMA PUBLIC
INSERT INTO VEHICLES VALUES('Car32',128)
SET SCHEMA SYSTEM_LOBS
DELETE FROM LOB_IDS WHERE LOB_ID=128
INSERT INTO LOB_IDS VALUES(128,842,1,30)
COMMIT
/*C1*/INSERT INTO LOB_IDS VALUES(129,844,0,30)
ALTER SEQUENCE SYSTEM_LOBS.LOB_ID RESTART WITH 130
COMMIT
DELETE FROM BLOCKS WHERE BLOCK_ADDR=128
INSERT INTO BLOCKS VALUES(128,1,0)
INSERT INTO BLOCKS VALUES(129,2147483518,0)
DELETE FROM BLOCKS WHERE BLOCK_ADDR=128
INSERT INTO LOBS VALUES(128,1,0,129)
COMMIT
/*C59*/SET SCHEMA PUBLIC
INSERT INTO VEHICLES VALUES('Car33',129)
SET SCHEMA SYSTEM_LOBS
DELETE FROM LOB_IDS WHERE LOB_ID=129
INSERT INTO LOB_IDS VALUES(129,844,1,30)
COMMIT
/*C1*/INSERT INTO LOB_IDS VALUES(130,844,0,30)
ALTER SEQUENCE SYSTEM_LOBS.LOB_ID RESTART WITH 131
COMMIT
DELETE FROM BLOCKS WHERE BLOCK_ADDR=129
INSERT INTO BLOCKS VALUES(129,1,0)
INSERT INTO BLOCKS VALUES(130,2147483517,0)
DELETE FROM BLOCKS WHERE BLOCK_ADDR=129
INSERT INTO LOBS VALUES(129,1,0,130)
COMMIT
/*C59*/SET SCHEMA PUBLIC
INSERT INTO VEHICLES VALUES('Car34',130)
SET SCHEMA SYSTEM_LOBS
DELETE FROM LOB_IDS WHERE LOB_ID=130
INSERT INTO LOB_IDS VALUES(130,844,1,30)
COMMIT
/*C1*/INSERT INTO LOB_IDS VALUES(131,843,0,30)
ALTER SEQUENCE SYSTEM_LOBS.LOB_ID RESTART WITH 132
COMMIT
DELETE FROM BLOCKS WHERE BLOCK_ADDR=130
INSERT INTO BLOCKS VALUES(130,1,0)
INSERT INTO BLOCKS VALUES(131,2147483516,0)
DELETE FROM BLOCKS WHERE BLOCK_ADDR=130
INSERT INTO LOBS VALUES(130,1,0,131)
COMMIT
/*C59*/SET SCHEMA PUBLIC
INSERT INTO VEHICLES VALUES('Car35',131)
SET SCHEMA SYSTEM_LOBS
DELETE FROM LOB_IDS WHERE LOB_ID=131
INSERT INTO LOB_IDS VALUES(131,843,1,30)
COMMIT
/*C1*/INSERT INTO LOB_IDS VALUES(132,842,0,30)
ALTER SEQUENCE SYSTEM_LOBS.LOB_ID RESTART WITH 133
COMMIT
DELETE FROM BLOCKS WHERE BLOCK_ADDR=131
INSERT INTO BLOCKS VALUES(131,1,0)
INSERT INTO BLOCKS VALUES(132,2147483515,0)
DELETE FROM BLOCKS WHERE BLOCK_ADDR=131
INSERT INTO LOBS VALUES(131,1,0,132)
COMMIT
/*C59*/SET SCHEMA PUBLIC
INSERT INTO VEHICLES VALUES('Car36',132)
SET SCHEMA SYSTEM_LOBS
DELETE FROM LOB_IDS WHERE LOB_ID=132
INSERT INTO LOB_IDS VALUES(132,842,1,30)
COMMIT
/*C1*/INSERT INTO LOB_IDS VALUES(133,842,0,30)
ALTER SEQUENCE SYSTEM_LOBS.LOB_ID RESTART WITH 134
COMMIT
DELETE FROM BLOCKS WHERE BLOCK_ADDR=132
INSERT INTO BLOCKS VALUES(132,1,0)
INSERT INTO BLOCKS VALUES(133,2147483514,0)
DELETE FROM BLOCKS WHERE BLOCK_ADDR=132
INSERT INTO LOBS VALUES(132,1,0,133)
COMMIT
/*C59*/SET SCHEMA PUBLIC
INSERT INTO VEHICLES VALUES('Car37',133)
SET SCHEMA SYSTEM_LOBS
DELETE FROM LOB_IDS WHERE LOB_ID=133
INSERT INTO LOB_IDS VALUES(133,842,1,30)
COMMIT
/*C1*/INSERT INTO LOB_IDS VALUES(134,841,0,30)
ALTER SEQUENCE SYSTEM_LOBS.LOB_ID RESTART WITH 135
COMMIT
DELETE FROM BLOCKS WHERE BLOCK_ADDR=133
INSERT INTO BLOCKS VALUES(133,1,0)
INSERT INTO BLOCKS VALUES(134,2147483513,0)
DELETE FROM BLOCKS WHERE BLOCK_ADDR=133
INSERT INTO LOBS VALUES(133,1,0,134)
COMMIT
/*C59*/SET SCHEMA PUBLIC
INSERT INTO VEHICLES VALUES('Car8',134)
SET SCHEMA SYSTEM_LOBS
DELETE FROM LOB_IDS WHERE LOB_ID=134
INSERT INTO LOB_IDS VALUES(134,841,1,30)
COMMIT
/*C1*/INSERT INTO LOB_IDS VALUES(135,809,0,30)
ALTER SEQUENCE SYSTEM_LOBS.LOB_ID RESTART WITH 136
COMMIT
DELETE FROM BLOCKS WHERE BLOCK_ADDR=134
INSERT INTO BLOCKS VALUES(134,1,0)
INSERT INTO BLOCKS VALUES(135,2147483512,0)
DELETE FROM BLOCKS WHERE BLOCK_ADDR=134
INSERT INTO LOBS VALUES(134,1,0,135)
COMMIT
/*C59*/SET SCHEMA PUBLIC
INSERT INTO VEHICLES VALUES('Cycle3',135)
SET SCHEMA SYSTEM_LOBS
DELETE FROM LOB_IDS WHERE LOB_ID=135
INSERT INTO LOB_IDS VALUES(135,809,1,30)
COMMIT
/*C1*/INSERT INTO LOB_IDS VALUES(136,808,0,30)
ALTER SEQUENCE SYSTEM_LOBS.LOB_ID RESTART WITH 137
COMMIT
DELETE FROM BLOCKS WHERE BLOCK_ADDR=135
INSERT INTO BLOCKS VALUES(135,1,0)
INSERT INTO BLOCKS VALUES(136,2147483511,0)
DELETE FROM BLOCKS WHERE BLOCK_ADDR=135
INSERT INTO LOBS VALUES(135,1,0,136)
COMMIT
/*C59*/SET SCHEMA PUBLIC
INSERT INTO VEHICLES VALUES('Cycle4',136)
SET SCHEMA SYSTEM_LOBS
DELETE FROM LOB_IDS WHERE LOB_ID=136
INSERT INTO LOB_IDS VALUES(136,808,1,30)
COMMIT
/*C1*/INSERT INTO LOB_IDS VALUES(137,808,0,30)
ALTER SEQUENCE SYSTEM_LOBS.LOB_ID RESTART WITH 138
COMMIT
DELETE FROM BLOCKS WHERE BLOCK_ADDR=136
INSERT INTO BLOCKS VALUES(136,1,0)
INSERT INTO BLOCKS VALUES(137,2147483510,0)
DELETE FROM BLOCKS WHERE BLOCK_ADDR=136
INSERT INTO LOBS VALUES(136,1,0,137)
COMMIT
/*C59*/SET SCHEMA PUBLIC
INSERT INTO VEHICLES VALUES('Cycle5',137)
SET SCHEMA SYSTEM_LOBS
DELETE FROM LOB_IDS WHERE LOB_ID=137
INSERT INTO LOB_IDS VALUES(137,808,1,30)
COMMIT
/*C1*/INSERT INTO LOB_IDS VALUES(138,808,0,30)
ALTER SEQUENCE SYSTEM_LOBS.LOB_ID RESTART WITH 139
COMMIT
DELETE FROM BLOCKS WHERE BLOCK_ADDR=137
INSERT INTO BLOCKS VALUES(137,1,0)
INSERT INTO BLOCKS VALUES(138,2147483509,0)
DELETE FROM BLOCKS WHERE BLOCK_ADDR=137
INSERT INTO LOBS VALUES(137,1,0,138)
COMMIT
/*C59*/SET SCHEMA PUBLIC
INSERT INTO VEHICLES VALUES('Cycle6',138)
SET SCHEMA SYSTEM_LOBS
DELETE FROM LOB_IDS WHERE LOB_ID=138
INSERT INTO LOB_IDS VALUES(138,808,1,30)
COMMIT
/*C1*/INSERT INTO LOB_IDS VALUES(139,977,0,30)
ALTER SEQUENCE SYSTEM_LOBS.LOB_ID RESTART WITH 140
COMMIT
DELETE FROM BLOCKS WHERE BLOCK_ADDR=138
INSERT INTO BLOCKS VALUES(138,1,0)
INSERT INTO BLOCKS VALUES(139,2147483508,0)
DELETE FROM BLOCKS WHERE BLOCK_ADDR=138
INSERT INTO LOBS VALUES(138,1,0,139)
COMMIT
/*C59*/SET SCHEMA PUBLIC
INSERT INTO VEHICLES VALUES('Plane10',139)
SET SCHEMA SYSTEM_LOBS
DELETE FROM LOB_IDS WHERE LOB_ID=139
INSERT INTO LOB_IDS VALUES(139,977,1,30)
COMMIT
/*C1*/INSERT INTO LOB_IDS VALUES(140,982,0,30)
ALTER SEQUENCE SYSTEM_LOBS.LOB_ID RESTART WITH 141
COMMIT
DELETE FROM BLOCKS WHERE BLOCK_ADDR=139
INSERT INTO BLOCKS VALUES(139,1,0)
INSERT INTO BLOCKS VALUES(140,2147483507,0)
DELETE FROM BLOCKS WHERE BLOCK_ADDR=139
INSERT INTO LOBS VALUES(139,1,0,140)
COMMIT
/*C59*/SET SCHEMA PUBLIC
INSERT INTO VEHICLES VALUES('Plane11',140)
SET SCHEMA SYSTEM_LOBS
DELETE FROM LOB_IDS WHERE LOB_ID=140
INSERT INTO LOB_IDS VALUES(140,982,1,30)
COMMIT
/*C1*/INSERT INTO LOB_IDS VALUES(141,977,0,30)
ALTER SEQUENCE SYSTEM_LOBS.LOB_ID RESTART WITH 142
COMMIT
DELETE FROM BLOCKS WHERE BLOCK_ADDR=140
INSERT INTO BLOCKS VALUES(140,1,0)
INSERT INTO BLOCKS VALUES(141,2147483506,0)
DELETE FROM BLOCKS WHERE BLOCK_ADDR=140
INSERT INTO LOBS VALUES(140,1,0,141)
COMMIT
/*C59*/SET SCHEMA PUBLIC
INSERT INTO VEHICLES VALUES('Plane12',141)
SET SCHEMA SYSTEM_LOBS
DELETE FROM LOB_IDS WHERE LOB_ID=141
INSERT INTO LOB_IDS VALUES(141,977,1,30)
COMMIT
/*C1*/INSERT INTO LOB_IDS VALUES(142,981,0,30)
ALTER SEQUENCE SYSTEM_LOBS.LOB_ID RESTART WITH 143
COMMIT
DELETE FROM BLOCKS WHERE BLOCK_ADDR=141
INSERT INTO BLOCKS VALUES(141,1,0)
INSERT INTO BLOCKS VALUES(142,2147483505,0)
DELETE FROM BLOCKS WHERE BLOCK_ADDR=141
INSERT INTO LOBS VALUES(141,1,0,142)
COMMIT
/*C59*/SET SCHEMA PUBLIC
INSERT INTO VEHICLES VALUES('Plane2',142)
SET SCHEMA SYSTEM_LOBS
DELETE FROM LOB_IDS WHERE LOB_ID=142
INSERT INTO LOB_IDS VALUES(142,981,1,30)
COMMIT
/*C1*/INSERT INTO LOB_IDS VALUES(143,975,0,30)
ALTER SEQUENCE SYSTEM_LOBS.LOB_ID RESTART WITH 144
COMMIT
DELETE FROM BLOCKS WHERE BLOCK_ADDR=142
INSERT INTO BLOCKS VALUES(142,1,0)
INSERT INTO BLOCKS VALUES(143,2147483504,0)
DELETE FROM BLOCKS WHERE BLOCK_ADDR=142
INSERT INTO LOBS VALUES(142,1,0,143)
COMMIT
/*C59*/SET SCHEMA PUBLIC
INSERT INTO VEHICLES VALUES('Plane7',143)
SET SCHEMA SYSTEM_LOBS
DELETE FROM LOB_IDS WHERE LOB_ID=143
INSERT INTO LOB_IDS VALUES(143,975,1,30)
COMMIT
/*C1*/INSERT INTO LOB_IDS VALUES(144,976,0,30)
ALTER SEQUENCE SYSTEM_LOBS.LOB_ID RESTART WITH 145
COMMIT
DELETE FROM BLOCKS WHERE BLOCK_ADDR=143
INSERT INTO BLOCKS VALUES(143,1,0)
INSERT INTO BLOCKS VALUES(144,2147483503,0)
DELETE FROM BLOCKS WHERE BLOCK_ADDR=143
INSERT INTO LOBS VALUES(143,1,0,144)
COMMIT
/*C59*/SET SCHEMA PUBLIC
INSERT INTO VEHICLES VALUES('Plane9',144)
SET SCHEMA SYSTEM_LOBS
DELETE FROM LOB_IDS WHERE LOB_ID=144
INSERT INTO LOB_IDS VALUES(144,976,1,30)
COMMIT
/*C1*/INSERT INTO LOB_IDS VALUES(145,842,0,30)
ALTER SEQUENCE SYSTEM_LOBS.LOB_ID RESTART WITH 146
COMMIT
DELETE FROM BLOCKS WHERE BLOCK_ADDR=144
INSERT INTO BLOCKS VALUES(144,1,0)
INSERT INTO BLOCKS VALUES(145,2147483502,0)
DELETE FROM BLOCKS WHERE BLOCK_ADDR=144
INSERT INTO LOBS VALUES(144,1,0,145)
COMMIT
/*C59*/SET SCHEMA PUBLIC
INSERT INTO VEHICLES VALUES('Car38',145)
SET SCHEMA SYSTEM_LOBS
DELETE FROM LOB_IDS WHERE LOB_ID=145
INSERT INTO LOB_IDS VALUES(145,842,1,30)
COMMIT
/*C1*/INSERT INTO LOB_IDS VALUES(146,844,0,30)
ALTER SEQUENCE SYSTEM_LOBS.LOB_ID RESTART WITH 147
COMMIT
DELETE FROM BLOCKS WHERE BLOCK_ADDR=145
INSERT INTO BLOCKS VALUES(145,1,0)
INSERT INTO BLOCKS VALUES(146,2147483501,0)
DELETE FROM BLOCKS WHERE BLOCK_ADDR=145
INSERT INTO LOBS VALUES(145,1,0,146)
COMMIT
/*C59*/SET SCHEMA PUBLIC
INSERT INTO VEHICLES VALUES('Car39',146)
SET SCHEMA SYSTEM_LOBS
DELETE FROM LOB_IDS WHERE LOB_ID=146
INSERT INTO LOB_IDS VALUES(146,844,1,30)
COMMIT
/*C1*/INSERT INTO LOB_IDS VALUES(147,844,0,30)
ALTER SEQUENCE SYSTEM_LOBS.LOB_ID RESTART WITH 148
COMMIT
DELETE FROM BLOCKS WHERE BLOCK_ADDR=146
INSERT INTO BLOCKS VALUES(146,1,0)
INSERT INTO BLOCKS VALUES(147,2147483500,0)
DELETE FROM BLOCKS WHERE BLOCK_ADDR=146
INSERT INTO LOBS VALUES(146,1,0,147)
COMMIT
/*C59*/SET SCHEMA PUBLIC
INSERT INTO VEHICLES VALUES('Car40',147)
SET SCHEMA SYSTEM_LOBS
DELETE FROM LOB_IDS WHERE LOB_ID=147
INSERT INTO LOB_IDS VALUES(147,844,1,30)
COMMIT
/*C1*/INSERT INTO LOB_IDS VALUES(148,842,0,30)
ALTER SEQUENCE SYSTEM_LOBS.LOB_ID RESTART WITH 149
COMMIT
DELETE FROM BLOCKS WHERE BLOCK_ADDR=147
INSERT INTO BLOCKS VALUES(147,1,0)
INSERT INTO BLOCKS VALUES(148,2147483499,0)
DELETE FROM BLOCKS WHERE BLOCK_ADDR=147
INSERT INTO LOBS VALUES(147,1,0,148)
COMMIT
/*C59*/SET SCHEMA PUBLIC
INSERT INTO VEHICLES VALUES('Car41',148)
SET SCHEMA SYSTEM_LOBS
DELETE FROM LOB_IDS WHERE LOB_ID=148
INSERT INTO LOB_IDS VALUES(148,842,1,30)
COMMIT
/*C1*/INSERT INTO LOB_IDS VALUES(149,844,0,30)
ALTER SEQUENCE SYSTEM_LOBS.LOB_ID RESTART WITH 150
COMMIT
DELETE FROM BLOCKS WHERE BLOCK_ADDR=148
INSERT INTO BLOCKS VALUES(148,1,0)
INSERT INTO BLOCKS VALUES(149,2147483498,0)
DELETE FROM BLOCKS WHERE BLOCK_ADDR=148
INSERT INTO LOBS VALUES(148,1,0,149)
COMMIT
/*C59*/SET SCHEMA PUBLIC
INSERT INTO VEHICLES VALUES('Car42',149)
SET SCHEMA SYSTEM_LOBS
DELETE FROM LOB_IDS WHERE LOB_ID=149
INSERT INTO LOB_IDS VALUES(149,844,1,30)
COMMIT
/*C1*/INSERT INTO LOB_IDS VALUES(150,843,0,30)
ALTER SEQUENCE SYSTEM_LOBS.LOB_ID RESTART WITH 151
COMMIT
DELETE FROM BLOCKS WHERE BLOCK_ADDR=149
INSERT INTO BLOCKS VALUES(149,1,0)
INSERT INTO BLOCKS VALUES(150,2147483497,0)
DELETE FROM BLOCKS WHERE BLOCK_ADDR=149
INSERT INTO LOBS VALUES(149,1,0,150)
COMMIT
/*C59*/SET SCHEMA PUBLIC
INSERT INTO VEHICLES VALUES('Car43',150)
SET SCHEMA SYSTEM_LOBS
DELETE FROM LOB_IDS WHERE LOB_ID=150
INSERT INTO LOB_IDS VALUES(150,843,1,30)
COMMIT
/*C1*/INSERT INTO LOB_IDS VALUES(151,842,0,30)
ALTER SEQUENCE SYSTEM_LOBS.LOB_ID RESTART WITH 152
COMMIT
DELETE FROM BLOCKS WHERE BLOCK_ADDR=150
INSERT INTO BLOCKS VALUES(150,1,0)
INSERT INTO BLOCKS VALUES(151,2147483496,0)
DELETE FROM BLOCKS WHERE BLOCK_ADDR=150
INSERT INTO LOBS VALUES(150,1,0,151)
COMMIT
/*C59*/SET SCHEMA PUBLIC
INSERT INTO VEHICLES VALUES('Car44',151)
SET SCHEMA SYSTEM_LOBS
DELETE FROM LOB_IDS WHERE LOB_ID=151
INSERT INTO LOB_IDS VALUES(151,842,1,30)
COMMIT
/*C1*/INSERT INTO LOB_IDS VALUES(152,843,0,30)
ALTER SEQUENCE SYSTEM_LOBS.LOB_ID RESTART WITH 153
COMMIT
DELETE FROM BLOCKS WHERE BLOCK_ADDR=151
INSERT INTO BLOCKS VALUES(151,1,0)
INSERT INTO BLOCKS VALUES(152,2147483495,0)
DELETE FROM BLOCKS WHERE BLOCK_ADDR=151
INSERT INTO LOBS VALUES(151,1,0,152)
COMMIT
/*C59*/SET SCHEMA PUBLIC
INSERT INTO VEHICLES VALUES('Car45',152)
SET SCHEMA SYSTEM_LOBS
DELETE FROM LOB_IDS WHERE LOB_ID=152
INSERT INTO LOB_IDS VALUES(152,843,1,30)
COMMIT
/*C1*/INSERT INTO LOB_IDS VALUES(153,842,0,30)
ALTER SEQUENCE SYSTEM_LOBS.LOB_ID RESTART WITH 154
COMMIT
DELETE FROM BLOCKS WHERE BLOCK_ADDR=152
INSERT INTO BLOCKS VALUES(152,1,0)
INSERT INTO BLOCKS VALUES(153,2147483494,0)
DELETE FROM BLOCKS WHERE BLOCK_ADDR=152
INSERT INTO LOBS VALUES(152,1,0,153)
COMMIT
/*C59*/SET SCHEMA PUBLIC
INSERT INTO VEHICLES VALUES('Car46',153)
SET SCHEMA SYSTEM_LOBS
DELETE FROM LOB_IDS WHERE LOB_ID=153
INSERT INTO LOB_IDS VALUES(153,842,1,30)
COMMIT
/*C1*/INSERT INTO LOB_IDS VALUES(154,843,0,30)
ALTER SEQUENCE SYSTEM_LOBS.LOB_ID RESTART WITH 155
COMMIT
DELETE FROM BLOCKS WHERE BLOCK_ADDR=153
INSERT INTO BLOCKS VALUES(153,1,0)
INSERT INTO BLOCKS VALUES(154,2147483493,0)
DELETE FROM BLOCKS WHERE BLOCK_ADDR=153
INSERT INTO LOBS VALUES(153,1,0,154)
COMMIT
/*C59*/SET SCHEMA PUBLIC
INSERT INTO VEHICLES VALUES('Car47',154)
SET SCHEMA SYSTEM_LOBS
DELETE FROM LOB_IDS WHERE LOB_ID=154
INSERT INTO LOB_IDS VALUES(154,843,1,30)
COMMIT
/*C1*/INSERT INTO LOB_IDS VALUES(155,843,0,30)
ALTER SEQUENCE SYSTEM_LOBS.LOB_ID RESTART WITH 156
COMMIT
DELETE FROM BLOCKS WHERE BLOCK_ADDR=154
INSERT INTO BLOCKS VALUES(154,1,0)
INSERT INTO BLOCKS VALUES(155,2147483492,0)
DELETE FROM BLOCKS WHERE BLOCK_ADDR=154
INSERT INTO LOBS VALUES(154,1,0,155)
COMMIT
/*C59*/SET SCHEMA PUBLIC
INSERT INTO VEHICLES VALUES('Car48',155)
SET SCHEMA SYSTEM_LOBS
DELETE FROM LOB_IDS WHERE LOB_ID=155
INSERT INTO LOB_IDS VALUES(155,843,1,30)
COMMIT
/*C1*/INSERT INTO LOB_IDS VALUES(156,842,0,30)
ALTER SEQUENCE SYSTEM_LOBS.LOB_ID RESTART WITH 157
COMMIT
DELETE FROM BLOCKS WHERE BLOCK_ADDR=155
INSERT INTO BLOCKS VALUES(155,1,0)
INSERT INTO BLOCKS VALUES(156,2147483491,0)
DELETE FROM BLOCKS WHERE BLOCK_ADDR=155
INSERT INTO LOBS VALUES(155,1,0,156)
COMMIT
/*C59*/SET SCHEMA PUBLIC
INSERT INTO VEHICLES VALUES('Car49',156)
SET SCHEMA SYSTEM_LOBS
DELETE FROM LOB_IDS WHERE LOB_ID=156
INSERT INTO LOB_IDS VALUES(156,842,1,30)
COMMIT
/*C1*/INSERT INTO LOB_IDS VALUES(157,811,0,30)
ALTER SEQUENCE SYSTEM_LOBS.LOB_ID RESTART WITH 158
COMMIT
DELETE FROM BLOCKS WHERE BLOCK_ADDR=156
INSERT INTO BLOCKS VALUES(156,1,0)
INSERT INTO BLOCKS VALUES(157,2147483490,0)
DELETE FROM BLOCKS WHERE BLOCK_ADDR=156
INSERT INTO LOBS VALUES(156,1,0,157)
COMMIT
/*C59*/SET SCHEMA PUBLIC
INSERT INTO VEHICLES VALUES('Cycle50',157)
SET SCHEMA SYSTEM_LOBS
DELETE FROM LOB_IDS WHERE LOB_ID=157
INSERT INTO LOB_IDS VALUES(157,811,1,30)
COMMIT
/*C1*/INSERT INTO LOB_IDS VALUES(158,842,0,30)
ALTER SEQUENCE SYSTEM_LOBS.LOB_ID RESTART WITH 159
COMMIT
DELETE FROM BLOCKS WHERE BLOCK_ADDR=157
INSERT INTO BLOCKS VALUES(157,1,0)
INSERT INTO BLOCKS VALUES(158,2147483489,0)
DELETE FROM BLOCKS WHERE BLOCK_ADDR=157
INSERT INTO LOBS VALUES(157,1,0,158)
COMMIT
/*C59*/SET SCHEMA PUBLIC
INSERT INTO VEHICLES VALUES('Car51',158)
SET SCHEMA SYSTEM_LOBS
DELETE FROM LOB_IDS WHERE LOB_ID=158
INSERT INTO LOB_IDS VALUES(158,842,1,30)
COMMIT
/*C1*/INSERT INTO LOB_IDS VALUES(159,809,0,30)
ALTER SEQUENCE SYSTEM_LOBS.LOB_ID RESTART WITH 160
COMMIT
DELETE FROM BLOCKS WHERE BLOCK_ADDR=158
INSERT INTO BLOCKS VALUES(158,1,0)
INSERT INTO BLOCKS VALUES(159,2147483488,0)
DELETE FROM BLOCKS WHERE BLOCK_ADDR=158
INSERT INTO LOBS VALUES(158,1,0,159)
COMMIT
/*C59*/SET SCHEMA PUBLIC
INSERT INTO VEHICLES VALUES('Cycle52',159)
SET SCHEMA SYSTEM_LOBS
DELETE FROM LOB_IDS WHERE LOB_ID=159
INSERT INTO LOB_IDS VALUES(159,809,1,30)
COMMIT
/*C1*/INSERT INTO LOB_IDS VALUES(160,842,0,30)
ALTER SEQUENCE SYSTEM_LOBS.LOB_ID RESTART WITH 161
COMMIT
DELETE FROM BLOCKS WHERE BLOCK_ADDR=159
INSERT INTO BLOCKS VALUES(159,1,0)
INSERT INTO BLOCKS VALUES(160,2147483487,0)
DELETE FROM BLOCKS WHERE BLOCK_ADDR=159
INSERT INTO LOBS VALUES(159,1,0,160)
COMMIT
/*C59*/SET SCHEMA PUBLIC
INSERT INTO VEHICLES VALUES('Car53',160)
SET SCHEMA SYSTEM_LOBS
DELETE FROM LOB_IDS WHERE LOB_ID=160
INSERT INTO LOB_IDS VALUES(160,842,1,30)
COMMIT
/*C1*/INSERT INTO LOB_IDS VALUES(161,809,0,30)
ALTER SEQUENCE SYSTEM_LOBS.LOB_ID RESTART WITH 162
COMMIT
DELETE FROM BLOCKS WHERE BLOCK_ADDR=160
INSERT INTO BLOCKS VALUES(160,1,0)
INSERT INTO BLOCKS VALUES(161,2147483486,0)
DELETE FROM BLOCKS WHERE BLOCK_ADDR=160
INSERT INTO LOBS VALUES(160,1,0,161)
COMMIT
/*C59*/SET SCHEMA PUBLIC
INSERT INTO VEHICLES VALUES('Cycle54',161)
SET SCHEMA SYSTEM_LOBS
DELETE FROM LOB_IDS WHERE LOB_ID=161
INSERT INTO LOB_IDS VALUES(161,809,1,30)
COMMIT
/*C1*/INSERT INTO LOB_IDS VALUES(162,844,0,30)
ALTER SEQUENCE SYSTEM_LOBS.LOB_ID RESTART WITH 163
COMMIT
DELETE FROM BLOCKS WHERE BLOCK_ADDR=161
INSERT INTO BLOCKS VALUES(161,1,0)
INSERT INTO BLOCKS VALUES(162,2147483485,0)
DELETE FROM BLOCKS WHERE BLOCK_ADDR=161
INSERT INTO LOBS VALUES(161,1,0,162)
COMMIT
/*C59*/SET SCHEMA PUBLIC
INSERT INTO VEHICLES VALUES('Car55',162)
SET SCHEMA SYSTEM_LOBS
DELETE FROM LOB_IDS WHERE LOB_ID=162
INSERT INTO LOB_IDS VALUES(162,844,1,30)
COMMIT
/*C1*/INSERT INTO LOB_IDS VALUES(163,811,0,30)
ALTER SEQUENCE SYSTEM_LOBS.LOB_ID RESTART WITH 164
COMMIT
DELETE FROM BLOCKS WHERE BLOCK_ADDR=162
INSERT INTO BLOCKS VALUES(162,1,0)
INSERT INTO BLOCKS VALUES(163,2147483484,0)
DELETE FROM BLOCKS WHERE BLOCK_ADDR=162
INSERT INTO LOBS VALUES(162,1,0,163)
COMMIT
/*C59*/SET SCHEMA PUBLIC
INSERT INTO VEHICLES VALUES('Cycle56',163)
SET SCHEMA SYSTEM_LOBS
DELETE FROM LOB_IDS WHERE LOB_ID=163
INSERT INTO LOB_IDS VALUES(163,811,1,30)
COMMIT
/*C1*/INSERT INTO LOB_IDS VALUES(164,842,0,30)
ALTER SEQUENCE SYSTEM_LOBS.LOB_ID RESTART WITH 165
COMMIT
DELETE FROM BLOCKS WHERE BLOCK_ADDR=163
INSERT INTO BLOCKS VALUES(163,1,0)
INSERT INTO BLOCKS VALUES(164,2147483483,0)
DELETE FROM BLOCKS WHERE BLOCK_ADDR=163
INSERT INTO LOBS VALUES(163,1,0,164)
COMMIT
/*C59*/SET SCHEMA PUBLIC
INSERT INTO VEHICLES VALUES('Car57',164)
SET SCHEMA SYSTEM_LOBS
DELETE FROM LOB_IDS WHERE LOB_ID=164
INSERT INTO LOB_IDS VALUES(164,842,1,30)
COMMIT
/*C1*/INSERT INTO LOB_IDS VALUES(165,809,0,30)
ALTER SEQUENCE SYSTEM_LOBS.LOB_ID RESTART WITH 166
COMMIT
DELETE FROM BLOCKS WHERE BLOCK_ADDR=164
INSERT INTO BLOCKS VALUES(164,1,0)
INSERT INTO BLOCKS VALUES(165,2147483482,0)
DELETE FROM BLOCKS WHERE BLOCK_ADDR=164
INSERT INTO LOBS VALUES(164,1,0,165)
COMMIT
/*C59*/SET SCHEMA PUBLIC
INSERT INTO VEHICLES VALUES('Cycle58',165)
SET SCHEMA SYSTEM_LOBS
DELETE FROM LOB_IDS WHERE LOB_ID=165
INSERT INTO LOB_IDS VALUES(165,809,1,30)
COMMIT
/*C1*/INSERT INTO LOB_IDS VALUES(166,842,0,30)
ALTER SEQUENCE SYSTEM_LOBS.LOB_ID RESTART WITH 167
COMMIT
DELETE FROM BLOCKS WHERE BLOCK_ADDR=165
INSERT INTO BLOCKS VALUES(165,1,0)
INSERT INTO BLOCKS VALUES(166,2147483481,0)
DELETE FROM BLOCKS WHERE BLOCK_ADDR=165
INSERT INTO LOBS VALUES(165,1,0,166)
COMMIT
/*C59*/SET SCHEMA PUBLIC
INSERT INTO VEHICLES VALUES('Car59',166)
SET SCHEMA SYSTEM_LOBS
DELETE FROM LOB_IDS WHERE LOB_ID=166
INSERT INTO LOB_IDS VALUES(166,842,1,30)
COMMIT
/*C1*/INSERT INTO LOB_IDS VALUES(167,809,0,30)
ALTER SEQUENCE SYSTEM_LOBS.LOB_ID RESTART WITH 168
COMMIT
DELETE FROM BLOCKS WHERE BLOCK_ADDR=166
INSERT INTO BLOCKS VALUES(166,1,0)
INSERT INTO BLOCKS VALUES(167,2147483480,0)
DELETE FROM BLOCKS WHERE BLOCK_ADDR=166
INSERT INTO LOBS VALUES(166,1,0,167)
COMMIT
/*C59*/SET SCHEMA PUBLIC
INSERT INTO VEHICLES VALUES('Cycle60',167)
SET SCHEMA SYSTEM_LOBS
DELETE FROM LOB_IDS WHERE LOB_ID=167
INSERT INTO LOB_IDS VALUES(167,809,1,30)
COMMIT
/*C1*/INSERT INTO LOB_IDS VALUES(168,843,0,30)
ALTER SEQUENCE SYSTEM_LOBS.LOB_ID RESTART WITH 169
COMMIT
DELETE FROM BLOCKS WHERE BLOCK_ADDR=167
INSERT INTO BLOCKS VALUES(167,1,0)
INSERT INTO BLOCKS VALUES(168,2147483479,0)
DELETE FROM BLOCKS WHERE BLOCK_ADDR=167
INSERT INTO LOBS VALUES(167,1,0,168)
COMMIT
/*C59*/SET SCHEMA PUBLIC
INSERT INTO VEHICLES VALUES('Car61',168)
SET SCHEMA SYSTEM_LOBS
DELETE FROM LOB_IDS WHERE LOB_ID=168
INSERT INTO LOB_IDS VALUES(168,843,1,30)
COMMIT
/*C1*/INSERT INTO LOB_IDS VALUES(169,811,0,30)
ALTER SEQUENCE SYSTEM_LOBS.LOB_ID RESTART WITH 170
COMMIT
DELETE FROM BLOCKS WHERE BLOCK_ADDR=168
INSERT INTO BLOCKS VALUES(168,1,0)
INSERT INTO BLOCKS VALUES(169,2147483478,0)
DELETE FROM BLOCKS WHERE BLOCK_ADDR=168
INSERT INTO LOBS VALUES(168,1,0,169)
COMMIT
/*C59*/SET SCHEMA PUBLIC
INSERT INTO VEHICLES VALUES('Cycle62',169)
SET SCHEMA SYSTEM_LOBS
DELETE FROM LOB_IDS WHERE LOB_ID=169
INSERT INTO LOB_IDS VALUES(169,811,1,30)
COMMIT
/*C1*/INSERT INTO LOB_IDS VALUES(170,842,0,30)
ALTER SEQUENCE SYSTEM_LOBS.LOB_ID RESTART WITH 171
COMMIT
DELETE FROM BLOCKS WHERE BLOCK_ADDR=169
INSERT INTO BLOCKS VALUES(169,1,0)
INSERT INTO BLOCKS VALUES(170,2147483477,0)
DELETE FROM BLOCKS WHERE BLOCK_ADDR=169
INSERT INTO LOBS VALUES(169,1,0,170)
COMMIT
/*C59*/SET SCHEMA PUBLIC
INSERT INTO VEHICLES VALUES('Car63',170)
SET SCHEMA SYSTEM_LOBS
DELETE FROM LOB_IDS WHERE LOB_ID=170
INSERT INTO LOB_IDS VALUES(170,842,1,30)
COMMIT
/*C1*/INSERT INTO LOB_IDS VALUES(171,811,0,30)
ALTER SEQUENCE SYSTEM_LOBS.LOB_ID RESTART WITH 172
COMMIT
DELETE FROM BLOCKS WHERE BLOCK_ADDR=170
INSERT INTO BLOCKS VALUES(170,1,0)
INSERT INTO BLOCKS VALUES(171,2147483476,0)
DELETE FROM BLOCKS WHERE BLOCK_ADDR=170
INSERT INTO LOBS VALUES(170,1,0,171)
COMMIT
/*C59*/SET SCHEMA PUBLIC
INSERT INTO VEHICLES VALUES('Cycle64',171)
SET SCHEMA SYSTEM_LOBS
DELETE FROM LOB_IDS WHERE LOB_ID=171
INSERT INTO LOB_IDS VALUES(171,811,1,30)
COMMIT
/*C1*/INSERT INTO LOB_IDS VALUES(172,842,0,30)
ALTER SEQUENCE SYSTEM_LOBS.LOB_ID RESTART WITH 173
COMMIT
DELETE FROM BLOCKS WHERE BLOCK_ADDR=171
INSERT INTO BLOCKS VALUES(171,1,0)
INSERT INTO BLOCKS VALUES(172,2147483475,0)
DELETE FROM BLOCKS WHERE BLOCK_ADDR=171
INSERT INTO LOBS VALUES(171,1,0,172)
COMMIT
/*C59*/SET SCHEMA PUBLIC
INSERT INTO VEHICLES VALUES('Car65',172)
SET SCHEMA SYSTEM_LOBS
DELETE FROM LOB_IDS WHERE LOB_ID=172
INSERT INTO LOB_IDS VALUES(172,842,1,30)
COMMIT
/*C1*/INSERT INTO LOB_IDS VALUES(173,811,0,30)
ALTER SEQUENCE SYSTEM_LOBS.LOB_ID RESTART WITH 174
COMMIT
DELETE FROM BLOCKS WHERE BLOCK_ADDR=172
INSERT INTO BLOCKS VALUES(172,1,0)
INSERT INTO BLOCKS VALUES(173,2147483474,0)
DELETE FROM BLOCKS WHERE BLOCK_ADDR=172
INSERT INTO LOBS VALUES(172,1,0,173)
COMMIT
/*C59*/SET SCHEMA PUBLIC
INSERT INTO VEHICLES VALUES('Cycle66',173)
SET SCHEMA SYSTEM_LOBS
DELETE FROM LOB_IDS WHERE LOB_ID=173
INSERT INTO LOB_IDS VALUES(173,811,1,30)
COMMIT
/*C1*/INSERT INTO LOB_IDS VALUES(174,844,0,30)
ALTER SEQUENCE SYSTEM_LOBS.LOB_ID RESTART WITH 175
COMMIT
DELETE FROM BLOCKS WHERE BLOCK_ADDR=173
INSERT INTO BLOCKS VALUES(173,1,0)
INSERT INTO BLOCKS VALUES(174,2147483473,0)
DELETE FROM BLOCKS WHERE BLOCK_ADDR=173
INSERT INTO LOBS VALUES(173,1,0,174)
COMMIT
/*C59*/SET SCHEMA PUBLIC
INSERT INTO VEHICLES VALUES('Car67',174)
SET SCHEMA SYSTEM_LOBS
DELETE FROM LOB_IDS WHERE LOB_ID=174
INSERT INTO LOB_IDS VALUES(174,844,1,30)
COMMIT
/*C1*/INSERT INTO LOB_IDS VALUES(175,810,0,30)
ALTER SEQUENCE SYSTEM_LOBS.LOB_ID RESTART WITH 176
COMMIT
DELETE FROM BLOCKS WHERE BLOCK_ADDR=174
INSERT INTO BLOCKS VALUES(174,1,0)
INSERT INTO BLOCKS VALUES(175,2147483472,0)
DELETE FROM BLOCKS WHERE BLOCK_ADDR=174
INSERT INTO LOBS VALUES(174,1,0,175)
COMMIT
/*C59*/SET SCHEMA PUBLIC
INSERT INTO VEHICLES VALUES('Cycle68',175)
SET SCHEMA SYSTEM_LOBS
DELETE FROM LOB_IDS WHERE LOB_ID=175
INSERT INTO LOB_IDS VALUES(175,810,1,30)
COMMIT
/*C1*/INSERT INTO LOB_IDS VALUES(176,843,0,30)
ALTER SEQUENCE SYSTEM_LOBS.LOB_ID RESTART WITH 177
COMMIT
DELETE FROM BLOCKS WHERE BLOCK_ADDR=175
INSERT INTO BLOCKS VALUES(175,1,0)
INSERT INTO BLOCKS VALUES(176,2147483471,0)
DELETE FROM BLOCKS WHERE BLOCK_ADDR=175
INSERT INTO LOBS VALUES(175,1,0,176)
COMMIT
/*C59*/SET SCHEMA PUBLIC
INSERT INTO VEHICLES VALUES('Car69',176)
SET SCHEMA SYSTEM_LOBS
DELETE FROM LOB_IDS WHERE LOB_ID=176
INSERT INTO LOB_IDS VALUES(176,843,1,30)
COMMIT
/*C1*/INSERT INTO LOB_IDS VALUES(177,809,0,30)
ALTER SEQUENCE SYSTEM_LOBS.LOB_ID RESTART WITH 178
COMMIT
DELETE FROM BLOCKS WHERE BLOCK_ADDR=176
INSERT INTO BLOCKS VALUES(176,1,0)
INSERT INTO BLOCKS VALUES(177,2147483470,0)
DELETE FROM BLOCKS WHERE BLOCK_ADDR=176
INSERT INTO LOBS VALUES(176,1,0,177)
COMMIT
/*C59*/SET SCHEMA PUBLIC
INSERT INTO VEHICLES VALUES('Cycle70',177)
SET SCHEMA SYSTEM_LOBS
DELETE FROM LOB_IDS WHERE LOB_ID=177
INSERT INTO LOB_IDS VALUES(177,809,1,30)
COMMIT
/*C1*/INSERT INTO LOB_IDS VALUES(178,842,0,30)
ALTER SEQUENCE SYSTEM_LOBS.LOB_ID RESTART WITH 179
COMMIT
DELETE FROM BLOCKS WHERE BLOCK_ADDR=177
INSERT INTO BLOCKS VALUES(177,1,0)
INSERT INTO BLOCKS VALUES(178,2147483469,0)
DELETE FROM BLOCKS WHERE BLOCK_ADDR=177
INSERT INTO LOBS VALUES(177,1,0,178)
COMMIT
/*C59*/SET SCHEMA PUBLIC
INSERT INTO VEHICLES VALUES('Car71',178)
SET SCHEMA SYSTEM_LOBS
DELETE FROM LOB_IDS WHERE LOB_ID=178
INSERT INTO LOB_IDS VALUES(178,842,1,30)
COMMIT
/*C1*/INSERT INTO LOB_IDS VALUES(179,809,0,30)
ALTER SEQUENCE SYSTEM_LOBS.LOB_ID RESTART WITH 180
COMMIT
DELETE FROM BLOCKS WHERE BLOCK_ADDR=178
INSERT INTO BLOCKS VALUES(178,1,0)
INSERT INTO BLOCKS VALUES(179,2147483468,0)
DELETE FROM BLOCKS WHERE BLOCK_ADDR=178
INSERT INTO LOBS VALUES(178,1,0,179)
COMMIT
/*C59*/SET SCHEMA PUBLIC
INSERT INTO VEHICLES VALUES('Cycle72',179)
SET SCHEMA SYSTEM_LOBS
DELETE FROM LOB_IDS WHERE LOB_ID=179
INSERT INTO LOB_IDS VALUES(179,809,1,30)
COMMIT
/*C1*/INSERT INTO LOB_IDS VALUES(180,842,0,30)
ALTER SEQUENCE SYSTEM_LOBS.LOB_ID RESTART WITH 181
COMMIT
DELETE FROM BLOCKS WHERE BLOCK_ADDR=179
INSERT INTO BLOCKS VALUES(179,1,0)
INSERT INTO BLOCKS VALUES(180,2147483467,0)
DELETE FROM BLOCKS WHERE BLOCK_ADDR=179
INSERT INTO LOBS VALUES(179,1,0,180)
COMMIT
/*C59*/SET SCHEMA PUBLIC
INSERT INTO VEHICLES VALUES('Car73',180)
SET SCHEMA SYSTEM_LOBS
DELETE FROM LOB_IDS WHERE LOB_ID=180
INSERT INTO LOB_IDS VALUES(180,842,1,30)
COMMIT
/*C1*/INSERT INTO LOB_IDS VALUES(181,809,0,30)
ALTER SEQUENCE SYSTEM_LOBS.LOB_ID RESTART WITH 182
COMMIT
DELETE FROM BLOCKS WHERE BLOCK_ADDR=180
INSERT INTO BLOCKS VALUES(180,1,0)
INSERT INTO BLOCKS VALUES(181,2147483466,0)
DELETE FROM BLOCKS WHERE BLOCK_ADDR=180
INSERT INTO LOBS VALUES(180,1,0,181)
COMMIT
/*C59*/SET SCHEMA PUBLIC
INSERT INTO VEHICLES VALUES('Cycle74',181)
SET SCHEMA SYSTEM_LOBS
DELETE FROM LOB_IDS WHERE LOB_ID=181
INSERT INTO LOB_IDS VALUES(181,809,1,30)
COMMIT
/*C1*/INSERT INTO LOB_IDS VALUES(182,844,0,30)
ALTER SEQUENCE SYSTEM_LOBS.LOB_ID RESTART WITH 183
COMMIT
DELETE FROM BLOCKS WHERE BLOCK_ADDR=181
INSERT INTO BLOCKS VALUES(181,1,0)
INSERT INTO BLOCKS VALUES(182,2147483465,0)
DELETE FROM BLOCKS WHERE BLOCK_ADDR=181
INSERT INTO LOBS VALUES(181,1,0,182)
COMMIT
/*C59*/SET SCHEMA PUBLIC
INSERT INTO VEHICLES VALUES('Car75',182)
SET SCHEMA SYSTEM_LOBS
DELETE FROM LOB_IDS WHERE LOB_ID=182
INSERT INTO LOB_IDS VALUES(182,844,1,30)
COMMIT
/*C1*/INSERT INTO LOB_IDS VALUES(183,811,0,30)
ALTER SEQUENCE SYSTEM_LOBS.LOB_ID RESTART WITH 184
COMMIT
DELETE FROM BLOCKS WHERE BLOCK_ADDR=182
INSERT INTO BLOCKS VALUES(182,1,0)
INSERT INTO BLOCKS VALUES(183,2147483464,0)
DELETE FROM BLOCKS WHERE BLOCK_ADDR=182
INSERT INTO LOBS VALUES(182,1,0,183)
COMMIT
/*C59*/SET SCHEMA PUBLIC
INSERT INTO VEHICLES VALUES('Cycle76',183)
SET SCHEMA SYSTEM_LOBS
DELETE FROM LOB_IDS WHERE LOB_ID=183
INSERT INTO LOB_IDS VALUES(183,811,1,30)
COMMIT
/*C1*/INSERT INTO LOB_IDS VALUES(184,844,0,30)
ALTER SEQUENCE SYSTEM_LOBS.LOB_ID RESTART WITH 185
COMMIT
DELETE FROM BLOCKS WHERE BLOCK_ADDR=183
INSERT INTO BLOCKS VALUES(183,1,0)
INSERT INTO BLOCKS VALUES(184,2147483463,0)
DELETE FROM BLOCKS WHERE BLOCK_ADDR=183
INSERT INTO LOBS VALUES(183,1,0,184)
COMMIT
/*C59*/SET SCHEMA PUBLIC
INSERT INTO VEHICLES VALUES('Car77',184)
SET SCHEMA SYSTEM_LOBS
DELETE FROM LOB_IDS WHERE LOB_ID=184
INSERT INTO LOB_IDS VALUES(184,844,1,30)
COMMIT
/*C1*/INSERT INTO LOB_IDS VALUES(185,811,0,30)
ALTER SEQUENCE SYSTEM_LOBS.LOB_ID RESTART WITH 186
COMMIT
DELETE FROM BLOCKS WHERE BLOCK_ADDR=184
INSERT INTO BLOCKS VALUES(184,1,0)
INSERT INTO BLOCKS VALUES(185,2147483462,0)
DELETE FROM BLOCKS WHERE BLOCK_ADDR=184
INSERT INTO LOBS VALUES(184,1,0,185)
COMMIT
/*C59*/SET SCHEMA PUBLIC
INSERT INTO VEHICLES VALUES('Cycle78',185)
SET SCHEMA SYSTEM_LOBS
DELETE FROM LOB_IDS WHERE LOB_ID=185
INSERT INTO LOB_IDS VALUES(185,811,1,30)
COMMIT
/*C1*/INSERT INTO LOB_IDS VALUES(186,844,0,30)
ALTER SEQUENCE SYSTEM_LOBS.LOB_ID RESTART WITH 187
COMMIT
DELETE FROM BLOCKS WHERE BLOCK_ADDR=185
INSERT INTO BLOCKS VALUES(185,1,0)
INSERT INTO BLOCKS VALUES(186,2147483461,0)
DELETE FROM BLOCKS WHERE BLOCK_ADDR=185
INSERT INTO LOBS VALUES(185,1,0,186)
COMMIT
/*C59*/SET SCHEMA PUBLIC
INSERT INTO VEHICLES VALUES('Car79',186)
SET SCHEMA SYSTEM_LOBS
DELETE FROM LOB_IDS WHERE LOB_ID=186
INSERT INTO LOB_IDS VALUES(186,844,1,30)
COMMIT
/*C1*/INSERT INTO LOB_IDS VALUES(187,810,0,30)
ALTER SEQUENCE SYSTEM_LOBS.LOB_ID RESTART WITH 188
COMMIT
DELETE FROM BLOCKS WHERE BLOCK_ADDR=186
INSERT INTO BLOCKS VALUES(186,1,0)
INSERT INTO BLOCKS VALUES(187,2147483460,0)
DELETE FROM BLOCKS WHERE BLOCK_ADDR=186
INSERT INTO LOBS VALUES(186,1,0,187)
COMMIT
/*C59*/SET SCHEMA PUBLIC
INSERT INTO VEHICLES VALUES('Cycle80',187)
SET SCHEMA SYSTEM_LOBS
DELETE FROM LOB_IDS WHERE LOB_ID=187
INSERT INTO LOB_IDS VALUES(187,810,1,30)
COMMIT
/*C1*/INSERT INTO LOB_IDS VALUES(188,842,0,30)
ALTER SEQUENCE SYSTEM_LOBS.LOB_ID RESTART WITH 189
COMMIT
DELETE FROM BLOCKS WHERE BLOCK_ADDR=187
INSERT INTO BLOCKS VALUES(187,1,0)
INSERT INTO BLOCKS VALUES(188,2147483459,0)
DELETE FROM BLOCKS WHERE BLOCK_ADDR=187
INSERT INTO LOBS VALUES(187,1,0,188)
COMMIT
/*C59*/SET SCHEMA PUBLIC
INSERT INTO VEHICLES VALUES('Car81',188)
SET SCHEMA SYSTEM_LOBS
DELETE FROM LOB_IDS WHERE LOB_ID=188
INSERT INTO LOB_IDS VALUES(188,842,1,30)
COMMIT
/*C1*/INSERT INTO LOB_IDS VALUES(189,810,0,30)
ALTER SEQUENCE SYSTEM_LOBS.LOB_ID RESTART WITH 190
COMMIT
DELETE FROM BLOCKS WHERE BLOCK_ADDR=188
INSERT INTO BLOCKS VALUES(188,1,0)
INSERT INTO BLOCKS VALUES(189,2147483458,0)
DELETE FROM BLOCKS WHERE BLOCK_ADDR=188
INSERT INTO LOBS VALUES(188,1,0,189)
COMMIT
/*C59*/SET SCHEMA PUBLIC
INSERT INTO VEHICLES VALUES('Cycle82',189)
SET SCHEMA SYSTEM_LOBS
DELETE FROM LOB_IDS WHERE LOB_ID=189
INSERT INTO LOB_IDS VALUES(189,810,1,30)
COMMIT
/*C1*/INSERT INTO LOB_IDS VALUES(190,842,0,30)
ALTER SEQUENCE SYSTEM_LOBS.LOB_ID RESTART WITH 191
COMMIT
DELETE FROM BLOCKS WHERE BLOCK_ADDR=189
INSERT INTO BLOCKS VALUES(189,1,0)
INSERT INTO BLOCKS VALUES(190,2147483457,0)
DELETE FROM BLOCKS WHERE BLOCK_ADDR=189
INSERT INTO LOBS VALUES(189,1,0,190)
COMMIT
/*C59*/SET SCHEMA PUBLIC
INSERT INTO VEHICLES VALUES('Car83',190)
SET SCHEMA SYSTEM_LOBS
DELETE FROM LOB_IDS WHERE LOB_ID=190
INSERT INTO LOB_IDS VALUES(190,842,1,30)
COMMIT
/*C1*/INSERT INTO LOB_IDS VALUES(191,810,0,30)
ALTER SEQUENCE SYSTEM_LOBS.LOB_ID RESTART WITH 192
COMMIT
DELETE FROM BLOCKS WHERE BLOCK_ADDR=190
INSERT INTO BLOCKS VALUES(190,1,0)
INSERT INTO BLOCKS VALUES(191,2147483456,0)
DELETE FROM BLOCKS WHERE BLOCK_ADDR=190
INSERT INTO LOBS VALUES(190,1,0,191)
COMMIT
/*C59*/SET SCHEMA PUBLIC
INSERT INTO VEHICLES VALUES('Cycle84',191)
SET SCHEMA SYSTEM_LOBS
DELETE FROM LOB_IDS WHERE LOB_ID=191
INSERT INTO LOB_IDS VALUES(191,810,1,30)
COMMIT
/*C1*/INSERT INTO LOB_IDS VALUES(192,843,0,30)
ALTER SEQUENCE SYSTEM_LOBS.LOB_ID RESTART WITH 193
COMMIT
DELETE FROM BLOCKS WHERE BLOCK_ADDR=191
INSERT INTO BLOCKS VALUES(191,1,0)
INSERT INTO BLOCKS VALUES(192,2147483455,0)
DELETE FROM BLOCKS WHERE BLOCK_ADDR=191
INSERT INTO LOBS VALUES(191,1,0,192)
COMMIT
/*C59*/SET SCHEMA PUBLIC
INSERT INTO VEHICLES VALUES('Car85',192)
SET SCHEMA SYSTEM_LOBS
DELETE FROM LOB_IDS WHERE LOB_ID=192
INSERT INTO LOB_IDS VALUES(192,843,1,30)
COMMIT
/*C1*/INSERT INTO LOB_IDS VALUES(193,810,0,30)
ALTER SEQUENCE SYSTEM_LOBS.LOB_ID RESTART WITH 194
COMMIT
DELETE FROM BLOCKS WHERE BLOCK_ADDR=192
INSERT INTO BLOCKS VALUES(192,1,0)
INSERT INTO BLOCKS VALUES(193,2147483454,0)
DELETE FROM BLOCKS WHERE BLOCK_ADDR=192
INSERT INTO LOBS VALUES(192,1,0,193)
COMMIT
/*C59*/SET SCHEMA PUBLIC
INSERT INTO VEHICLES VALUES('Cycle86',193)
SET SCHEMA SYSTEM_LOBS
DELETE FROM LOB_IDS WHERE LOB_ID=193
INSERT INTO LOB_IDS VALUES(193,810,1,30)
COMMIT
/*C1*/INSERT INTO LOB_IDS VALUES(194,842,0,30)
ALTER SEQUENCE SYSTEM_LOBS.LOB_ID RESTART WITH 195
COMMIT
DELETE FROM BLOCKS WHERE BLOCK_ADDR=193
INSERT INTO BLOCKS VALUES(193,1,0)
INSERT INTO BLOCKS VALUES(194,2147483453,0)
DELETE FROM BLOCKS WHERE BLOCK_ADDR=193
INSERT INTO LOBS VALUES(193,1,0,194)
COMMIT
/*C59*/SET SCHEMA PUBLIC
INSERT INTO VEHICLES VALUES('Car87',194)
SET SCHEMA SYSTEM_LOBS
DELETE FROM LOB_IDS WHERE LOB_ID=194
INSERT INTO LOB_IDS VALUES(194,842,1,30)
COMMIT
/*C1*/INSERT INTO LOB_IDS VALUES(195,810,0,30)
ALTER SEQUENCE SYSTEM_LOBS.LOB_ID RESTART WITH 196
COMMIT
DELETE FROM BLOCKS WHERE BLOCK_ADDR=194
INSERT INTO BLOCKS VALUES(194,1,0)
INSERT INTO BLOCKS VALUES(195,2147483452,0)
DELETE FROM BLOCKS WHERE BLOCK_ADDR=194
INSERT INTO LOBS VALUES(194,1,0,195)
COMMIT
/*C59*/SET SCHEMA PUBLIC
INSERT INTO VEHICLES VALUES('Cycle88',195)
SET SCHEMA SYSTEM_LOBS
DELETE FROM LOB_IDS WHERE LOB_ID=195
INSERT INTO LOB_IDS VALUES(195,810,1,30)
COMMIT
/*C1*/INSERT INTO LOB_IDS VALUES(196,844,0,30)
ALTER SEQUENCE SYSTEM_LOBS.LOB_ID RESTART WITH 197
COMMIT
DELETE FROM BLOCKS WHERE BLOCK_ADDR=195
INSERT INTO BLOCKS VALUES(195,1,0)
INSERT INTO BLOCKS VALUES(196,2147483451,0)
DELETE FROM BLOCKS WHERE BLOCK_ADDR=195
INSERT INTO LOBS VALUES(195,1,0,196)
COMMIT
/*C59*/SET SCHEMA PUBLIC
INSERT INTO VEHICLES VALUES('Car89',196)
SET SCHEMA SYSTEM_LOBS
DELETE FROM LOB_IDS WHERE LOB_ID=196
INSERT INTO LOB_IDS VALUES(196,844,1,30)
COMMIT
/*C1*/INSERT INTO LOB_IDS VALUES(197,811,0,30)
ALTER SEQUENCE SYSTEM_LOBS.LOB_ID RESTART WITH 198
COMMIT
DELETE FROM BLOCKS WHERE BLOCK_ADDR=196
INSERT INTO BLOCKS VALUES(196,1,0)
INSERT INTO BLOCKS VALUES(197,2147483450,0)
DELETE FROM BLOCKS WHERE BLOCK_ADDR=196
INSERT INTO LOBS VALUES(196,1,0,197)
COMMIT
/*C59*/SET SCHEMA PUBLIC
INSERT INTO VEHICLES VALUES('Cycle90',197)
SET SCHEMA SYSTEM_LOBS
DELETE FROM LOB_IDS WHERE LOB_ID=197
INSERT INTO LOB_IDS VALUES(197,811,1,30)
COMMIT
/*C1*/INSERT INTO LOB_IDS VALUES(198,843,0,30)
ALTER SEQUENCE SYSTEM_LOBS.LOB_ID RESTART WITH 199
COMMIT
DELETE FROM BLOCKS WHERE BLOCK_ADDR=197
INSERT INTO BLOCKS VALUES(197,1,0)
INSERT INTO BLOCKS VALUES(198,2147483449,0)
DELETE FROM BLOCKS WHERE BLOCK_ADDR=197
INSERT INTO LOBS VALUES(197,1,0,198)
COMMIT
/*C59*/SET SCHEMA PUBLIC
INSERT INTO VEHICLES VALUES('Car91',198)
SET SCHEMA SYSTEM_LOBS
DELETE FROM LOB_IDS WHERE LOB_ID=198
INSERT INTO LOB_IDS VALUES(198,843,1,30)
COMMIT
/*C1*/INSERT INTO LOB_IDS VALUES(199,810,0,30)
ALTER SEQUENCE SYSTEM_LOBS.LOB_ID RESTART WITH 200
COMMIT
DELETE FROM BLOCKS WHERE BLOCK_ADDR=198
INSERT INTO BLOCKS VALUES(198,1,0)
INSERT INTO BLOCKS VALUES(199,2147483448,0)
DELETE FROM BLOCKS WHERE BLOCK_ADDR=198
INSERT INTO LOBS VALUES(198,1,0,199)
COMMIT
/*C59*/SET SCHEMA PUBLIC
INSERT INTO VEHICLES VALUES('Cycle92',199)
SET SCHEMA SYSTEM_LOBS
DELETE FROM LOB_IDS WHERE LOB_ID=199
INSERT INTO LOB_IDS VALUES(199,810,1,30)
COMMIT
/*C1*/INSERT INTO LOB_IDS VALUES(200,843,0,30)
ALTER SEQUENCE SYSTEM_LOBS.LOB_ID RESTART WITH 201
COMMIT
DELETE FROM BLOCKS WHERE BLOCK_ADDR=199
INSERT INTO BLOCKS VALUES(199,1,0)
INSERT INTO BLOCKS VALUES(200,2147483447,0)
DELETE FROM BLOCKS WHERE BLOCK_ADDR=199
INSERT INTO LOBS VALUES(199,1,0,200)
COMMIT
/*C59*/SET SCHEMA PUBLIC
INSERT INTO VEHICLES VALUES('Car93',200)
SET SCHEMA SYSTEM_LOBS
DELETE FROM LOB_IDS WHERE LOB_ID=200
INSERT INTO LOB_IDS VALUES(200,843,1,30)
COMMIT
/*C1*/INSERT INTO LOB_IDS VALUES(201,811,0,30)
ALTER SEQUENCE SYSTEM_LOBS.LOB_ID RESTART WITH 202
COMMIT
DELETE FROM BLOCKS WHERE BLOCK_ADDR=200
INSERT INTO BLOCKS VALUES(200,1,0)
INSERT INTO BLOCKS VALUES(201,2147483446,0)
DELETE FROM BLOCKS WHERE BLOCK_ADDR=200
INSERT INTO LOBS VALUES(200,1,0,201)
COMMIT
/*C59*/SET SCHEMA PUBLIC
INSERT INTO VEHICLES VALUES('Cycle94',201)
SET SCHEMA SYSTEM_LOBS
DELETE FROM LOB_IDS WHERE LOB_ID=201
INSERT INTO LOB_IDS VALUES(201,811,1,30)
COMMIT
/*C1*/INSERT INTO LOB_IDS VALUES(202,843,0,30)
ALTER SEQUENCE SYSTEM_LOBS.LOB_ID RESTART WITH 203
COMMIT
DELETE FROM BLOCKS WHERE BLOCK_ADDR=201
INSERT INTO BLOCKS VALUES(201,1,0)
INSERT INTO BLOCKS VALUES(202,2147483445,0)
DELETE FROM BLOCKS WHERE BLOCK_ADDR=201
INSERT INTO LOBS VALUES(201,1,0,202)
COMMIT
/*C59*/SET SCHEMA PUBLIC
INSERT INTO VEHICLES VALUES('Car95',202)
SET SCHEMA SYSTEM_LOBS
DELETE FROM LOB_IDS WHERE LOB_ID=202
INSERT INTO LOB_IDS VALUES(202,843,1,30)
COMMIT
/*C1*/INSERT INTO LOB_IDS VALUES(203,810,0,30)
ALTER SEQUENCE SYSTEM_LOBS.LOB_ID RESTART WITH 204
COMMIT
DELETE FROM BLOCKS WHERE BLOCK_ADDR=202
INSERT INTO BLOCKS VALUES(202,1,0)
INSERT INTO BLOCKS VALUES(203,2147483444,0)
DELETE FROM BLOCKS WHERE BLOCK_ADDR=202
INSERT INTO LOBS VALUES(202,1,0,203)
COMMIT
/*C59*/SET SCHEMA PUBLIC
INSERT INTO VEHICLES VALUES('Cycle96',203)
SET SCHEMA SYSTEM_LOBS
DELETE FROM LOB_IDS WHERE LOB_ID=203
INSERT INTO LOB_IDS VALUES(203,810,1,30)
COMMIT
/*C1*/INSERT INTO LOB_IDS VALUES(204,842,0,30)
ALTER SEQUENCE SYSTEM_LOBS.LOB_ID RESTART WITH 205
COMMIT
DELETE FROM BLOCKS WHERE BLOCK_ADDR=203
INSERT INTO BLOCKS VALUES(203,1,0)
INSERT INTO BLOCKS VALUES(204,2147483443,0)
DELETE FROM BLOCKS WHERE BLOCK_ADDR=203
INSERT INTO LOBS VALUES(203,1,0,204)
COMMIT
/*C59*/SET SCHEMA PUBLIC
INSERT INTO VEHICLES VALUES('Car97',204)
SET SCHEMA SYSTEM_LOBS
DELETE FROM LOB_IDS WHERE LOB_ID=204
INSERT INTO LOB_IDS VALUES(204,842,1,30)
COMMIT
/*C1*/INSERT INTO LOB_IDS VALUES(205,810,0,30)
ALTER SEQUENCE SYSTEM_LOBS.LOB_ID RESTART WITH 206
COMMIT
DELETE FROM BLOCKS WHERE BLOCK_ADDR=204
INSERT INTO BLOCKS VALUES(204,1,0)
INSERT INTO BLOCKS VALUES(205,2147483442,0)
DELETE FROM BLOCKS WHERE BLOCK_ADDR=204
INSERT INTO LOBS VALUES(204,1,0,205)
COMMIT
/*C59*/SET SCHEMA PUBLIC
INSERT INTO VEHICLES VALUES('Cycle98',205)
SET SCHEMA SYSTEM_LOBS
DELETE FROM LOB_IDS WHERE LOB_ID=205
INSERT INTO LOB_IDS VALUES(205,810,1,30)
COMMIT
/*C1*/INSERT INTO LOB_IDS VALUES(206,842,0,30)
ALTER SEQUENCE SYSTEM_LOBS.LOB_ID RESTART WITH 207
COMMIT
DELETE FROM BLOCKS WHERE BLOCK_ADDR=205
INSERT INTO BLOCKS VALUES(205,1,0)
INSERT INTO BLOCKS VALUES(206,2147483441,0)
DELETE FROM BLOCKS WHERE BLOCK_ADDR=205
INSERT INTO LOBS VALUES(205,1,0,206)
COMMIT
/*C59*/SET SCHEMA PUBLIC
INSERT INTO VEHICLES VALUES('Car99',206)
SET SCHEMA SYSTEM_LOBS
DELETE FROM LOB_IDS WHERE LOB_ID=206
INSERT INTO LOB_IDS VALUES(206,842,1,30)
COMMIT
/*C1*/INSERT INTO LOB_IDS VALUES(207,810,0,30)
ALTER SEQUENCE SYSTEM_LOBS.LOB_ID RESTART WITH 208
COMMIT
DELETE FROM BLOCKS WHERE BLOCK_ADDR=206
INSERT INTO BLOCKS VALUES(206,1,0)
INSERT INTO BLOCKS VALUES(207,2147483440,0)
DELETE FROM BLOCKS WHERE BLOCK_ADDR=206
INSERT INTO LOBS VALUES(206,1,0,207)
COMMIT
/*C59*/SET SCHEMA PUBLIC
INSERT INTO VEHICLES VALUES('Cycle100',207)
SET SCHEMA SYSTEM_LOBS
DELETE FROM LOB_IDS WHERE LOB_ID=207
INSERT INTO LOB_IDS VALUES(207,810,1,30)
COMMIT
/*C1*/INSERT INTO LOB_IDS VALUES(208,844,0,30)
ALTER SEQUENCE SYSTEM_LOBS.LOB_ID RESTART WITH 209
COMMIT
DELETE FROM BLOCKS WHERE BLOCK_ADDR=207
INSERT INTO BLOCKS VALUES(207,1,0)
INSERT INTO BLOCKS VALUES(208,2147483439,0)
DELETE FROM BLOCKS WHERE BLOCK_ADDR=207
INSERT INTO LOBS VALUES(207,1,0,208)
COMMIT
/*C59*/SET SCHEMA PUBLIC
INSERT INTO VEHICLES VALUES('Car101',208)
SET SCHEMA SYSTEM_LOBS
DELETE FROM LOB_IDS WHERE LOB_ID=208
INSERT INTO LOB_IDS VALUES(208,844,1,30)
COMMIT
/*C1*/INSERT INTO LOB_IDS VALUES(209,812,0,30)
ALTER SEQUENCE SYSTEM_LOBS.LOB_ID RESTART WITH 210
COMMIT
DELETE FROM BLOCKS WHERE BLOCK_ADDR=208
INSERT INTO BLOCKS VALUES(208,1,0)
INSERT INTO BLOCKS VALUES(209,2147483438,0)
DELETE FROM BLOCKS WHERE BLOCK_ADDR=208
INSERT INTO LOBS VALUES(208,1,0,209)
COMMIT
/*C59*/SET SCHEMA PUBLIC
INSERT INTO VEHICLES VALUES('Cycle102',209)
SET SCHEMA SYSTEM_LOBS
DELETE FROM LOB_IDS WHERE LOB_ID=209
INSERT INTO LOB_IDS VALUES(209,812,1,30)
COMMIT
/*C1*/INSERT INTO LOB_IDS VALUES(210,843,0,30)
ALTER SEQUENCE SYSTEM_LOBS.LOB_ID RESTART WITH 211
COMMIT
DELETE FROM BLOCKS WHERE BLOCK_ADDR=209
INSERT INTO BLOCKS VALUES(209,1,0)
INSERT INTO BLOCKS VALUES(210,2147483437,0)
DELETE FROM BLOCKS WHERE BLOCK_ADDR=209
INSERT INTO LOBS VALUES(209,1,0,210)
COMMIT
/*C59*/SET SCHEMA PUBLIC
INSERT INTO VEHICLES VALUES('Car103',210)
SET SCHEMA SYSTEM_LOBS
DELETE FROM LOB_IDS WHERE LOB_ID=210
INSERT INTO LOB_IDS VALUES(210,843,1,30)
COMMIT
/*C1*/INSERT INTO LOB_IDS VALUES(211,811,0,30)
ALTER SEQUENCE SYSTEM_LOBS.LOB_ID RESTART WITH 212
COMMIT
DELETE FROM BLOCKS WHERE BLOCK_ADDR=210
INSERT INTO BLOCKS VALUES(210,1,0)
INSERT INTO BLOCKS VALUES(211,2147483436,0)
DELETE FROM BLOCKS WHERE BLOCK_ADDR=210
INSERT INTO LOBS VALUES(210,1,0,211)
COMMIT
/*C59*/SET SCHEMA PUBLIC
INSERT INTO VEHICLES VALUES('Cycle104',211)
SET SCHEMA SYSTEM_LOBS
DELETE FROM LOB_IDS WHERE LOB_ID=211
INSERT INTO LOB_IDS VALUES(211,811,1,30)
COMMIT
/*C1*/INSERT INTO LOB_IDS VALUES(212,843,0,30)
ALTER SEQUENCE SYSTEM_LOBS.LOB_ID RESTART WITH 213
COMMIT
DELETE FROM BLOCKS WHERE BLOCK_ADDR=211
INSERT INTO BLOCKS VALUES(211,1,0)
INSERT INTO BLOCKS VALUES(212,2147483435,0)
DELETE FROM BLOCKS WHERE BLOCK_ADDR=211
INSERT INTO LOBS VALUES(211,1,0,212)
COMMIT
/*C59*/SET SCHEMA PUBLIC
INSERT INTO VEHICLES VALUES('Car105',212)
SET SCHEMA SYSTEM_LOBS
DELETE FROM LOB_IDS WHERE LOB_ID=212
INSERT INTO LOB_IDS VALUES(212,843,1,30)
COMMIT
/*C1*/INSERT INTO LOB_IDS VALUES(213,812,0,30)
ALTER SEQUENCE SYSTEM_LOBS.LOB_ID RESTART WITH 214
COMMIT
DELETE FROM BLOCKS WHERE BLOCK_ADDR=212
INSERT INTO BLOCKS VALUES(212,1,0)
INSERT INTO BLOCKS VALUES(213,2147483434,0)
DELETE FROM BLOCKS WHERE BLOCK_ADDR=212
INSERT INTO LOBS VALUES(212,1,0,213)
COMMIT
/*C59*/SET SCHEMA PUBLIC
INSERT INTO VEHICLES VALUES('Cycle106',213)
SET SCHEMA SYSTEM_LOBS
DELETE FROM LOB_IDS WHERE LOB_ID=213
INSERT INTO LOB_IDS VALUES(213,812,1,30)
COMMIT
/*C1*/INSERT INTO LOB_IDS VALUES(214,843,0,30)
ALTER SEQUENCE SYSTEM_LOBS.LOB_ID RESTART WITH 215
COMMIT
DELETE FROM BLOCKS WHERE BLOCK_ADDR=213
INSERT INTO BLOCKS VALUES(213,1,0)
INSERT INTO BLOCKS VALUES(214,2147483433,0)
DELETE FROM BLOCKS WHERE BLOCK_ADDR=213
INSERT INTO LOBS VALUES(213,1,0,214)
COMMIT
/*C59*/SET SCHEMA PUBLIC
INSERT INTO VEHICLES VALUES('Car107',214)
SET SCHEMA SYSTEM_LOBS
DELETE FROM LOB_IDS WHERE LOB_ID=214
INSERT INTO LOB_IDS VALUES(214,843,1,30)
COMMIT
/*C1*/INSERT INTO LOB_IDS VALUES(215,811,0,30)
ALTER SEQUENCE SYSTEM_LOBS.LOB_ID RESTART WITH 216
COMMIT
DELETE FROM BLOCKS WHERE BLOCK_ADDR=214
INSERT INTO BLOCKS VALUES(214,1,0)
INSERT INTO BLOCKS VALUES(215,2147483432,0)
DELETE FROM BLOCKS WHERE BLOCK_ADDR=214
INSERT INTO LOBS VALUES(214,1,0,215)
COMMIT
/*C59*/SET SCHEMA PUBLIC
INSERT INTO VEHICLES VALUES('Cycle108',215)
SET SCHEMA SYSTEM_LOBS
DELETE FROM LOB_IDS WHERE LOB_ID=215
INSERT INTO LOB_IDS VALUES(215,811,1,30)
COMMIT
/*C1*/INSERT INTO LOB_IDS VALUES(216,843,0,30)
ALTER SEQUENCE SYSTEM_LOBS.LOB_ID RESTART WITH 217
COMMIT
DELETE FROM BLOCKS WHERE BLOCK_ADDR=215
INSERT INTO BLOCKS VALUES(215,1,0)
INSERT INTO BLOCKS VALUES(216,2147483431,0)
DELETE FROM BLOCKS WHERE BLOCK_ADDR=215
INSERT INTO LOBS VALUES(215,1,0,216)
COMMIT
/*C59*/SET SCHEMA PUBLIC
INSERT INTO VEHICLES VALUES('Car109',216)
SET SCHEMA SYSTEM_LOBS
DELETE FROM LOB_IDS WHERE LOB_ID=216
INSERT INTO LOB_IDS VALUES(216,843,1,30)
COMMIT
SET SCHEMA PUBLIC
DISCONNECT
