/*C7*/SET SCHEMA PUBLIC
CREATE TABLE IF NOT EXISTS VEHICLES (id VARCHAR(20) NOT NULL, object BLOB NOT NULL, PRIMARY KEY(id))
Drop table Vehicles
SET SCHEMA SYSTEM_LOBS
DELETE FROM LOB_IDS WHERE LOB_ID=108
INSERT INTO LOB_IDS VALUES(108,843,0,30)
DELETE FROM LOB_IDS WHERE LOB_ID=208
INSERT INTO LOB_IDS VALUES(208,844,0,30)
DELETE FROM LOB_IDS WHERE LOB_ID=210
INSERT INTO LOB_IDS VALUES(210,843,0,30)
DELETE FROM LOB_IDS WHERE LOB_ID=212
INSERT INTO LOB_IDS VALUES(212,843,0,30)
DELETE FROM LOB_IDS WHERE LOB_ID=214
INSERT INTO LOB_IDS VALUES(214,843,0,30)
DELETE FROM LOB_IDS WHERE LOB_ID=216
INSERT INTO LOB_IDS VALUES(216,843,0,30)
DELETE FROM LOB_IDS WHERE LOB_ID=109
INSERT INTO LOB_IDS VALUES(109,843,0,30)
DELETE FROM LOB_IDS WHERE LOB_ID=110
INSERT INTO LOB_IDS VALUES(110,842,0,30)
DELETE FROM LOB_IDS WHERE LOB_ID=111
INSERT INTO LOB_IDS VALUES(111,843,0,30)
DELETE FROM LOB_IDS WHERE LOB_ID=112
INSERT INTO LOB_IDS VALUES(112,844,0,30)
DELETE FROM LOB_IDS WHERE LOB_ID=113
INSERT INTO LOB_IDS VALUES(113,843,0,30)
DELETE FROM LOB_IDS WHERE LOB_ID=114
INSERT INTO LOB_IDS VALUES(114,843,0,30)
DELETE FROM LOB_IDS WHERE LOB_ID=115
INSERT INTO LOB_IDS VALUES(115,844,0,30)
DELETE FROM LOB_IDS WHERE LOB_ID=116
INSERT INTO LOB_IDS VALUES(116,844,0,30)
DELETE FROM LOB_IDS WHERE LOB_ID=117
INSERT INTO LOB_IDS VALUES(117,842,0,30)
DELETE FROM LOB_IDS WHERE LOB_ID=118
INSERT INTO LOB_IDS VALUES(118,843,0,30)
DELETE FROM LOB_IDS WHERE LOB_ID=119
INSERT INTO LOB_IDS VALUES(119,844,0,30)
DELETE FROM LOB_IDS WHERE LOB_ID=120
INSERT INTO LOB_IDS VALUES(120,844,0,30)
DELETE FROM LOB_IDS WHERE LOB_ID=121
INSERT INTO LOB_IDS VALUES(121,842,0,30)
DELETE FROM LOB_IDS WHERE LOB_ID=122
INSERT INTO LOB_IDS VALUES(122,842,0,30)
DELETE FROM LOB_IDS WHERE LOB_ID=123
INSERT INTO LOB_IDS VALUES(123,842,0,30)
DELETE FROM LOB_IDS WHERE LOB_ID=124
INSERT INTO LOB_IDS VALUES(124,843,0,30)
DELETE FROM LOB_IDS WHERE LOB_ID=125
INSERT INTO LOB_IDS VALUES(125,842,0,30)
DELETE FROM LOB_IDS WHERE LOB_ID=126
INSERT INTO LOB_IDS VALUES(126,844,0,30)
DELETE FROM LOB_IDS WHERE LOB_ID=127
INSERT INTO LOB_IDS VALUES(127,842,0,30)
DELETE FROM LOB_IDS WHERE LOB_ID=128
INSERT INTO LOB_IDS VALUES(128,842,0,30)
DELETE FROM LOB_IDS WHERE LOB_ID=129
INSERT INTO LOB_IDS VALUES(129,844,0,30)
DELETE FROM LOB_IDS WHERE LOB_ID=130
INSERT INTO LOB_IDS VALUES(130,844,0,30)
DELETE FROM LOB_IDS WHERE LOB_ID=131
INSERT INTO LOB_IDS VALUES(131,843,0,30)
DELETE FROM LOB_IDS WHERE LOB_ID=132
INSERT INTO LOB_IDS VALUES(132,842,0,30)
DELETE FROM LOB_IDS WHERE LOB_ID=133
INSERT INTO LOB_IDS VALUES(133,842,0,30)
DELETE FROM LOB_IDS WHERE LOB_ID=145
INSERT INTO LOB_IDS VALUES(145,842,0,30)
DELETE FROM LOB_IDS WHERE LOB_ID=146
INSERT INTO LOB_IDS VALUES(146,844,0,30)
DELETE FROM LOB_IDS WHERE LOB_ID=147
INSERT INTO LOB_IDS VALUES(147,844,0,30)
DELETE FROM LOB_IDS WHERE LOB_ID=148
INSERT INTO LOB_IDS VALUES(148,842,0,30)
DELETE FROM LOB_IDS WHERE LOB_ID=149
INSERT INTO LOB_IDS VALUES(149,844,0,30)
DELETE FROM LOB_IDS WHERE LOB_ID=150
INSERT INTO LOB_IDS VALUES(150,843,0,30)
DELETE FROM LOB_IDS WHERE LOB_ID=151
INSERT INTO LOB_IDS VALUES(151,842,0,30)
DELETE FROM LOB_IDS WHERE LOB_ID=152
INSERT INTO LOB_IDS VALUES(152,843,0,30)
DELETE FROM LOB_IDS WHERE LOB_ID=153
INSERT INTO LOB_IDS VALUES(153,842,0,30)
DELETE FROM LOB_IDS WHERE LOB_ID=154
INSERT INTO LOB_IDS VALUES(154,843,0,30)
DELETE FROM LOB_IDS WHERE LOB_ID=155
INSERT INTO LOB_IDS VALUES(155,843,0,30)
DELETE FROM LOB_IDS WHERE LOB_ID=156
INSERT INTO LOB_IDS VALUES(156,842,0,30)
DELETE FROM LOB_IDS WHERE LOB_ID=158
INSERT INTO LOB_IDS VALUES(158,842,0,30)
DELETE FROM LOB_IDS WHERE LOB_ID=160
INSERT INTO LOB_IDS VALUES(160,842,0,30)
DELETE FROM LOB_IDS WHERE LOB_ID=162
INSERT INTO LOB_IDS VALUES(162,844,0,30)
DELETE FROM LOB_IDS WHERE LOB_ID=164
INSERT INTO LOB_IDS VALUES(164,842,0,30)
DELETE FROM LOB_IDS WHERE LOB_ID=166
INSERT INTO LOB_IDS VALUES(166,842,0,30)
DELETE FROM LOB_IDS WHERE LOB_ID=168
INSERT INTO LOB_IDS VALUES(168,843,0,30)
DELETE FROM LOB_IDS WHERE LOB_ID=170
INSERT INTO LOB_IDS VALUES(170,842,0,30)
DELETE FROM LOB_IDS WHERE LOB_ID=172
INSERT INTO LOB_IDS VALUES(172,842,0,30)
DELETE FROM LOB_IDS WHERE LOB_ID=174
INSERT INTO LOB_IDS VALUES(174,844,0,30)
DELETE FROM LOB_IDS WHERE LOB_ID=176
INSERT INTO LOB_IDS VALUES(176,843,0,30)
DELETE FROM LOB_IDS WHERE LOB_ID=178
INSERT INTO LOB_IDS VALUES(178,842,0,30)
DELETE FROM LOB_IDS WHERE LOB_ID=180
INSERT INTO LOB_IDS VALUES(180,842,0,30)
DELETE FROM LOB_IDS WHERE LOB_ID=182
INSERT INTO LOB_IDS VALUES(182,844,0,30)
DELETE FROM LOB_IDS WHERE LOB_ID=184
INSERT INTO LOB_IDS VALUES(184,844,0,30)
DELETE FROM LOB_IDS WHERE LOB_ID=186
INSERT INTO LOB_IDS VALUES(186,844,0,30)
DELETE FROM LOB_IDS WHERE LOB_ID=134
INSERT INTO LOB_IDS VALUES(134,841,0,30)
DELETE FROM LOB_IDS WHERE LOB_ID=188
INSERT INTO LOB_IDS VALUES(188,842,0,30)
DELETE FROM LOB_IDS WHERE LOB_ID=190
INSERT INTO LOB_IDS VALUES(190,842,0,30)
DELETE FROM LOB_IDS WHERE LOB_ID=192
INSERT INTO LOB_IDS VALUES(192,843,0,30)
DELETE FROM LOB_IDS WHERE LOB_ID=194
INSERT INTO LOB_IDS VALUES(194,842,0,30)
DELETE FROM LOB_IDS WHERE LOB_ID=196
INSERT INTO LOB_IDS VALUES(196,844,0,30)
DELETE FROM LOB_IDS WHERE LOB_ID=198
INSERT INTO LOB_IDS VALUES(198,843,0,30)
DELETE FROM LOB_IDS WHERE LOB_ID=200
INSERT INTO LOB_IDS VALUES(200,843,0,30)
DELETE FROM LOB_IDS WHERE LOB_ID=202
INSERT INTO LOB_IDS VALUES(202,843,0,30)
DELETE FROM LOB_IDS WHERE LOB_ID=204
INSERT INTO LOB_IDS VALUES(204,842,0,30)
DELETE FROM LOB_IDS WHERE LOB_ID=206
INSERT INTO LOB_IDS VALUES(206,842,0,30)
DELETE FROM LOB_IDS WHERE LOB_ID=207
INSERT INTO LOB_IDS VALUES(207,810,0,30)
DELETE FROM LOB_IDS WHERE LOB_ID=209
INSERT INTO LOB_IDS VALUES(209,812,0,30)
DELETE FROM LOB_IDS WHERE LOB_ID=211
INSERT INTO LOB_IDS VALUES(211,811,0,30)
DELETE FROM LOB_IDS WHERE LOB_ID=213
INSERT INTO LOB_IDS VALUES(213,812,0,30)
DELETE FROM LOB_IDS WHERE LOB_ID=215
INSERT INTO LOB_IDS VALUES(215,811,0,30)
DELETE FROM LOB_IDS WHERE LOB_ID=135
INSERT INTO LOB_IDS VALUES(135,809,0,30)
DELETE FROM LOB_IDS WHERE LOB_ID=136
INSERT INTO LOB_IDS VALUES(136,808,0,30)
DELETE FROM LOB_IDS WHERE LOB_ID=137
INSERT INTO LOB_IDS VALUES(137,808,0,30)
DELETE FROM LOB_IDS WHERE LOB_ID=157
INSERT INTO LOB_IDS VALUES(157,811,0,30)
DELETE FROM LOB_IDS WHERE LOB_ID=159
INSERT INTO LOB_IDS VALUES(159,809,0,30)
DELETE FROM LOB_IDS WHERE LOB_ID=161
INSERT INTO LOB_IDS VALUES(161,809,0,30)
DELETE FROM LOB_IDS WHERE LOB_ID=163
INSERT INTO LOB_IDS VALUES(163,811,0,30)
DELETE FROM LOB_IDS WHERE LOB_ID=165
INSERT INTO LOB_IDS VALUES(165,809,0,30)
DELETE FROM LOB_IDS WHERE LOB_ID=138
INSERT INTO LOB_IDS VALUES(138,808,0,30)
DELETE FROM LOB_IDS WHERE LOB_ID=167
INSERT INTO LOB_IDS VALUES(167,809,0,30)
DELETE FROM LOB_IDS WHERE LOB_ID=169
INSERT INTO LOB_IDS VALUES(169,811,0,30)
DELETE FROM LOB_IDS WHERE LOB_ID=171
INSERT INTO LOB_IDS VALUES(171,811,0,30)
DELETE FROM LOB_IDS WHERE LOB_ID=173
INSERT INTO LOB_IDS VALUES(173,811,0,30)
DELETE FROM LOB_IDS WHERE LOB_ID=175
INSERT INTO LOB_IDS VALUES(175,810,0,30)
DELETE FROM LOB_IDS WHERE LOB_ID=177
INSERT INTO LOB_IDS VALUES(177,809,0,30)
DELETE FROM LOB_IDS WHERE LOB_ID=179
INSERT INTO LOB_IDS VALUES(179,809,0,30)
DELETE FROM LOB_IDS WHERE LOB_ID=181
INSERT INTO LOB_IDS VALUES(181,809,0,30)
DELETE FROM LOB_IDS WHERE LOB_ID=183
INSERT INTO LOB_IDS VALUES(183,811,0,30)
DELETE FROM LOB_IDS WHERE LOB_ID=185
INSERT INTO LOB_IDS VALUES(185,811,0,30)
DELETE FROM LOB_IDS WHERE LOB_ID=187
INSERT INTO LOB_IDS VALUES(187,810,0,30)
DELETE FROM LOB_IDS WHERE LOB_ID=189
INSERT INTO LOB_IDS VALUES(189,810,0,30)
DELETE FROM LOB_IDS WHERE LOB_ID=191
INSERT INTO LOB_IDS VALUES(191,810,0,30)
DELETE FROM LOB_IDS WHERE LOB_ID=193
INSERT INTO LOB_IDS VALUES(193,810,0,30)
DELETE FROM LOB_IDS WHERE LOB_ID=195
INSERT INTO LOB_IDS VALUES(195,810,0,30)
DELETE FROM LOB_IDS WHERE LOB_ID=197
INSERT INTO LOB_IDS VALUES(197,811,0,30)
DELETE FROM LOB_IDS WHERE LOB_ID=199
INSERT INTO LOB_IDS VALUES(199,810,0,30)
DELETE FROM LOB_IDS WHERE LOB_ID=201
INSERT INTO LOB_IDS VALUES(201,811,0,30)
DELETE FROM LOB_IDS WHERE LOB_ID=203
INSERT INTO LOB_IDS VALUES(203,810,0,30)
DELETE FROM LOB_IDS WHERE LOB_ID=205
INSERT INTO LOB_IDS VALUES(205,810,0,30)
DELETE FROM LOB_IDS WHERE LOB_ID=139
INSERT INTO LOB_IDS VALUES(139,977,0,30)
DELETE FROM LOB_IDS WHERE LOB_ID=140
INSERT INTO LOB_IDS VALUES(140,982,0,30)
DELETE FROM LOB_IDS WHERE LOB_ID=141
INSERT INTO LOB_IDS VALUES(141,977,0,30)
DELETE FROM LOB_IDS WHERE LOB_ID=142
INSERT INTO LOB_IDS VALUES(142,981,0,30)
DELETE FROM LOB_IDS WHERE LOB_ID=143
INSERT INTO LOB_IDS VALUES(143,975,0,30)
DELETE FROM LOB_IDS WHERE LOB_ID=144
INSERT INTO LOB_IDS VALUES(144,976,0,30)
COMMIT
SET SCHEMA PUBLIC
CREATE TABLE IF NOT EXISTS VEHICLES (id VARCHAR(20) NOT NULL, object BLOB NOT NULL, PRIMARY KEY(id))
DISCONNECT
/*C8*/SET SCHEMA PUBLIC
CREATE TABLE IF NOT EXISTS VEHICLES (id VARCHAR(20) NOT NULL, object BLOB NOT NULL, PRIMARY KEY(id))
Drop table Vehicles
CREATE TABLE IF NOT EXISTS VEHICLES (id VARCHAR(20) NOT NULL, object BLOB NOT NULL, PRIMARY KEY(id))
/*C1*/SET SCHEMA SYSTEM_LOBS
INSERT INTO LOB_IDS VALUES(217,978,0,30)
ALTER SEQUENCE SYSTEM_LOBS.LOB_ID RESTART WITH 218
COMMIT
DELETE FROM BLOCKS WHERE BLOCK_ADDR=216
INSERT INTO BLOCKS VALUES(216,1,0)
INSERT INTO BLOCKS VALUES(217,2147483430,0)
DELETE FROM BLOCKS WHERE BLOCK_ADDR=216
INSERT INTO LOBS VALUES(216,1,0,217)
COMMIT
/*C8*/INSERT INTO VEHICLES VALUES('Plane1',217)
SET SCHEMA SYSTEM_LOBS
DELETE FROM LOB_IDS WHERE LOB_ID=217
INSERT INTO LOB_IDS VALUES(217,978,1,30)
COMMIT
/*C1*/INSERT INTO LOB_IDS VALUES(218,975,0,30)
ALTER SEQUENCE SYSTEM_LOBS.LOB_ID RESTART WITH 219
COMMIT
DELETE FROM BLOCKS WHERE BLOCK_ADDR=217
INSERT INTO BLOCKS VALUES(217,1,0)
INSERT INTO BLOCKS VALUES(218,2147483429,0)
DELETE FROM BLOCKS WHERE BLOCK_ADDR=217
INSERT INTO LOBS VALUES(217,1,0,218)
COMMIT
/*C8*/SET SCHEMA PUBLIC
INSERT INTO VEHICLES VALUES('Plane2',218)
SET SCHEMA SYSTEM_LOBS
DELETE FROM LOB_IDS WHERE LOB_ID=218
INSERT INTO LOB_IDS VALUES(218,975,1,30)
COMMIT
/*C1*/INSERT INTO LOB_IDS VALUES(219,974,0,30)
ALTER SEQUENCE SYSTEM_LOBS.LOB_ID RESTART WITH 220
COMMIT
DELETE FROM BLOCKS WHERE BLOCK_ADDR=218
INSERT INTO BLOCKS VALUES(218,1,0)
INSERT INTO BLOCKS VALUES(219,2147483428,0)
DELETE FROM BLOCKS WHERE BLOCK_ADDR=218
INSERT INTO LOBS VALUES(218,1,0,219)
COMMIT
/*C8*/SET SCHEMA PUBLIC
INSERT INTO VEHICLES VALUES('Plane3',219)
SET SCHEMA SYSTEM_LOBS
DELETE FROM LOB_IDS WHERE LOB_ID=219
INSERT INTO LOB_IDS VALUES(219,974,1,30)
COMMIT
/*C1*/INSERT INTO LOB_IDS VALUES(220,980,0,30)
ALTER SEQUENCE SYSTEM_LOBS.LOB_ID RESTART WITH 221
COMMIT
DELETE FROM BLOCKS WHERE BLOCK_ADDR=219
INSERT INTO BLOCKS VALUES(219,1,0)
INSERT INTO BLOCKS VALUES(220,2147483427,0)
DELETE FROM BLOCKS WHERE BLOCK_ADDR=219
INSERT INTO LOBS VALUES(219,1,0,220)
COMMIT
/*C8*/SET SCHEMA PUBLIC
INSERT INTO VEHICLES VALUES('Plane4',220)
SET SCHEMA SYSTEM_LOBS
DELETE FROM LOB_IDS WHERE LOB_ID=220
INSERT INTO LOB_IDS VALUES(220,980,1,30)
COMMIT
/*C1*/INSERT INTO LOB_IDS VALUES(221,976,0,30)
ALTER SEQUENCE SYSTEM_LOBS.LOB_ID RESTART WITH 222
COMMIT
DELETE FROM BLOCKS WHERE BLOCK_ADDR=220
INSERT INTO BLOCKS VALUES(220,1,0)
INSERT INTO BLOCKS VALUES(221,2147483426,0)
DELETE FROM BLOCKS WHERE BLOCK_ADDR=220
INSERT INTO LOBS VALUES(220,1,0,221)
COMMIT
/*C8*/SET SCHEMA PUBLIC
INSERT INTO VEHICLES VALUES('Plane5',221)
SET SCHEMA SYSTEM_LOBS
DELETE FROM LOB_IDS WHERE LOB_ID=221
INSERT INTO LOB_IDS VALUES(221,976,1,30)
COMMIT
/*C1*/INSERT INTO LOB_IDS VALUES(222,976,0,30)
ALTER SEQUENCE SYSTEM_LOBS.LOB_ID RESTART WITH 223
COMMIT
DELETE FROM BLOCKS WHERE BLOCK_ADDR=221
INSERT INTO BLOCKS VALUES(221,1,0)
INSERT INTO BLOCKS VALUES(222,2147483425,0)
DELETE FROM BLOCKS WHERE BLOCK_ADDR=221
INSERT INTO LOBS VALUES(221,1,0,222)
COMMIT
/*C8*/SET SCHEMA PUBLIC
INSERT INTO VEHICLES VALUES('Plane6',222)
SET SCHEMA SYSTEM_LOBS
DELETE FROM LOB_IDS WHERE LOB_ID=222
INSERT INTO LOB_IDS VALUES(222,976,1,30)
COMMIT
/*C1*/INSERT INTO LOB_IDS VALUES(223,976,0,30)
ALTER SEQUENCE SYSTEM_LOBS.LOB_ID RESTART WITH 224
COMMIT
DELETE FROM BLOCKS WHERE BLOCK_ADDR=222
INSERT INTO BLOCKS VALUES(222,1,0)
INSERT INTO BLOCKS VALUES(223,2147483424,0)
DELETE FROM BLOCKS WHERE BLOCK_ADDR=222
INSERT INTO LOBS VALUES(222,1,0,223)
COMMIT
/*C8*/SET SCHEMA PUBLIC
INSERT INTO VEHICLES VALUES('Plane7',223)
SET SCHEMA SYSTEM_LOBS
DELETE FROM LOB_IDS WHERE LOB_ID=223
INSERT INTO LOB_IDS VALUES(223,976,1,30)
COMMIT
/*C1*/INSERT INTO LOB_IDS VALUES(224,842,0,30)
ALTER SEQUENCE SYSTEM_LOBS.LOB_ID RESTART WITH 225
COMMIT
DELETE FROM BLOCKS WHERE BLOCK_ADDR=223
INSERT INTO BLOCKS VALUES(223,1,0)
INSERT INTO BLOCKS VALUES(224,2147483423,0)
DELETE FROM BLOCKS WHERE BLOCK_ADDR=223
INSERT INTO LOBS VALUES(223,1,0,224)
COMMIT
/*C8*/SET SCHEMA PUBLIC
INSERT INTO VEHICLES VALUES('Car8',224)
SET SCHEMA SYSTEM_LOBS
DELETE FROM LOB_IDS WHERE LOB_ID=224
INSERT INTO LOB_IDS VALUES(224,842,1,30)
COMMIT
/*C1*/INSERT INTO LOB_IDS VALUES(225,841,0,30)
ALTER SEQUENCE SYSTEM_LOBS.LOB_ID RESTART WITH 226
COMMIT
DELETE FROM BLOCKS WHERE BLOCK_ADDR=224
INSERT INTO BLOCKS VALUES(224,1,0)
INSERT INTO BLOCKS VALUES(225,2147483422,0)
DELETE FROM BLOCKS WHERE BLOCK_ADDR=224
INSERT INTO LOBS VALUES(224,1,0,225)
COMMIT
/*C8*/SET SCHEMA PUBLIC
INSERT INTO VEHICLES VALUES('Car9',225)
SET SCHEMA SYSTEM_LOBS
DELETE FROM LOB_IDS WHERE LOB_ID=225
INSERT INTO LOB_IDS VALUES(225,841,1,30)
COMMIT
/*C1*/INSERT INTO LOB_IDS VALUES(226,844,0,30)
ALTER SEQUENCE SYSTEM_LOBS.LOB_ID RESTART WITH 227
COMMIT
DELETE FROM BLOCKS WHERE BLOCK_ADDR=225
INSERT INTO BLOCKS VALUES(225,1,0)
INSERT INTO BLOCKS VALUES(226,2147483421,0)
DELETE FROM BLOCKS WHERE BLOCK_ADDR=225
INSERT INTO LOBS VALUES(225,1,0,226)
COMMIT
/*C8*/SET SCHEMA PUBLIC
INSERT INTO VEHICLES VALUES('Car10',226)
SET SCHEMA SYSTEM_LOBS
DELETE FROM LOB_IDS WHERE LOB_ID=226
INSERT INTO LOB_IDS VALUES(226,844,1,30)
COMMIT
/*C1*/INSERT INTO LOB_IDS VALUES(227,844,0,30)
ALTER SEQUENCE SYSTEM_LOBS.LOB_ID RESTART WITH 228
COMMIT
DELETE FROM BLOCKS WHERE BLOCK_ADDR=226
INSERT INTO BLOCKS VALUES(226,1,0)
INSERT INTO BLOCKS VALUES(227,2147483420,0)
DELETE FROM BLOCKS WHERE BLOCK_ADDR=226
INSERT INTO LOBS VALUES(226,1,0,227)
COMMIT
/*C8*/SET SCHEMA PUBLIC
INSERT INTO VEHICLES VALUES('Car11',227)
SET SCHEMA SYSTEM_LOBS
DELETE FROM LOB_IDS WHERE LOB_ID=227
INSERT INTO LOB_IDS VALUES(227,844,1,30)
COMMIT
/*C1*/INSERT INTO LOB_IDS VALUES(228,843,0,30)
ALTER SEQUENCE SYSTEM_LOBS.LOB_ID RESTART WITH 229
COMMIT
DELETE FROM BLOCKS WHERE BLOCK_ADDR=227
INSERT INTO BLOCKS VALUES(227,1,0)
INSERT INTO BLOCKS VALUES(228,2147483419,0)
DELETE FROM BLOCKS WHERE BLOCK_ADDR=227
INSERT INTO LOBS VALUES(227,1,0,228)
COMMIT
/*C8*/SET SCHEMA PUBLIC
INSERT INTO VEHICLES VALUES('Car12',228)
SET SCHEMA SYSTEM_LOBS
DELETE FROM LOB_IDS WHERE LOB_ID=228
INSERT INTO LOB_IDS VALUES(228,843,1,30)
COMMIT
/*C1*/INSERT INTO LOB_IDS VALUES(229,844,0,30)
ALTER SEQUENCE SYSTEM_LOBS.LOB_ID RESTART WITH 230
COMMIT
DELETE FROM BLOCKS WHERE BLOCK_ADDR=228
INSERT INTO BLOCKS VALUES(228,1,0)
INSERT INTO BLOCKS VALUES(229,2147483418,0)
DELETE FROM BLOCKS WHERE BLOCK_ADDR=228
INSERT INTO LOBS VALUES(228,1,0,229)
COMMIT
/*C8*/SET SCHEMA PUBLIC
INSERT INTO VEHICLES VALUES('Car13',229)
SET SCHEMA SYSTEM_LOBS
DELETE FROM LOB_IDS WHERE LOB_ID=229
INSERT INTO LOB_IDS VALUES(229,844,1,30)
COMMIT
SET SCHEMA PUBLIC
DISCONNECT
/*C9*/SET SCHEMA PUBLIC
CREATE TABLE IF NOT EXISTS VEHICLES (id VARCHAR(20) NOT NULL, object BLOB NOT NULL, PRIMARY KEY(id))
Drop table Vehicles
SET SCHEMA SYSTEM_LOBS
DELETE FROM LOB_IDS WHERE LOB_ID=226
INSERT INTO LOB_IDS VALUES(226,844,0,30)
DELETE FROM LOB_IDS WHERE LOB_ID=227
INSERT INTO LOB_IDS VALUES(227,844,0,30)
DELETE FROM LOB_IDS WHERE LOB_ID=228
INSERT INTO LOB_IDS VALUES(228,843,0,30)
DELETE FROM LOB_IDS WHERE LOB_ID=229
INSERT INTO LOB_IDS VALUES(229,844,0,30)
DELETE FROM LOB_IDS WHERE LOB_ID=224
INSERT INTO LOB_IDS VALUES(224,842,0,30)
DELETE FROM LOB_IDS WHERE LOB_ID=225
INSERT INTO LOB_IDS VALUES(225,841,0,30)
DELETE FROM LOB_IDS WHERE LOB_ID=217
INSERT INTO LOB_IDS VALUES(217,978,0,30)
DELETE FROM LOB_IDS WHERE LOB_ID=218
INSERT INTO LOB_IDS VALUES(218,975,0,30)
DELETE FROM LOB_IDS WHERE LOB_ID=219
INSERT INTO LOB_IDS VALUES(219,974,0,30)
DELETE FROM LOB_IDS WHERE LOB_ID=220
INSERT INTO LOB_IDS VALUES(220,980,0,30)
DELETE FROM LOB_IDS WHERE LOB_ID=221
INSERT INTO LOB_IDS VALUES(221,976,0,30)
DELETE FROM LOB_IDS WHERE LOB_ID=222
INSERT INTO LOB_IDS VALUES(222,976,0,30)
DELETE FROM LOB_IDS WHERE LOB_ID=223
INSERT INTO LOB_IDS VALUES(223,976,0,30)
COMMIT
SET SCHEMA PUBLIC
CREATE TABLE IF NOT EXISTS VEHICLES (id VARCHAR(20) NOT NULL, object BLOB NOT NULL, PRIMARY KEY(id))
/*C1*/INSERT INTO LOB_IDS VALUES(230,844,0,30)
ALTER SEQUENCE SYSTEM_LOBS.LOB_ID RESTART WITH 231
COMMIT
DELETE FROM BLOCKS WHERE BLOCK_ADDR=229
INSERT INTO BLOCKS VALUES(229,1,0)
INSERT INTO BLOCKS VALUES(230,2147483417,0)
DELETE FROM BLOCKS WHERE BLOCK_ADDR=229
INSERT INTO LOBS VALUES(229,1,0,230)
COMMIT
/*C9*/INSERT INTO VEHICLES VALUES('Car10',230)
SET SCHEMA SYSTEM_LOBS
DELETE FROM LOB_IDS WHERE LOB_ID=230
INSERT INTO LOB_IDS VALUES(230,844,1,30)
COMMIT
/*C1*/INSERT INTO LOB_IDS VALUES(231,844,0,30)
ALTER SEQUENCE SYSTEM_LOBS.LOB_ID RESTART WITH 232
COMMIT
DELETE FROM BLOCKS WHERE BLOCK_ADDR=230
INSERT INTO BLOCKS VALUES(230,1,0)
INSERT INTO BLOCKS VALUES(231,2147483416,0)
DELETE FROM BLOCKS WHERE BLOCK_ADDR=230
INSERT INTO LOBS VALUES(230,1,0,231)
COMMIT
/*C9*/SET SCHEMA PUBLIC
INSERT INTO VEHICLES VALUES('Car11',231)
SET SCHEMA SYSTEM_LOBS
DELETE FROM LOB_IDS WHERE LOB_ID=231
INSERT INTO LOB_IDS VALUES(231,844,1,30)
COMMIT
/*C1*/INSERT INTO LOB_IDS VALUES(232,843,0,30)
ALTER SEQUENCE SYSTEM_LOBS.LOB_ID RESTART WITH 233
COMMIT
DELETE FROM BLOCKS WHERE BLOCK_ADDR=231
INSERT INTO BLOCKS VALUES(231,1,0)
INSERT INTO BLOCKS VALUES(232,2147483415,0)
DELETE FROM BLOCKS WHERE BLOCK_ADDR=231
INSERT INTO LOBS VALUES(231,1,0,232)
COMMIT
/*C9*/SET SCHEMA PUBLIC
INSERT INTO VEHICLES VALUES('Car12',232)
SET SCHEMA SYSTEM_LOBS
DELETE FROM LOB_IDS WHERE LOB_ID=232
INSERT INTO LOB_IDS VALUES(232,843,1,30)
COMMIT
/*C1*/INSERT INTO LOB_IDS VALUES(233,844,0,30)
ALTER SEQUENCE SYSTEM_LOBS.LOB_ID RESTART WITH 234
COMMIT
DELETE FROM BLOCKS WHERE BLOCK_ADDR=232
INSERT INTO BLOCKS VALUES(232,1,0)
INSERT INTO BLOCKS VALUES(233,2147483414,0)
DELETE FROM BLOCKS WHERE BLOCK_ADDR=232
INSERT INTO LOBS VALUES(232,1,0,233)
COMMIT
/*C9*/SET SCHEMA PUBLIC
INSERT INTO VEHICLES VALUES('Car13',233)
SET SCHEMA SYSTEM_LOBS
DELETE FROM LOB_IDS WHERE LOB_ID=233
INSERT INTO LOB_IDS VALUES(233,844,1,30)
COMMIT
/*C1*/INSERT INTO LOB_IDS VALUES(234,842,0,30)
ALTER SEQUENCE SYSTEM_LOBS.LOB_ID RESTART WITH 235
COMMIT
DELETE FROM BLOCKS WHERE BLOCK_ADDR=233
INSERT INTO BLOCKS VALUES(233,1,0)
INSERT INTO BLOCKS VALUES(234,2147483413,0)
DELETE FROM BLOCKS WHERE BLOCK_ADDR=233
INSERT INTO LOBS VALUES(233,1,0,234)
COMMIT
/*C9*/SET SCHEMA PUBLIC
INSERT INTO VEHICLES VALUES('Car8',234)
SET SCHEMA SYSTEM_LOBS
DELETE FROM LOB_IDS WHERE LOB_ID=234
INSERT INTO LOB_IDS VALUES(234,842,1,30)
COMMIT
/*C1*/INSERT INTO LOB_IDS VALUES(235,841,0,30)
ALTER SEQUENCE SYSTEM_LOBS.LOB_ID RESTART WITH 236
COMMIT
DELETE FROM BLOCKS WHERE BLOCK_ADDR=234
INSERT INTO BLOCKS VALUES(234,1,0)
INSERT INTO BLOCKS VALUES(235,2147483412,0)
DELETE FROM BLOCKS WHERE BLOCK_ADDR=234
INSERT INTO LOBS VALUES(234,1,0,235)
COMMIT
/*C9*/SET SCHEMA PUBLIC
INSERT INTO VEHICLES VALUES('Car9',235)
SET SCHEMA SYSTEM_LOBS
DELETE FROM LOB_IDS WHERE LOB_ID=235
INSERT INTO LOB_IDS VALUES(235,841,1,30)
COMMIT
/*C1*/INSERT INTO LOB_IDS VALUES(236,978,0,30)
ALTER SEQUENCE SYSTEM_LOBS.LOB_ID RESTART WITH 237
COMMIT
DELETE FROM BLOCKS WHERE BLOCK_ADDR=235
INSERT INTO BLOCKS VALUES(235,1,0)
INSERT INTO BLOCKS VALUES(236,2147483411,0)
DELETE FROM BLOCKS WHERE BLOCK_ADDR=235
INSERT INTO LOBS VALUES(235,1,0,236)
COMMIT
/*C9*/SET SCHEMA PUBLIC
INSERT INTO VEHICLES VALUES('Plane1',236)
SET SCHEMA SYSTEM_LOBS
DELETE FROM LOB_IDS WHERE LOB_ID=236
INSERT INTO LOB_IDS VALUES(236,978,1,30)
COMMIT
/*C1*/INSERT INTO LOB_IDS VALUES(237,975,0,30)
ALTER SEQUENCE SYSTEM_LOBS.LOB_ID RESTART WITH 238
COMMIT
DELETE FROM BLOCKS WHERE BLOCK_ADDR=236
INSERT INTO BLOCKS VALUES(236,1,0)
INSERT INTO BLOCKS VALUES(237,2147483410,0)
DELETE FROM BLOCKS WHERE BLOCK_ADDR=236
INSERT INTO LOBS VALUES(236,1,0,237)
COMMIT
/*C9*/SET SCHEMA PUBLIC
INSERT INTO VEHICLES VALUES('Plane2',237)
SET SCHEMA SYSTEM_LOBS
DELETE FROM LOB_IDS WHERE LOB_ID=237
INSERT INTO LOB_IDS VALUES(237,975,1,30)
COMMIT
/*C1*/INSERT INTO LOB_IDS VALUES(238,974,0,30)
ALTER SEQUENCE SYSTEM_LOBS.LOB_ID RESTART WITH 239
COMMIT
DELETE FROM BLOCKS WHERE BLOCK_ADDR=237
INSERT INTO BLOCKS VALUES(237,1,0)
INSERT INTO BLOCKS VALUES(238,2147483409,0)
DELETE FROM BLOCKS WHERE BLOCK_ADDR=237
INSERT INTO LOBS VALUES(237,1,0,238)
COMMIT
/*C9*/SET SCHEMA PUBLIC
INSERT INTO VEHICLES VALUES('Plane3',238)
SET SCHEMA SYSTEM_LOBS
DELETE FROM LOB_IDS WHERE LOB_ID=238
INSERT INTO LOB_IDS VALUES(238,974,1,30)
COMMIT
/*C1*/INSERT INTO LOB_IDS VALUES(239,980,0,30)
ALTER SEQUENCE SYSTEM_LOBS.LOB_ID RESTART WITH 240
COMMIT
DELETE FROM BLOCKS WHERE BLOCK_ADDR=238
INSERT INTO BLOCKS VALUES(238,1,0)
INSERT INTO BLOCKS VALUES(239,2147483408,0)
DELETE FROM BLOCKS WHERE BLOCK_ADDR=238
INSERT INTO LOBS VALUES(238,1,0,239)
COMMIT
/*C9*/SET SCHEMA PUBLIC
INSERT INTO VEHICLES VALUES('Plane4',239)
SET SCHEMA SYSTEM_LOBS
DELETE FROM LOB_IDS WHERE LOB_ID=239
INSERT INTO LOB_IDS VALUES(239,980,1,30)
COMMIT
/*C1*/INSERT INTO LOB_IDS VALUES(240,976,0,30)
ALTER SEQUENCE SYSTEM_LOBS.LOB_ID RESTART WITH 241
COMMIT
DELETE FROM BLOCKS WHERE BLOCK_ADDR=239
INSERT INTO BLOCKS VALUES(239,1,0)
INSERT INTO BLOCKS VALUES(240,2147483407,0)
DELETE FROM BLOCKS WHERE BLOCK_ADDR=239
INSERT INTO LOBS VALUES(239,1,0,240)
COMMIT
/*C9*/SET SCHEMA PUBLIC
INSERT INTO VEHICLES VALUES('Plane5',240)
SET SCHEMA SYSTEM_LOBS
DELETE FROM LOB_IDS WHERE LOB_ID=240
INSERT INTO LOB_IDS VALUES(240,976,1,30)
COMMIT
/*C1*/INSERT INTO LOB_IDS VALUES(241,976,0,30)
ALTER SEQUENCE SYSTEM_LOBS.LOB_ID RESTART WITH 242
COMMIT
DELETE FROM BLOCKS WHERE BLOCK_ADDR=240
INSERT INTO BLOCKS VALUES(240,1,0)
INSERT INTO BLOCKS VALUES(241,2147483406,0)
DELETE FROM BLOCKS WHERE BLOCK_ADDR=240
INSERT INTO LOBS VALUES(240,1,0,241)
COMMIT
/*C9*/SET SCHEMA PUBLIC
INSERT INTO VEHICLES VALUES('Plane6',241)
SET SCHEMA SYSTEM_LOBS
DELETE FROM LOB_IDS WHERE LOB_ID=241
INSERT INTO LOB_IDS VALUES(241,976,1,30)
COMMIT
/*C1*/INSERT INTO LOB_IDS VALUES(242,976,0,30)
ALTER SEQUENCE SYSTEM_LOBS.LOB_ID RESTART WITH 243
COMMIT
DELETE FROM BLOCKS WHERE BLOCK_ADDR=241
INSERT INTO BLOCKS VALUES(241,1,0)
INSERT INTO BLOCKS VALUES(242,2147483405,0)
DELETE FROM BLOCKS WHERE BLOCK_ADDR=241
INSERT INTO LOBS VALUES(241,1,0,242)
COMMIT
/*C9*/SET SCHEMA PUBLIC
INSERT INTO VEHICLES VALUES('Plane7',242)
SET SCHEMA SYSTEM_LOBS
DELETE FROM LOB_IDS WHERE LOB_ID=242
INSERT INTO LOB_IDS VALUES(242,976,1,30)
COMMIT
SET SCHEMA PUBLIC
DISCONNECT
